[DEBUG] 2024-02-09 16:16:34.767 [main] IntegratorServiceImpl - Adding Integrator [org.hibernate.boot.beanvalidation.BeanValidationIntegrator].
[DEBUG] 2024-02-09 16:16:34.770 [main] IntegratorServiceImpl - Adding Integrator [org.hibernate.cache.internal.CollectionCacheInvalidator].
[INFO ] 2024-02-09 16:16:34.782 [main] Version - HHH000412: Hibernate ORM core version 6.4.3.Final
[DEBUG] 2024-02-09 16:16:34.782 [main] Environment - HHH000206: 'hibernate.properties' not found
[DEBUG] 2024-02-09 16:16:34.806 [main] LocalXmlResourceResolver - Checking public/system identifiers `-//Hibernate/Hibernate Configuration DTD//EN`/`http://www.hibernate.org/dtd/hibernate-configuration-3.0.dtd` as DTD references
[DEBUG] 2024-02-09 16:16:34.810 [main] JaxbCfgProcessor - cfg.xml document did not define namespaces; wrapping in custom event reader to introduce namespace information
[DEBUG] 2024-02-09 16:16:34.904 [main] factory - Ignoring CDI for resolving IdentifierGenerator instances as extended or delayed CDI support was enabled
[DEBUG] 2024-02-09 16:16:34.905 [main] factory - Registering IdentifierGenerator strategy [uuid2] -> [org.hibernate.id.UUIDGenerator]
[DEBUG] 2024-02-09 16:16:34.905 [main] factory - Registering IdentifierGenerator strategy [guid] -> [org.hibernate.id.GUIDGenerator]
[DEBUG] 2024-02-09 16:16:34.905 [main] factory - Registering IdentifierGenerator strategy [uuid] -> [org.hibernate.id.UUIDHexGenerator]
[DEBUG] 2024-02-09 16:16:34.905 [main] factory - Registering IdentifierGenerator strategy [uuid.hex] -> [org.hibernate.id.UUIDHexGenerator]
[DEBUG] 2024-02-09 16:16:34.905 [main] factory - Registering IdentifierGenerator strategy [assigned] -> [org.hibernate.id.Assigned]
[DEBUG] 2024-02-09 16:16:34.906 [main] factory - Registering IdentifierGenerator strategy [identity] -> [org.hibernate.id.IdentityGenerator]
[DEBUG] 2024-02-09 16:16:34.906 [main] factory - Registering IdentifierGenerator strategy [select] -> [org.hibernate.id.SelectGenerator]
[DEBUG] 2024-02-09 16:16:34.906 [main] factory - Registering IdentifierGenerator strategy [sequence] -> [org.hibernate.id.enhanced.SequenceStyleGenerator]
[DEBUG] 2024-02-09 16:16:34.907 [main] factory - Registering IdentifierGenerator strategy [increment] -> [org.hibernate.id.IncrementGenerator]
[DEBUG] 2024-02-09 16:16:34.907 [main] factory - Registering IdentifierGenerator strategy [foreign] -> [org.hibernate.id.ForeignGenerator]
[DEBUG] 2024-02-09 16:16:34.907 [main] factory - Registering IdentifierGenerator strategy [enhanced-sequence] -> [org.hibernate.id.enhanced.SequenceStyleGenerator]
[DEBUG] 2024-02-09 16:16:34.907 [main] factory - Registering IdentifierGenerator strategy [enhanced-table] -> [org.hibernate.id.enhanced.TableGenerator]
[DEBUG] 2024-02-09 16:16:34.911 [main] RegionFactoryInitiator - Cannot default RegionFactory based on registered strategies as `[]` RegionFactory strategies were registered
[INFO ] 2024-02-09 16:16:34.911 [main] RegionFactoryInitiator - HHH000026: Second-level cache disabled
[DEBUG] 2024-02-09 16:16:34.948 [main] BasicTypeRegistry - Adding type registration boolean -> org.hibernate.type.BasicTypeReference@149debbb
[DEBUG] 2024-02-09 16:16:34.948 [main] BasicTypeRegistry - Adding type registration boolean -> org.hibernate.type.BasicTypeReference@149debbb
[DEBUG] 2024-02-09 16:16:34.948 [main] BasicTypeRegistry - Adding type registration java.lang.Boolean -> org.hibernate.type.BasicTypeReference@149debbb
[DEBUG] 2024-02-09 16:16:34.948 [main] BasicTypeRegistry - Adding type registration numeric_boolean -> org.hibernate.type.BasicTypeReference@25cd49a4
[DEBUG] 2024-02-09 16:16:34.948 [main] BasicTypeRegistry - Adding type registration org.hibernate.type.NumericBooleanConverter -> org.hibernate.type.BasicTypeReference@25cd49a4
[DEBUG] 2024-02-09 16:16:34.948 [main] BasicTypeRegistry - Adding type registration true_false -> org.hibernate.type.BasicTypeReference@5477a1ca
[DEBUG] 2024-02-09 16:16:34.948 [main] BasicTypeRegistry - Adding type registration org.hibernate.type.TrueFalseConverter -> org.hibernate.type.BasicTypeReference@5477a1ca
[DEBUG] 2024-02-09 16:16:34.948 [main] BasicTypeRegistry - Adding type registration yes_no -> org.hibernate.type.BasicTypeReference@3ae9d1e2
[DEBUG] 2024-02-09 16:16:34.948 [main] BasicTypeRegistry - Adding type registration org.hibernate.type.YesNoConverter -> org.hibernate.type.BasicTypeReference@3ae9d1e2
[DEBUG] 2024-02-09 16:16:34.948 [main] BasicTypeRegistry - Adding type registration byte -> org.hibernate.type.BasicTypeReference@41522537
[DEBUG] 2024-02-09 16:16:34.948 [main] BasicTypeRegistry - Adding type registration byte -> org.hibernate.type.BasicTypeReference@41522537
[DEBUG] 2024-02-09 16:16:34.948 [main] BasicTypeRegistry - Adding type registration java.lang.Byte -> org.hibernate.type.BasicTypeReference@41522537
[DEBUG] 2024-02-09 16:16:34.948 [main] BasicTypeRegistry - Adding type registration binary -> org.hibernate.type.BasicTypeReference@e9dc4d0
[DEBUG] 2024-02-09 16:16:34.948 [main] BasicTypeRegistry - Adding type registration byte[] -> org.hibernate.type.BasicTypeReference@e9dc4d0
[DEBUG] 2024-02-09 16:16:34.949 [main] BasicTypeRegistry - Adding type registration [B -> org.hibernate.type.BasicTypeReference@e9dc4d0
[DEBUG] 2024-02-09 16:16:34.949 [main] BasicTypeRegistry - Adding type registration binary_wrapper -> org.hibernate.type.BasicTypeReference@670d4d38
[DEBUG] 2024-02-09 16:16:34.949 [main] BasicTypeRegistry - Adding type registration wrapper-binary -> org.hibernate.type.BasicTypeReference@670d4d38
[DEBUG] 2024-02-09 16:16:34.949 [main] BasicTypeRegistry - Adding type registration image -> org.hibernate.type.BasicTypeReference@131ff6fa
[DEBUG] 2024-02-09 16:16:34.949 [main] BasicTypeRegistry - Adding type registration blob -> org.hibernate.type.BasicTypeReference@43b40233
[DEBUG] 2024-02-09 16:16:34.949 [main] BasicTypeRegistry - Adding type registration java.sql.Blob -> org.hibernate.type.BasicTypeReference@43b40233
[DEBUG] 2024-02-09 16:16:34.949 [main] BasicTypeRegistry - Adding type registration materialized_blob -> org.hibernate.type.BasicTypeReference@23eff5d1
[DEBUG] 2024-02-09 16:16:34.949 [main] BasicTypeRegistry - Adding type registration materialized_blob_wrapper -> org.hibernate.type.BasicTypeReference@2e060819
[DEBUG] 2024-02-09 16:16:34.949 [main] BasicTypeRegistry - Adding type registration short -> org.hibernate.type.BasicTypeReference@42c28305
[DEBUG] 2024-02-09 16:16:34.949 [main] BasicTypeRegistry - Adding type registration short -> org.hibernate.type.BasicTypeReference@42c28305
[DEBUG] 2024-02-09 16:16:34.949 [main] BasicTypeRegistry - Adding type registration java.lang.Short -> org.hibernate.type.BasicTypeReference@42c28305
[DEBUG] 2024-02-09 16:16:34.949 [main] BasicTypeRegistry - Adding type registration integer -> org.hibernate.type.BasicTypeReference@2184b4f4
[DEBUG] 2024-02-09 16:16:34.949 [main] BasicTypeRegistry - Adding type registration int -> org.hibernate.type.BasicTypeReference@2184b4f4
[DEBUG] 2024-02-09 16:16:34.949 [main] BasicTypeRegistry - Adding type registration java.lang.Integer -> org.hibernate.type.BasicTypeReference@2184b4f4
[DEBUG] 2024-02-09 16:16:34.949 [main] BasicTypeRegistry - Adding type registration long -> org.hibernate.type.BasicTypeReference@7d199c68
[DEBUG] 2024-02-09 16:16:34.949 [main] BasicTypeRegistry - Adding type registration long -> org.hibernate.type.BasicTypeReference@7d199c68
[DEBUG] 2024-02-09 16:16:34.949 [main] BasicTypeRegistry - Adding type registration java.lang.Long -> org.hibernate.type.BasicTypeReference@7d199c68
[DEBUG] 2024-02-09 16:16:34.949 [main] BasicTypeRegistry - Adding type registration float -> org.hibernate.type.BasicTypeReference@63411512
[DEBUG] 2024-02-09 16:16:34.949 [main] BasicTypeRegistry - Adding type registration float -> org.hibernate.type.BasicTypeReference@63411512
[DEBUG] 2024-02-09 16:16:34.949 [main] BasicTypeRegistry - Adding type registration java.lang.Float -> org.hibernate.type.BasicTypeReference@63411512
[DEBUG] 2024-02-09 16:16:34.949 [main] BasicTypeRegistry - Adding type registration double -> org.hibernate.type.BasicTypeReference@35cd68d4
[DEBUG] 2024-02-09 16:16:34.949 [main] BasicTypeRegistry - Adding type registration double -> org.hibernate.type.BasicTypeReference@35cd68d4
[DEBUG] 2024-02-09 16:16:34.949 [main] BasicTypeRegistry - Adding type registration java.lang.Double -> org.hibernate.type.BasicTypeReference@35cd68d4
[DEBUG] 2024-02-09 16:16:34.949 [main] BasicTypeRegistry - Adding type registration big_integer -> org.hibernate.type.BasicTypeReference@316a598d
[DEBUG] 2024-02-09 16:16:34.949 [main] BasicTypeRegistry - Adding type registration java.math.BigInteger -> org.hibernate.type.BasicTypeReference@316a598d
[DEBUG] 2024-02-09 16:16:34.949 [main] BasicTypeRegistry - Adding type registration big_decimal -> org.hibernate.type.BasicTypeReference@216914
[DEBUG] 2024-02-09 16:16:34.949 [main] BasicTypeRegistry - Adding type registration java.math.BigDecimal -> org.hibernate.type.BasicTypeReference@216914
[DEBUG] 2024-02-09 16:16:34.949 [main] BasicTypeRegistry - Adding type registration character -> org.hibernate.type.BasicTypeReference@6ba30587
[DEBUG] 2024-02-09 16:16:34.950 [main] BasicTypeRegistry - Adding type registration char -> org.hibernate.type.BasicTypeReference@6ba30587
[DEBUG] 2024-02-09 16:16:34.950 [main] BasicTypeRegistry - Adding type registration java.lang.Character -> org.hibernate.type.BasicTypeReference@6ba30587
[DEBUG] 2024-02-09 16:16:34.950 [main] BasicTypeRegistry - Adding type registration character_nchar -> org.hibernate.type.BasicTypeReference@35764bef
[DEBUG] 2024-02-09 16:16:34.950 [main] BasicTypeRegistry - Adding type registration string -> org.hibernate.type.BasicTypeReference@5633dafd
[DEBUG] 2024-02-09 16:16:34.950 [main] BasicTypeRegistry - Adding type registration java.lang.String -> org.hibernate.type.BasicTypeReference@5633dafd
[DEBUG] 2024-02-09 16:16:34.950 [main] BasicTypeRegistry - Adding type registration nstring -> org.hibernate.type.BasicTypeReference@5d5160e6
[DEBUG] 2024-02-09 16:16:34.950 [main] BasicTypeRegistry - Adding type registration characters -> org.hibernate.type.BasicTypeReference@2eadc9f6
[DEBUG] 2024-02-09 16:16:34.950 [main] BasicTypeRegistry - Adding type registration char[] -> org.hibernate.type.BasicTypeReference@2eadc9f6
[DEBUG] 2024-02-09 16:16:34.950 [main] BasicTypeRegistry - Adding type registration [C -> org.hibernate.type.BasicTypeReference@2eadc9f6
[DEBUG] 2024-02-09 16:16:34.950 [main] BasicTypeRegistry - Adding type registration wrapper-characters -> org.hibernate.type.BasicTypeReference@2903c6ff
[DEBUG] 2024-02-09 16:16:34.950 [main] BasicTypeRegistry - Adding type registration text -> org.hibernate.type.BasicTypeReference@61af1510
[DEBUG] 2024-02-09 16:16:34.950 [main] BasicTypeRegistry - Adding type registration ntext -> org.hibernate.type.BasicTypeReference@37af1f93
[DEBUG] 2024-02-09 16:16:34.950 [main] BasicTypeRegistry - Adding type registration clob -> org.hibernate.type.BasicTypeReference@778d82e9
[DEBUG] 2024-02-09 16:16:34.950 [main] BasicTypeRegistry - Adding type registration java.sql.Clob -> org.hibernate.type.BasicTypeReference@778d82e9
[DEBUG] 2024-02-09 16:16:34.950 [main] BasicTypeRegistry - Adding type registration nclob -> org.hibernate.type.BasicTypeReference@408e96d9
[DEBUG] 2024-02-09 16:16:34.950 [main] BasicTypeRegistry - Adding type registration java.sql.NClob -> org.hibernate.type.BasicTypeReference@408e96d9
[DEBUG] 2024-02-09 16:16:34.950 [main] BasicTypeRegistry - Adding type registration materialized_clob -> org.hibernate.type.BasicTypeReference@59901c4d
[DEBUG] 2024-02-09 16:16:34.950 [main] BasicTypeRegistry - Adding type registration materialized_clob_char_array -> org.hibernate.type.BasicTypeReference@168cd36b
[DEBUG] 2024-02-09 16:16:34.950 [main] BasicTypeRegistry - Adding type registration materialized_clob_character_array -> org.hibernate.type.BasicTypeReference@d8d9199
[DEBUG] 2024-02-09 16:16:34.950 [main] BasicTypeRegistry - Adding type registration materialized_nclob -> org.hibernate.type.BasicTypeReference@3901f6af
[DEBUG] 2024-02-09 16:16:34.950 [main] BasicTypeRegistry - Adding type registration materialized_nclob_character_array -> org.hibernate.type.BasicTypeReference@602ae7b6
[DEBUG] 2024-02-09 16:16:34.950 [main] BasicTypeRegistry - Adding type registration materialized_nclob_char_array -> org.hibernate.type.BasicTypeReference@10cd6753
[DEBUG] 2024-02-09 16:16:34.950 [main] BasicTypeRegistry - Adding type registration Duration -> org.hibernate.type.BasicTypeReference@71ad3d8a
[DEBUG] 2024-02-09 16:16:34.950 [main] BasicTypeRegistry - Adding type registration java.time.Duration -> org.hibernate.type.BasicTypeReference@71ad3d8a
[DEBUG] 2024-02-09 16:16:34.950 [main] BasicTypeRegistry - Adding type registration LocalDateTime -> org.hibernate.type.BasicTypeReference@47af099e
[DEBUG] 2024-02-09 16:16:34.950 [main] BasicTypeRegistry - Adding type registration java.time.LocalDateTime -> org.hibernate.type.BasicTypeReference@47af099e
[DEBUG] 2024-02-09 16:16:34.950 [main] BasicTypeRegistry - Adding type registration LocalDate -> org.hibernate.type.BasicTypeReference@700f518a
[DEBUG] 2024-02-09 16:16:34.950 [main] BasicTypeRegistry - Adding type registration java.time.LocalDate -> org.hibernate.type.BasicTypeReference@700f518a
[DEBUG] 2024-02-09 16:16:34.951 [main] BasicTypeRegistry - Adding type registration LocalTime -> org.hibernate.type.BasicTypeReference@b835727
[DEBUG] 2024-02-09 16:16:34.951 [main] BasicTypeRegistry - Adding type registration java.time.LocalTime -> org.hibernate.type.BasicTypeReference@b835727
[DEBUG] 2024-02-09 16:16:34.951 [main] BasicTypeRegistry - Adding type registration OffsetDateTime -> org.hibernate.type.BasicTypeReference@13da7ab0
[DEBUG] 2024-02-09 16:16:34.951 [main] BasicTypeRegistry - Adding type registration java.time.OffsetDateTime -> org.hibernate.type.BasicTypeReference@13da7ab0
[DEBUG] 2024-02-09 16:16:34.951 [main] BasicTypeRegistry - Adding type registration OffsetDateTimeWithTimezone -> org.hibernate.type.BasicTypeReference@2c8662ac
[DEBUG] 2024-02-09 16:16:34.951 [main] BasicTypeRegistry - Adding type registration OffsetDateTimeWithoutTimezone -> org.hibernate.type.BasicTypeReference@260ff5b7
[DEBUG] 2024-02-09 16:16:34.951 [main] BasicTypeRegistry - Adding type registration OffsetTime -> org.hibernate.type.BasicTypeReference@3724b43e
[DEBUG] 2024-02-09 16:16:34.951 [main] BasicTypeRegistry - Adding type registration java.time.OffsetTime -> org.hibernate.type.BasicTypeReference@3724b43e
[DEBUG] 2024-02-09 16:16:34.951 [main] BasicTypeRegistry - Adding type registration OffsetTimeUtc -> org.hibernate.type.BasicTypeReference@77eb5790
[DEBUG] 2024-02-09 16:16:34.951 [main] BasicTypeRegistry - Adding type registration OffsetTimeWithTimezone -> org.hibernate.type.BasicTypeReference@68e7c8c3
[DEBUG] 2024-02-09 16:16:34.951 [main] BasicTypeRegistry - Adding type registration OffsetTimeWithoutTimezone -> org.hibernate.type.BasicTypeReference@319c3a25
[DEBUG] 2024-02-09 16:16:34.951 [main] BasicTypeRegistry - Adding type registration ZonedDateTime -> org.hibernate.type.BasicTypeReference@238bfd6c
[DEBUG] 2024-02-09 16:16:34.951 [main] BasicTypeRegistry - Adding type registration java.time.ZonedDateTime -> org.hibernate.type.BasicTypeReference@238bfd6c
[DEBUG] 2024-02-09 16:16:34.951 [main] BasicTypeRegistry - Adding type registration ZonedDateTimeWithTimezone -> org.hibernate.type.BasicTypeReference@ef1695a
[DEBUG] 2024-02-09 16:16:34.951 [main] BasicTypeRegistry - Adding type registration ZonedDateTimeWithoutTimezone -> org.hibernate.type.BasicTypeReference@58860997
[DEBUG] 2024-02-09 16:16:34.951 [main] BasicTypeRegistry - Adding type registration date -> org.hibernate.type.BasicTypeReference@81b5db0
[DEBUG] 2024-02-09 16:16:34.951 [main] BasicTypeRegistry - Adding type registration java.sql.Date -> org.hibernate.type.BasicTypeReference@81b5db0
[DEBUG] 2024-02-09 16:16:34.951 [main] BasicTypeRegistry - Adding type registration time -> org.hibernate.type.BasicTypeReference@7487b142
[DEBUG] 2024-02-09 16:16:34.951 [main] BasicTypeRegistry - Adding type registration java.sql.Time -> org.hibernate.type.BasicTypeReference@7487b142
[DEBUG] 2024-02-09 16:16:34.951 [main] BasicTypeRegistry - Adding type registration timestamp -> org.hibernate.type.BasicTypeReference@7139bd31
[DEBUG] 2024-02-09 16:16:34.951 [main] BasicTypeRegistry - Adding type registration java.sql.Timestamp -> org.hibernate.type.BasicTypeReference@7139bd31
[DEBUG] 2024-02-09 16:16:34.951 [main] BasicTypeRegistry - Adding type registration java.util.Date -> org.hibernate.type.BasicTypeReference@7139bd31
[DEBUG] 2024-02-09 16:16:34.951 [main] BasicTypeRegistry - Adding type registration calendar -> org.hibernate.type.BasicTypeReference@199bc830
[DEBUG] 2024-02-09 16:16:34.951 [main] BasicTypeRegistry - Adding type registration java.util.Calendar -> org.hibernate.type.BasicTypeReference@199bc830
[DEBUG] 2024-02-09 16:16:34.951 [main] BasicTypeRegistry - Adding type registration java.util.GregorianCalendar -> org.hibernate.type.BasicTypeReference@199bc830
[DEBUG] 2024-02-09 16:16:34.951 [main] BasicTypeRegistry - Adding type registration calendar_date -> org.hibernate.type.BasicTypeReference@4b3fe06e
[DEBUG] 2024-02-09 16:16:34.951 [main] BasicTypeRegistry - Adding type registration calendar_time -> org.hibernate.type.BasicTypeReference@27b45ea
[DEBUG] 2024-02-09 16:16:34.951 [main] BasicTypeRegistry - Adding type registration instant -> org.hibernate.type.BasicTypeReference@3e17a0a1
[DEBUG] 2024-02-09 16:16:34.951 [main] BasicTypeRegistry - Adding type registration java.time.Instant -> org.hibernate.type.BasicTypeReference@3e17a0a1
[DEBUG] 2024-02-09 16:16:34.951 [main] BasicTypeRegistry - Adding type registration uuid -> org.hibernate.type.BasicTypeReference@790a251b
[DEBUG] 2024-02-09 16:16:34.952 [main] BasicTypeRegistry - Adding type registration java.util.UUID -> org.hibernate.type.BasicTypeReference@790a251b
[DEBUG] 2024-02-09 16:16:34.952 [main] BasicTypeRegistry - Adding type registration pg-uuid -> org.hibernate.type.BasicTypeReference@790a251b
[DEBUG] 2024-02-09 16:16:34.952 [main] BasicTypeRegistry - Adding type registration uuid-binary -> org.hibernate.type.BasicTypeReference@4d8286c4
[DEBUG] 2024-02-09 16:16:34.952 [main] BasicTypeRegistry - Adding type registration uuid-char -> org.hibernate.type.BasicTypeReference@150ede8b
[DEBUG] 2024-02-09 16:16:34.952 [main] BasicTypeRegistry - Adding type registration class -> org.hibernate.type.BasicTypeReference@161f6623
[DEBUG] 2024-02-09 16:16:34.952 [main] BasicTypeRegistry - Adding type registration java.lang.Class -> org.hibernate.type.BasicTypeReference@161f6623
[DEBUG] 2024-02-09 16:16:34.952 [main] BasicTypeRegistry - Adding type registration currency -> org.hibernate.type.BasicTypeReference@3e15bb06
[DEBUG] 2024-02-09 16:16:34.952 [main] BasicTypeRegistry - Adding type registration Currency -> org.hibernate.type.BasicTypeReference@3e15bb06
[DEBUG] 2024-02-09 16:16:34.952 [main] BasicTypeRegistry - Adding type registration java.util.Currency -> org.hibernate.type.BasicTypeReference@3e15bb06
[DEBUG] 2024-02-09 16:16:34.952 [main] BasicTypeRegistry - Adding type registration locale -> org.hibernate.type.BasicTypeReference@6778aea6
[DEBUG] 2024-02-09 16:16:34.952 [main] BasicTypeRegistry - Adding type registration java.util.Locale -> org.hibernate.type.BasicTypeReference@6778aea6
[DEBUG] 2024-02-09 16:16:34.952 [main] BasicTypeRegistry - Adding type registration serializable -> org.hibernate.type.BasicTypeReference@4e1ce44
[DEBUG] 2024-02-09 16:16:34.952 [main] BasicTypeRegistry - Adding type registration java.io.Serializable -> org.hibernate.type.BasicTypeReference@4e1ce44
[DEBUG] 2024-02-09 16:16:34.952 [main] BasicTypeRegistry - Adding type registration timezone -> org.hibernate.type.BasicTypeReference@69228e85
[DEBUG] 2024-02-09 16:16:34.952 [main] BasicTypeRegistry - Adding type registration java.util.TimeZone -> org.hibernate.type.BasicTypeReference@69228e85
[DEBUG] 2024-02-09 16:16:34.952 [main] BasicTypeRegistry - Adding type registration ZoneOffset -> org.hibernate.type.BasicTypeReference@7a7cc52c
[DEBUG] 2024-02-09 16:16:34.952 [main] BasicTypeRegistry - Adding type registration java.time.ZoneOffset -> org.hibernate.type.BasicTypeReference@7a7cc52c
[DEBUG] 2024-02-09 16:16:34.952 [main] BasicTypeRegistry - Adding type registration url -> org.hibernate.type.BasicTypeReference@5853495b
[DEBUG] 2024-02-09 16:16:34.952 [main] BasicTypeRegistry - Adding type registration java.net.URL -> org.hibernate.type.BasicTypeReference@5853495b
[DEBUG] 2024-02-09 16:16:34.952 [main] BasicTypeRegistry - Adding type registration vector -> org.hibernate.type.BasicTypeReference@524a2ffb
[DEBUG] 2024-02-09 16:16:34.952 [main] BasicTypeRegistry - Adding type registration row_version -> org.hibernate.type.BasicTypeReference@2f61d591
[DEBUG] 2024-02-09 16:16:34.954 [main] BasicTypeRegistry - Adding type registration object -> org.hibernate.type.JavaObjectType@8f2098e
[DEBUG] 2024-02-09 16:16:34.955 [main] BasicTypeRegistry - Adding type registration java.lang.Object -> org.hibernate.type.JavaObjectType@8f2098e
[DEBUG] 2024-02-09 16:16:34.955 [main] BasicTypeRegistry - Adding type registration null -> org.hibernate.type.NullType@3cbf1ba4
[DEBUG] 2024-02-09 16:16:34.955 [main] BasicTypeRegistry - Adding type registration imm_date -> org.hibernate.type.BasicTypeReference@10bea4
[DEBUG] 2024-02-09 16:16:34.955 [main] BasicTypeRegistry - Adding type registration imm_time -> org.hibernate.type.BasicTypeReference@7e2c64
[DEBUG] 2024-02-09 16:16:34.955 [main] BasicTypeRegistry - Adding type registration imm_timestamp -> org.hibernate.type.BasicTypeReference@7c1e32c9
[DEBUG] 2024-02-09 16:16:34.955 [main] BasicTypeRegistry - Adding type registration imm_calendar -> org.hibernate.type.BasicTypeReference@383864d5
[DEBUG] 2024-02-09 16:16:34.955 [main] BasicTypeRegistry - Adding type registration imm_calendar_date -> org.hibernate.type.BasicTypeReference@3dd818e8
[DEBUG] 2024-02-09 16:16:34.955 [main] BasicTypeRegistry - Adding type registration imm_calendar_time -> org.hibernate.type.BasicTypeReference@4cb40e3b
[DEBUG] 2024-02-09 16:16:34.955 [main] BasicTypeRegistry - Adding type registration imm_binary -> org.hibernate.type.BasicTypeReference@41b1f51e
[DEBUG] 2024-02-09 16:16:34.955 [main] BasicTypeRegistry - Adding type registration imm_serializable -> org.hibernate.type.BasicTypeReference@3a543f31
[INFO ] 2024-02-09 16:16:34.968 [main] c3p0 - HHH010002: C3P0 using driver: com.mysql.cj.jdbc.Driver at URL: jdbc:mysql://localhost:8889/DonationLogApplication_Test
[INFO ] 2024-02-09 16:16:34.968 [main] c3p0 - HHH10001001: Connection properties: {password=****, user=student}
[INFO ] 2024-02-09 16:16:34.968 [main] c3p0 - HHH10001003: Autocommit mode: false
[INFO ] 2024-02-09 16:16:35.005 [main] c3p0 - HHH10001007: JDBC isolation level: <unknown>
[DEBUG] 2024-02-09 16:16:35.059 [main] JdbcEnvironmentInitiator - Database ->
       name : MySQL
    version : 5.7.39
      major : 5
      minor : 7
[DEBUG] 2024-02-09 16:16:35.059 [main] JdbcEnvironmentInitiator - Driver ->
       name : MySQL Connector/J
    version : mysql-connector-java-8.0.28 (Revision: 7ff2161da3899f379fb3171b6538b191b1c5c7e2)
      major : 8
      minor : 0
[DEBUG] 2024-02-09 16:16:35.059 [main] JdbcEnvironmentInitiator - JDBC version : 4.2
[WARN ] 2024-02-09 16:16:35.083 [main] Dialect - HHH000511: The 5.7.39 version for [org.hibernate.dialect.MySQLDialect] is no longer supported, hence certain features may not work properly. The minimum supported version is 8.0.0. Check the community dialects project for available legacy versions.
[DEBUG] 2024-02-09 16:16:35.085 [main] dialect - HHH035001: Using dialect: org.hibernate.dialect.MySQLDialect, version: 5.7.39
[DEBUG] 2024-02-09 16:16:35.088 [main] IdentifierHelperBuilder - JDBC driver metadata reported database stores quoted identifiers in more than one case
[DEBUG] 2024-02-09 16:16:35.088 [main] IdentifierHelperBuilder - IdentifierCaseStrategy for both quoted and unquoted identifiers was set to the same strategy [MIXED]; that will likely lead to problems in schema update and validation if using quoted identifiers
[DEBUG] 2024-02-09 16:16:35.097 [main] DdlTypeRegistry - addDescriptor(12, org.hibernate.type.descriptor.sql.internal.CapacityDependentDdlType@6dd1f638) replaced previous registration(org.hibernate.type.descriptor.sql.internal.CapacityDependentDdlType@414f13fc)
[DEBUG] 2024-02-09 16:16:35.097 [main] DdlTypeRegistry - addDescriptor(-9, org.hibernate.type.descriptor.sql.internal.CapacityDependentDdlType@4b76aa5a) replaced previous registration(org.hibernate.type.descriptor.sql.internal.CapacityDependentDdlType@63a28987)
[DEBUG] 2024-02-09 16:16:35.097 [main] DdlTypeRegistry - addDescriptor(-3, org.hibernate.type.descriptor.sql.internal.CapacityDependentDdlType@120d3fd) replaced previous registration(org.hibernate.type.descriptor.sql.internal.CapacityDependentDdlType@38c9e0d6)
[DEBUG] 2024-02-09 16:16:35.097 [main] DdlTypeRegistry - addDescriptor(4003, org.hibernate.type.descriptor.sql.internal.DdlTypeImpl@4693a9ef) replaced previous registration(org.hibernate.type.descriptor.sql.internal.DdlTypeImpl@310aee0b)
[DEBUG] 2024-02-09 16:16:35.097 [main] DdlTypeRegistry - addDescriptor(4001, org.hibernate.type.descriptor.sql.internal.DdlTypeImpl@36327cec) replaced previous registration(org.hibernate.type.descriptor.sql.internal.DdlTypeImpl@410ae5ac)
[DEBUG] 2024-02-09 16:16:35.097 [main] DdlTypeRegistry - addDescriptor(4002, org.hibernate.type.descriptor.sql.internal.DdlTypeImpl@1a8df0b3) replaced previous registration(org.hibernate.type.descriptor.sql.internal.DdlTypeImpl@7c112f5f)
[DEBUG] 2024-02-09 16:16:35.097 [main] DdlTypeRegistry - addDescriptor(2004, org.hibernate.type.descriptor.sql.internal.CapacityDependentDdlType@5961e92d) replaced previous registration(org.hibernate.type.descriptor.sql.internal.DdlTypeImpl@4fd05028)
[DEBUG] 2024-02-09 16:16:35.097 [main] DdlTypeRegistry - addDescriptor(2005, org.hibernate.type.descriptor.sql.internal.CapacityDependentDdlType@3a2d3909) replaced previous registration(org.hibernate.type.descriptor.sql.internal.DdlTypeImpl@4fb392c4)
[DEBUG] 2024-02-09 16:16:35.097 [main] DdlTypeRegistry - addDescriptor(2011, org.hibernate.type.descriptor.sql.internal.CapacityDependentDdlType@194d329e) replaced previous registration(org.hibernate.type.descriptor.sql.internal.DdlTypeImpl@54d1608f)
[DEBUG] 2024-02-09 16:16:35.098 [main] JdbcTypeRegistry - addDescriptor(NCharTypeDescriptor) replaced previous registration(CharTypeDescriptor)
[DEBUG] 2024-02-09 16:16:35.098 [main] JdbcTypeRegistry - addDescriptor(NVarcharTypeDescriptor) replaced previous registration(VarcharTypeDescriptor)
[DEBUG] 2024-02-09 16:16:35.098 [main] JdbcTypeRegistry - addDescriptor(LongNVarcharTypeDescriptor) replaced previous registration(LongVarcharTypeDescriptor)
[DEBUG] 2024-02-09 16:16:35.099 [main] JdbcTypeRegistry - addDescriptor(NClobTypeDescriptor(DEFAULT)) replaced previous registration(ClobTypeDescriptor(DEFAULT))
[DEBUG] 2024-02-09 16:16:35.099 [main] JdbcTypeRegistry - addDescriptor(2005, ClobTypeDescriptor(STREAM_BINDING)) replaced previous registration(ClobTypeDescriptor(DEFAULT))
[DEBUG] 2024-02-09 16:16:35.100 [main] BasicTypeRegistry - Adding type registration null -> org.hibernate.type.NullType@6af91cc8
[DEBUG] 2024-02-09 16:16:35.100 [main] BasicTypeRegistry - Type registration key [null] overrode previous entry : `org.hibernate.type.NullType@3cbf1ba4`
[DEBUG] 2024-02-09 16:16:35.103 [main] BasicTypeRegistry - Adding type registration org.hibernate.type.DurationType -> basicType@1(java.time.Duration,2)
[DEBUG] 2024-02-09 16:16:35.103 [main] BasicTypeRegistry - Adding type registration Duration -> basicType@1(java.time.Duration,2)
[DEBUG] 2024-02-09 16:16:35.103 [main] BasicTypeRegistry - Adding type registration java.time.Duration -> basicType@1(java.time.Duration,2)
[DEBUG] 2024-02-09 16:16:35.104 [main] BasicTypeRegistry - Adding type registration org.hibernate.type.OffsetDateTimeType -> basicType@2(java.time.OffsetDateTime,3003)
[DEBUG] 2024-02-09 16:16:35.104 [main] BasicTypeRegistry - Adding type registration OffsetDateTime -> basicType@2(java.time.OffsetDateTime,3003)
[DEBUG] 2024-02-09 16:16:35.104 [main] BasicTypeRegistry - Adding type registration java.time.OffsetDateTime -> basicType@2(java.time.OffsetDateTime,3003)
[DEBUG] 2024-02-09 16:16:35.104 [main] BasicTypeRegistry - Adding type registration org.hibernate.type.ZonedDateTimeType -> basicType@3(java.time.ZonedDateTime,3003)
[DEBUG] 2024-02-09 16:16:35.104 [main] BasicTypeRegistry - Adding type registration ZonedDateTime -> basicType@3(java.time.ZonedDateTime,3003)
[DEBUG] 2024-02-09 16:16:35.104 [main] BasicTypeRegistry - Adding type registration java.time.ZonedDateTime -> basicType@3(java.time.ZonedDateTime,3003)
[DEBUG] 2024-02-09 16:16:35.104 [main] BasicTypeRegistry - Adding type registration org.hibernate.type.OffsetTimeType -> basicType@4(java.time.OffsetTime,3007)
[DEBUG] 2024-02-09 16:16:35.104 [main] BasicTypeRegistry - Adding type registration OffsetTime -> basicType@4(java.time.OffsetTime,3007)
[DEBUG] 2024-02-09 16:16:35.104 [main] BasicTypeRegistry - Adding type registration java.time.OffsetTime -> basicType@4(java.time.OffsetTime,3007)
[DEBUG] 2024-02-09 16:16:35.105 [main] TypeConfiguration$Scope - Scoping TypeConfiguration [org.hibernate.type.spi.TypeConfiguration@3456558] to MetadataBuildingContext [org.hibernate.boot.internal.MetadataBuildingContextRootImpl@2dfb885e]
[DEBUG] 2024-02-09 16:16:35.122 [main] Namespace - Created database namespace [logicalName=Name{catalog=null, schema=null}, physicalName=Name{catalog=null, schema=null}]
[DEBUG] 2024-02-09 16:16:35.134 [main] EntityBinder - Binding entity from annotated class: donationLog.entity.Donation
[DEBUG] 2024-02-09 16:16:35.137 [main] EntityBinder - Import with entity name Donation
[DEBUG] 2024-02-09 16:16:35.140 [main] EntityBinder - Bind entity donationLog.entity.Donation on table donations
[DEBUG] 2024-02-09 16:16:35.144 [main] AnnotatedColumn - Binding column: AnnotatedDiscriminatorColumn(column='DTYPE')
[DEBUG] 2024-02-09 16:16:35.154 [main] AnnotatedColumn - Binding column: AnnotatedColumn()
[DEBUG] 2024-02-09 16:16:35.154 [main] ClassLoaderAccessImpl - Not known whether passed class name [donationLog.entity.Donation] is safe
[DEBUG] 2024-02-09 16:16:35.154 [main] ClassLoaderAccessImpl - No temp ClassLoader provided; using live ClassLoader for loading potentially unsafe class : donationLog.entity.Donation
[DEBUG] 2024-02-09 16:16:35.156 [main] PropertyBinder - MetadataSourceProcessor property donationID with lazy=false
[DEBUG] 2024-02-09 16:16:35.157 [main] AbstractPropertyHolder - Attempting to locate auto-apply AttributeConverter for property [donationLog.entity.Donation:donationID]
[DEBUG] 2024-02-09 16:16:35.159 [main] BasicValueBinder - building BasicValue for donationID
[DEBUG] 2024-02-09 16:16:35.161 [main] BasicValue - Skipping column re-registration: donations.donationID
[DEBUG] 2024-02-09 16:16:35.161 [main] PropertyBinder - Building property donationID
[DEBUG] 2024-02-09 16:16:35.162 [main] BinderHelper - #makeIdGenerator(BasicValue([Column(donationID)]), donationID, org.hibernate.id.enhanced.SequenceStyleGenerator, native, ...)
[DEBUG] 2024-02-09 16:16:35.165 [main] AnnotatedColumn - Binding column: AnnotatedColumn(column='donation_date')
[DEBUG] 2024-02-09 16:16:35.165 [main] PropertyBinder - MetadataSourceProcessor property donationDate with lazy=false
[DEBUG] 2024-02-09 16:16:35.165 [main] AbstractPropertyHolder - Attempting to locate auto-apply AttributeConverter for property [donationLog.entity.Donation:donationDate]
[DEBUG] 2024-02-09 16:16:35.165 [main] BasicValueBinder - building BasicValue for donationDate
[DEBUG] 2024-02-09 16:16:35.166 [main] BasicValue - Skipping column re-registration: donations.donation_date
[DEBUG] 2024-02-09 16:16:35.166 [main] PropertyBinder - Building property donationDate
[DEBUG] 2024-02-09 16:16:35.166 [main] AnnotatedColumn - Binding column: AnnotatedColumn(column='donation_type')
[DEBUG] 2024-02-09 16:16:35.166 [main] PropertyBinder - MetadataSourceProcessor property donationType with lazy=false
[DEBUG] 2024-02-09 16:16:35.166 [main] AbstractPropertyHolder - Attempting to locate auto-apply AttributeConverter for property [donationLog.entity.Donation:donationType]
[DEBUG] 2024-02-09 16:16:35.166 [main] BasicValueBinder - building BasicValue for donationType
[DEBUG] 2024-02-09 16:16:35.166 [main] BasicValue - Skipping column re-registration: donations.donation_type
[DEBUG] 2024-02-09 16:16:35.166 [main] PropertyBinder - Building property donationType
[DEBUG] 2024-02-09 16:16:35.166 [main] AnnotatedColumn - Binding column: AnnotatedColumn(column='donation_weight')
[DEBUG] 2024-02-09 16:16:35.166 [main] PropertyBinder - MetadataSourceProcessor property donationWeight with lazy=false
[DEBUG] 2024-02-09 16:16:35.166 [main] AbstractPropertyHolder - Attempting to locate auto-apply AttributeConverter for property [donationLog.entity.Donation:donationWeight]
[DEBUG] 2024-02-09 16:16:35.166 [main] BasicValueBinder - building BasicValue for donationWeight
[DEBUG] 2024-02-09 16:16:35.166 [main] BasicValue - Skipping column re-registration: donations.donation_weight
[DEBUG] 2024-02-09 16:16:35.166 [main] PropertyBinder - Building property donationWeight
[DEBUG] 2024-02-09 16:16:35.167 [main] AnnotatedColumn - Binding column: AnnotatedColumn(column='donor_name')
[DEBUG] 2024-02-09 16:16:35.167 [main] PropertyBinder - MetadataSourceProcessor property donorName with lazy=false
[DEBUG] 2024-02-09 16:16:35.167 [main] AbstractPropertyHolder - Attempting to locate auto-apply AttributeConverter for property [donationLog.entity.Donation:donorName]
[DEBUG] 2024-02-09 16:16:35.167 [main] BasicValueBinder - building BasicValue for donorName
[DEBUG] 2024-02-09 16:16:35.167 [main] BasicValue - Skipping column re-registration: donations.donor_name
[DEBUG] 2024-02-09 16:16:35.167 [main] PropertyBinder - Building property donorName
[DEBUG] 2024-02-09 16:16:35.167 [main] ClassLoaderServiceImpl - HHH000194: Package not found or wo package-info.java: donationLog.entity
[DEBUG] 2024-02-09 16:16:35.170 [main] BasicValueBinder - Starting `BasicValueBinder#fillSimpleValue` for donationID
[DEBUG] 2024-02-09 16:16:35.170 [main] BasicValueBinder - Starting `BasicValueBinder#fillSimpleValue` for donationDate
[DEBUG] 2024-02-09 16:16:35.172 [main] BasicValueBinder - Starting `BasicValueBinder#fillSimpleValue` for donationType
[DEBUG] 2024-02-09 16:16:35.172 [main] BasicValueBinder - Starting `BasicValueBinder#fillSimpleValue` for donationWeight
[DEBUG] 2024-02-09 16:16:35.172 [main] BasicValueBinder - Starting `BasicValueBinder#fillSimpleValue` for donorName
[DEBUG] 2024-02-09 16:16:35.174 [main] PrimaryKey - Forcing column [donationid] to be non-null as it is part of the primary key for table [donations]
[DEBUG] 2024-02-09 16:16:35.263 [main] SessionFactoryImpl - Building session factory
[DEBUG] 2024-02-09 16:16:35.278 [main] SessionFactoryServiceRegistryImpl - EventListenerRegistry access via ServiceRegistry is deprecated.  Use `sessionFactory.getEventEngine().getListenerRegistry()` instead
[DEBUG] 2024-02-09 16:16:35.279 [main] SessionFactoryImpl - Instantiating SessionFactory with settings: {gopherProxySet=false, awt.toolkit=sun.lwawt.macosx.LWCToolkit, java.specification.version=11, sun.cpu.isalist=, hibernate.c3p0.idle_test_period=3000, sun.jnu.encoding=UTF-8, hibernate.c3p0.min_size=5, java.class.path=/Applications/IntelliJ IDEA.app/Contents/lib/idea_rt.jar:/Applications/IntelliJ IDEA.app/Contents/plugins/junit/lib/junit5-rt.jar:/Applications/IntelliJ IDEA.app/Contents/plugins/junit/lib/junit-rt.jar:/Volumes/WD_Black P40/GitHub/Personal/DonationLog/target/test-classes:/Volumes/WD_Black P40/GitHub/Personal/DonationLog/target/classes:/Users/darinwellons/.m2/repository/junit/junit/4.13.1/junit-4.13.1.jar:/Users/darinwellons/.m2/repository/org/hamcrest/hamcrest-core/1.3/hamcrest-core-1.3.jar:/Users/darinwellons/.m2/repository/javax/javaee-web-api/7.0/javaee-web-api-7.0.jar:/Users/darinwellons/.m2/repository/mysql/mysql-connector-java/8.0.28/mysql-connector-java-8.0.28.jar:/Users/darinwellons/.m2/repository/com/google/protobuf/protobuf-java/3.11.4/protobuf-java-3.11.4.jar:/Users/darinwellons/.m2/repository/org/hibernate/orm/hibernate-core/6.4.3.Final/hibernate-core-6.4.3.Final.jar:/Users/darinwellons/.m2/repository/jakarta/persistence/jakarta.persistence-api/3.1.0/jakarta.persistence-api-3.1.0.jar:/Users/darinwellons/.m2/repository/jakarta/transaction/jakarta.transaction-api/2.0.1/jakarta.transaction-api-2.0.1.jar:/Users/darinwellons/.m2/repository/org/jboss/logging/jboss-logging/3.5.0.Final/jboss-logging-3.5.0.Final.jar:/Users/darinwellons/.m2/repository/org/hibernate/common/hibernate-commons-annotations/6.0.6.Final/hibernate-commons-annotations-6.0.6.Final.jar:/Users/darinwellons/.m2/repository/io/smallrye/jandex/3.1.2/jandex-3.1.2.jar:/Users/darinwellons/.m2/repository/com/fasterxml/classmate/1.5.1/classmate-1.5.1.jar:/Users/darinwellons/.m2/repository/net/bytebuddy/byte-buddy/1.14.7/byte-buddy-1.14.7.jar:/Users/darinwellons/.m2/repository/jakarta/xml/bind/jakarta.xml.bind-api/4.0.0/jakarta.xml.bind-api-4.0.0.jar:/Users/darinwellons/.m2/repository/jakarta/activation/jakarta.activation-api/2.1.0/jakarta.activation-api-2.1.0.jar:/Users/darinwellons/.m2/repository/org/glassfish/jaxb/jaxb-runtime/4.0.2/jaxb-runtime-4.0.2.jar:/Users/darinwellons/.m2/repository/org/glassfish/jaxb/jaxb-core/4.0.2/jaxb-core-4.0.2.jar:/Users/darinwellons/.m2/repository/org/eclipse/angus/angus-activation/2.0.0/angus-activation-2.0.0.jar:/Users/darinwellons/.m2/repository/org/glassfish/jaxb/txw2/4.0.2/txw2-4.0.2.jar:/Users/darinwellons/.m2/repository/com/sun/istack/istack-commons-runtime/4.1.1/istack-commons-runtime-4.1.1.jar:/Users/darinwellons/.m2/repository/jakarta/inject/jakarta.inject-api/2.0.1/jakarta.inject-api-2.0.1.jar:/Users/darinwellons/.m2/repository/org/antlr/antlr4-runtime/4.13.0/antlr4-runtime-4.13.0.jar:/Users/darinwellons/.m2/repository/org/hibernate/orm/hibernate-c3p0/6.4.3.Final/hibernate-c3p0-6.4.3.Final.jar:/Users/darinwellons/.m2/repository/com/mchange/c3p0/0.9.5.5/c3p0-0.9.5.5.jar:/Users/darinwellons/.m2/repository/com/mchange/mchange-commons-java/0.2.19/mchange-commons-java-0.2.19.jar:/Users/darinwellons/.m2/repository/org/apache/logging/log4j/log4j-core/2.17.1/log4j-core-2.17.1.jar:/Users/darinwellons/.m2/repository/org/apache/logging/log4j/log4j-api/2.17.1/log4j-api-2.17.1.jar:/Users/darinwellons/.m2/repository/org/junit/jupiter/junit-jupiter/5.10.2/junit-jupiter-5.10.2.jar:/Users/darinwellons/.m2/repository/org/junit/jupiter/junit-jupiter-params/5.10.2/junit-jupiter-params-5.10.2.jar:/Users/darinwellons/.m2/repository/org/junit/jupiter/junit-jupiter-engine/5.10.2/junit-jupiter-engine-5.10.2.jar:/Users/darinwellons/.m2/repository/org/junit/platform/junit-platform-engine/1.10.2/junit-platform-engine-1.10.2.jar:/Users/darinwellons/.m2/repository/org/junit/jupiter/junit-jupiter-api/5.10.2/junit-jupiter-api-5.10.2.jar:/Users/darinwellons/.m2/repository/org/opentest4j/opentest4j/1.3.0/opentest4j-1.3.0.jar:/Users/darinwellons/.m2/repository/org/junit/platform/junit-platform-commons/1.10.2/junit-platform-commons-1.10.2.jar:/Users/darinwellons/.m2/repository/org/apiguardian/apiguardian-api/1.1.2/apiguardian-api-1.1.2.jar, java.vm.vendor=Amazon.com Inc., sun.arch.data.model=64, idea.test.cyclic.buffer.size=1048576, java.vendor.url=https://aws.amazon.com/corretto/, user.timezone=America/Chicago, os.name=Mac OS X, java.vm.specification.version=11, sun.java.launcher=SUN_STANDARD, user.country=US, sun.boot.library.path=/Users/darinwellons/Library/Java/JavaVirtualMachines/corretto-11.0.22/Contents/Home/lib, sun.java.command=com.intellij.rt.junit.JUnitStarter -ideVersion5 -junit4 donationLog.persistence.DonationDaoTest,testGetByPropertyEqual, http.nonProxyHosts=local|*.local|169.254/16|*.169.254/16, jdk.debug=release, sun.cpu.endian=little, user.home=/Users/darinwellons, hibernate.c3p0.max_statements=50, user.language=en, java.specification.vendor=Oracle Corporation, java.version.date=2024-01-16, java.home=/Users/darinwellons/Library/Java/JavaVirtualMachines/corretto-11.0.22/Contents/Home, file.separator=/, java.vm.compressedOopsMode=Zero based, line.separator=
, hibernate.c3p0.timeout=300, java.specification.name=Java Platform API Specification, java.vm.specification.vendor=Oracle Corporation, java.awt.graphicsenv=sun.awt.CGraphicsEnvironment, connection.password=student, sun.management.compiler=HotSpot 64-Bit Tiered Compilers, ftp.nonProxyHosts=local|*.local|169.254/16|*.169.254/16, hibernate.c3p0.max_size=20, java.runtime.version=11.0.22+7-LTS, user.name=darinwellons, path.separator=:, hibernate.connection.username=****, os.version=14.3, java.runtime.name=OpenJDK Runtime Environment, hibernate.connection.url=jdbc:mysql://localhost:8889/DonationLogApplication_Test, file.encoding=UTF-8, java.vm.name=OpenJDK 64-Bit Server VM, java.vendor.version=Corretto-11.0.22.7.1, hibernate.connection.driver_class=com.mysql.cj.jdbc.Driver, java.vendor.url.bug=https://github.com/corretto/corretto-11/issues/, java.io.tmpdir=/var/folders/75/c_qp3wds0832xmwhtdfz70yr0000gq/T/, java.version=11.0.22, user.dir=/Volumes/WD_Black P40/GitHub/Personal/DonationLog, os.arch=aarch64, connection.username=student, java.vm.specification.name=Java Virtual Machine Specification, java.awt.printerjob=sun.lwawt.macosx.CPrinterJob, hibernate.connection.password=****, sun.os.patch.level=unknown, connection.driver_class=com.mysql.cj.jdbc.Driver, hibernate.boot.CfgXmlAccessService.key=org.hibernate.boot.cfgxml.spi.LoadedConfig@54c60202, java.library.path=/Users/darinwellons/Library/Java/Extensions:/Library/Java/Extensions:/Network/Library/Java/Extensions:/System/Library/Java/Extensions:/usr/lib/java:., java.vendor=Amazon.com Inc., java.vm.info=mixed mode, java.vm.version=11.0.22+7-LTS, java.specification.maintenance.version=2, sun.io.unicode.encoding=UnicodeBig, connection.url=jdbc:mysql://localhost:8889/DonationLogApplication_Test, socksNonProxyHosts=local|*.local|169.254/16|*.169.254/16, java.class.version=55.0}
[DEBUG] 2024-02-09 16:16:35.280 [main] SessionFactoryImpl - Session factory constructed with filter configurations : {}
[DEBUG] 2024-02-09 16:16:35.283 [main] SchemaManagementToolCoordinator - No schema actions specified for contributor `orm`; doing nothing
[DEBUG] 2024-02-09 16:16:35.301 [main] SqmFunctionRegistry - Registered SqmFunctionTemplate [NamedSqmFunctionTemplate(max)] under max; prior registration was null
[DEBUG] 2024-02-09 16:16:35.302 [main] SqmFunctionRegistry - Registered SqmFunctionTemplate [NamedSqmFunctionTemplate(min)] under min; prior registration was null
[DEBUG] 2024-02-09 16:16:35.302 [main] SqmFunctionRegistry - Registered SqmFunctionTemplate [NamedSqmFunctionTemplate(sum)] under sum; prior registration was null
[DEBUG] 2024-02-09 16:16:35.303 [main] SqmFunctionRegistry - Registered SqmFunctionTemplate [NamedSqmFunctionTemplate(avg)] under avg; prior registration was null
[DEBUG] 2024-02-09 16:16:35.303 [main] SqmFunctionRegistry - Registered SqmFunctionTemplate [org.hibernate.dialect.function.CountFunction@7abeabe9] under count; prior registration was null
[DEBUG] 2024-02-09 16:16:35.304 [main] SqmFunctionRegistry - Registered SqmFunctionTemplate [org.hibernate.dialect.function.EveryAnyEmulation@1d2fb82] under every; prior registration was null
[DEBUG] 2024-02-09 16:16:35.304 [main] SqmFunctionRegistry - Registered SqmFunctionTemplate [org.hibernate.dialect.function.EveryAnyEmulation@34045582] under any; prior registration was null
[DEBUG] 2024-02-09 16:16:35.304 [main] SqmFunctionRegistry - Registered SqmFunctionTemplate [NamedSqmFunctionTemplate(floor)] under floor; prior registration was null
[DEBUG] 2024-02-09 16:16:35.304 [main] SqmFunctionRegistry - Registered SqmFunctionTemplate [NamedSqmFunctionTemplate(ceiling)] under ceiling; prior registration was null
[DEBUG] 2024-02-09 16:16:35.304 [main] SqmFunctionRegistry - Registered SqmFunctionTemplate [NamedSqmFunctionTemplate(mod)] under mod; prior registration was null
[DEBUG] 2024-02-09 16:16:35.304 [main] SqmFunctionRegistry - Registered SqmFunctionTemplate [NamedSqmFunctionTemplate(abs)] under abs; prior registration was null
[DEBUG] 2024-02-09 16:16:35.304 [main] SqmFunctionRegistry - Registered SqmFunctionTemplate [NamedSqmFunctionTemplate(sign)] under sign; prior registration was null
[DEBUG] 2024-02-09 16:16:35.304 [main] SqmFunctionRegistry - Registered SqmFunctionTemplate [NamedSqmFunctionTemplate(sqrt)] under sqrt; prior registration was null
[DEBUG] 2024-02-09 16:16:35.304 [main] SqmFunctionRegistry - Registered SqmFunctionTemplate [NamedSqmFunctionTemplate(ln)] under ln; prior registration was null
[DEBUG] 2024-02-09 16:16:35.304 [main] SqmFunctionRegistry - Registered SqmFunctionTemplate [NamedSqmFunctionTemplate(exp)] under exp; prior registration was null
[DEBUG] 2024-02-09 16:16:35.304 [main] SqmFunctionRegistry - Registered SqmFunctionTemplate [NamedSqmFunctionTemplate(power)] under power; prior registration was null
[DEBUG] 2024-02-09 16:16:35.304 [main] SqmFunctionRegistry - Registered SqmFunctionTemplate [NamedSqmFunctionTemplate(round)] under round; prior registration was null
[DEBUG] 2024-02-09 16:16:35.304 [main] SqmFunctionRegistry - Registered SqmFunctionTemplate [NamedSqmFunctionTemplate(sin)] under sin; prior registration was null
[DEBUG] 2024-02-09 16:16:35.305 [main] SqmFunctionRegistry - Registered SqmFunctionTemplate [NamedSqmFunctionTemplate(cos)] under cos; prior registration was null
[DEBUG] 2024-02-09 16:16:35.305 [main] SqmFunctionRegistry - Registered SqmFunctionTemplate [NamedSqmFunctionTemplate(tan)] under tan; prior registration was null
[DEBUG] 2024-02-09 16:16:35.305 [main] SqmFunctionRegistry - Registered SqmFunctionTemplate [NamedSqmFunctionTemplate(asin)] under asin; prior registration was null
[DEBUG] 2024-02-09 16:16:35.305 [main] SqmFunctionRegistry - Registered SqmFunctionTemplate [NamedSqmFunctionTemplate(acos)] under acos; prior registration was null
[DEBUG] 2024-02-09 16:16:35.305 [main] SqmFunctionRegistry - Registered SqmFunctionTemplate [NamedSqmFunctionTemplate(atan)] under atan; prior registration was null
[DEBUG] 2024-02-09 16:16:35.305 [main] SqmFunctionRegistry - Registered SqmFunctionTemplate [NamedSqmFunctionTemplate(atan2)] under atan2; prior registration was null
[DEBUG] 2024-02-09 16:16:35.305 [main] SqmFunctionRegistry - Registered SqmFunctionTemplate [org.hibernate.query.sqm.function.PatternBasedSqmFunctionDescriptor@756b2d90] under sinh; prior registration was null
[DEBUG] 2024-02-09 16:16:35.305 [main] SqmFunctionRegistry - Registered SqmFunctionTemplate [org.hibernate.query.sqm.function.PatternBasedSqmFunctionDescriptor@3520958b] under cosh; prior registration was null
[DEBUG] 2024-02-09 16:16:35.306 [main] SqmFunctionRegistry - Registered SqmFunctionTemplate [org.hibernate.query.sqm.function.PatternBasedSqmFunctionDescriptor@6cc64028] under tanh; prior registration was null
[DEBUG] 2024-02-09 16:16:35.306 [main] SqmFunctionRegistry - Registered SqmFunctionTemplate [org.hibernate.query.sqm.function.PatternBasedSqmFunctionDescriptor@291a4791] under pi; prior registration was null
[DEBUG] 2024-02-09 16:16:35.306 [main] SqmFunctionRegistry - Registered SqmFunctionTemplate [org.hibernate.query.sqm.function.PatternBasedSqmFunctionDescriptor@5b1e88f] under log; prior registration was null
[DEBUG] 2024-02-09 16:16:35.306 [main] SqmFunctionRegistry - Registered SqmFunctionTemplate [NamedSqmFunctionTemplate(coalesce)] under coalesce; prior registration was null
[DEBUG] 2024-02-09 16:16:35.306 [main] SqmFunctionRegistry - Registered SqmFunctionTemplate [NamedSqmFunctionTemplate(nullif)] under nullif; prior registration was null
[DEBUG] 2024-02-09 16:16:35.306 [main] SqmFunctionRegistry - Registered SqmFunctionTemplate [NamedSqmFunctionTemplate(left)] under left; prior registration was null
[DEBUG] 2024-02-09 16:16:35.306 [main] SqmFunctionRegistry - Registered SqmFunctionTemplate [NamedSqmFunctionTemplate(right)] under right; prior registration was null
[DEBUG] 2024-02-09 16:16:35.306 [main] SqmFunctionRegistry - Registered SqmFunctionTemplate [NamedSqmFunctionTemplate(replace)] under replace; prior registration was null
[DEBUG] 2024-02-09 16:16:35.306 [main] SqmFunctionRegistry - Registered SqmFunctionTemplate [NamedSqmFunctionTemplate(concat)] under concat; prior registration was null
[DEBUG] 2024-02-09 16:16:35.306 [main] SqmFunctionRegistry - Registered SqmFunctionTemplate [NamedSqmFunctionTemplate(lower)] under lower; prior registration was null
[DEBUG] 2024-02-09 16:16:35.306 [main] SqmFunctionRegistry - Registered SqmFunctionTemplate [NamedSqmFunctionTemplate(upper)] under upper; prior registration was null
[DEBUG] 2024-02-09 16:16:35.306 [main] SqmFunctionRegistry - Registered SqmFunctionTemplate [NamedSqmFunctionTemplate(substring)] under substring; prior registration was null
[DEBUG] 2024-02-09 16:16:35.306 [main] SqmFunctionRegistry - Registered SqmFunctionTemplate [NamedSqmFunctionTemplate(locate)] under locate; prior registration was null
[DEBUG] 2024-02-09 16:16:35.306 [main] SqmFunctionRegistry - Registered SqmFunctionTemplate [NamedSqmFunctionTemplate(character_length)] under character_length; prior registration was null
[DEBUG] 2024-02-09 16:16:35.306 [main] SqmFunctionRegistry - Registering alternate key : length -> character_length
[DEBUG] 2024-02-09 16:16:35.307 [main] SqmFunctionRegistry - Registered SqmFunctionTemplate [org.hibernate.dialect.function.LocatePositionEmulation@2fd1ad8a] under position; prior registration was null
[DEBUG] 2024-02-09 16:16:35.308 [main] SqmFunctionRegistry - Registered SqmFunctionTemplate [org.hibernate.dialect.function.InsertSubstringOverlayEmulation@60b5e80d] under overlay; prior registration was null
[DEBUG] 2024-02-09 16:16:35.308 [main] SqmFunctionRegistry - Registered SqmFunctionTemplate [org.hibernate.dialect.function.TrimFunction@4d518c66] under trim; prior registration was null
[DEBUG] 2024-02-09 16:16:35.308 [main] SqmFunctionRegistry - Registered SqmFunctionTemplate [org.hibernate.dialect.function.CastFunction@797fcf9] under cast; prior registration was null
[DEBUG] 2024-02-09 16:16:35.308 [main] SqmFunctionRegistry - Registered SqmFunctionTemplate [org.hibernate.query.sqm.function.PatternBasedSqmFunctionDescriptor@16bd7ae1] under collate; prior registration was null
[DEBUG] 2024-02-09 16:16:35.309 [main] SqmFunctionRegistry - Registered SqmFunctionTemplate [org.hibernate.dialect.function.ExtractFunction@76cdafa3] under extract; prior registration was null
[DEBUG] 2024-02-09 16:16:35.309 [main] SqmFunctionRegistry - Registered SqmFunctionTemplate [NamedSqmFunctionTemplate(least)] under least; prior registration was null
[DEBUG] 2024-02-09 16:16:35.309 [main] SqmFunctionRegistry - Registered SqmFunctionTemplate [NamedSqmFunctionTemplate(greatest)] under greatest; prior registration was null
[DEBUG] 2024-02-09 16:16:35.309 [main] SqmFunctionRegistry - Registered SqmFunctionTemplate [org.hibernate.dialect.function.CoalesceIfnullEmulation@a2b54e3] under ifnull; prior registration was null
[DEBUG] 2024-02-09 16:16:35.309 [main] SqmFunctionRegistry - Registered SqmFunctionTemplate [NamedSqmFunctionTemplate(lpad)] under lpad; prior registration was null
[DEBUG] 2024-02-09 16:16:35.309 [main] SqmFunctionRegistry - Registered SqmFunctionTemplate [NamedSqmFunctionTemplate(rpad)] under rpad; prior registration was null
[DEBUG] 2024-02-09 16:16:35.309 [main] SqmFunctionRegistry - Registered SqmFunctionTemplate [org.hibernate.dialect.function.LpadRpadPadEmulation@62b6c045] under pad; prior registration was null
[DEBUG] 2024-02-09 16:16:35.309 [main] SqmFunctionRegistry - Registered SqmFunctionTemplate [org.hibernate.dialect.function.CastStrEmulation@706f6d26] under str; prior registration was null
[DEBUG] 2024-02-09 16:16:35.310 [main] SqmFunctionRegistry - Registered SqmFunctionTemplate [org.hibernate.dialect.function.FormatFunction@49cb3881] under format; prior registration was null
[DEBUG] 2024-02-09 16:16:35.310 [main] SqmFunctionRegistry - Registered SqmFunctionTemplate [org.hibernate.dialect.function.TimestampaddFunction@482c351d] under timestampadd; prior registration was null
[DEBUG] 2024-02-09 16:16:35.310 [main] SqmFunctionRegistry - Registered SqmFunctionTemplate [org.hibernate.dialect.function.TimestampdiffFunction@7ddcb0dc] under timestampdiff; prior registration was null
[DEBUG] 2024-02-09 16:16:35.310 [main] SqmFunctionRegistry - Registering alternate key : dateadd -> timestampadd
[DEBUG] 2024-02-09 16:16:35.310 [main] SqmFunctionRegistry - Registering alternate key : datediff -> timestampdiff
[DEBUG] 2024-02-09 16:16:35.311 [main] SqmFunctionRegistry - Registered SqmFunctionTemplate [org.hibernate.dialect.function.CurrentFunction@3e856100] under current_date; prior registration was null
[DEBUG] 2024-02-09 16:16:35.311 [main] SqmFunctionRegistry - Registered SqmFunctionTemplate [org.hibernate.dialect.function.CurrentFunction@6e9a0bea] under current_time; prior registration was null
[DEBUG] 2024-02-09 16:16:35.311 [main] SqmFunctionRegistry - Registered SqmFunctionTemplate [org.hibernate.dialect.function.CurrentFunction@28fc1132] under current_timestamp; prior registration was null
[DEBUG] 2024-02-09 16:16:35.311 [main] SqmFunctionRegistry - Registering alternate key : current date -> current_date
[DEBUG] 2024-02-09 16:16:35.311 [main] SqmFunctionRegistry - Registering alternate key : current time -> current_time
[DEBUG] 2024-02-09 16:16:35.311 [main] SqmFunctionRegistry - Registering alternate key : current timestamp -> current_timestamp
[DEBUG] 2024-02-09 16:16:35.311 [main] SqmFunctionRegistry - Registered SqmFunctionTemplate [org.hibernate.dialect.function.CurrentFunction@355ce6a6] under local_date; prior registration was null
[DEBUG] 2024-02-09 16:16:35.311 [main] SqmFunctionRegistry - Registered SqmFunctionTemplate [org.hibernate.dialect.function.CurrentFunction@20440c6c] under local_time; prior registration was null
[DEBUG] 2024-02-09 16:16:35.311 [main] SqmFunctionRegistry - Registered SqmFunctionTemplate [org.hibernate.dialect.function.CurrentFunction@1e3f86d5] under local_datetime; prior registration was null
[DEBUG] 2024-02-09 16:16:35.311 [main] SqmFunctionRegistry - Registered SqmFunctionTemplate [org.hibernate.dialect.function.CurrentFunction@560271a1] under offset_datetime; prior registration was null
[DEBUG] 2024-02-09 16:16:35.311 [main] SqmFunctionRegistry - Registering alternate key : local date -> local_date
[DEBUG] 2024-02-09 16:16:35.311 [main] SqmFunctionRegistry - Registering alternate key : local time -> local_time
[DEBUG] 2024-02-09 16:16:35.311 [main] SqmFunctionRegistry - Registering alternate key : local datetime -> local_datetime
[DEBUG] 2024-02-09 16:16:35.311 [main] SqmFunctionRegistry - Registering alternate key : offset datetime -> offset_datetime
[DEBUG] 2024-02-09 16:16:35.311 [main] SqmFunctionRegistry - Registered SqmFunctionTemplate [org.hibernate.dialect.function.CurrentFunction@4b9c411] under instant; prior registration was null
[DEBUG] 2024-02-09 16:16:35.311 [main] SqmFunctionRegistry - Registering alternate key : current_instant -> instant
[DEBUG] 2024-02-09 16:16:35.311 [main] SqmFunctionRegistry - Registered SqmFunctionTemplate [org.hibernate.dialect.function.SqlFunction@69ec93c2] under sql; prior registration was null
[DEBUG] 2024-02-09 16:16:35.311 [main] SqmFunctionRegistry - Registered SqmFunctionTemplate [NamedSqmFunctionTemplate(soundex)] under soundex; prior registration was null
[DEBUG] 2024-02-09 16:16:35.311 [main] SqmFunctionRegistry - Registered SqmFunctionTemplate [NamedSqmFunctionTemplate(radians)] under radians; prior registration was null
[DEBUG] 2024-02-09 16:16:35.311 [main] SqmFunctionRegistry - Registered SqmFunctionTemplate [NamedSqmFunctionTemplate(degrees)] under degrees; prior registration was null
[DEBUG] 2024-02-09 16:16:35.311 [main] SqmFunctionRegistry - Registered SqmFunctionTemplate [NamedSqmFunctionTemplate(cot)] under cot; prior registration was null
[DEBUG] 2024-02-09 16:16:35.311 [main] SqmFunctionRegistry - Registered SqmFunctionTemplate [NamedSqmFunctionTemplate(log)] under log; prior registration was org.hibernate.query.sqm.function.PatternBasedSqmFunctionDescriptor@5b1e88f
[DEBUG] 2024-02-09 16:16:35.311 [main] SqmFunctionRegistry - Registered SqmFunctionTemplate [NamedSqmFunctionTemplate(log2)] under log2; prior registration was null
[DEBUG] 2024-02-09 16:16:35.311 [main] SqmFunctionRegistry - Registered SqmFunctionTemplate [NamedSqmFunctionTemplate(log10)] under log10; prior registration was null
[DEBUG] 2024-02-09 16:16:35.311 [main] SqmFunctionRegistry - Registered SqmFunctionTemplate [NamedSqmFunctionTemplate(ltrim)] under ltrim; prior registration was null
[DEBUG] 2024-02-09 16:16:35.311 [main] SqmFunctionRegistry - Registered SqmFunctionTemplate [NamedSqmFunctionTemplate(rtrim)] under rtrim; prior registration was null
[DEBUG] 2024-02-09 16:16:35.311 [main] SqmFunctionRegistry - Registered SqmFunctionTemplate [NamedSqmFunctionTemplate(octet_length)] under octet_length; prior registration was null
[DEBUG] 2024-02-09 16:16:35.311 [main] SqmFunctionRegistry - Registered SqmFunctionTemplate [NamedSqmFunctionTemplate(reverse)] under reverse; prior registration was null
[DEBUG] 2024-02-09 16:16:35.311 [main] SqmFunctionRegistry - Registered SqmFunctionTemplate [NamedSqmFunctionTemplate(space)] under space; prior registration was null
[DEBUG] 2024-02-09 16:16:35.311 [main] SqmFunctionRegistry - Registered SqmFunctionTemplate [NamedSqmFunctionTemplate(repeat)] under repeat; prior registration was null
[DEBUG] 2024-02-09 16:16:35.312 [main] SqmFunctionRegistry - Registered SqmFunctionTemplate [org.hibernate.query.sqm.function.MultipatternSqmFunctionDescriptor@6897a4a] under lpad; prior registration was NamedSqmFunctionTemplate(lpad)
[DEBUG] 2024-02-09 16:16:35.312 [main] SqmFunctionRegistry - Registered SqmFunctionTemplate [org.hibernate.query.sqm.function.MultipatternSqmFunctionDescriptor@6986f93e] under rpad; prior registration was NamedSqmFunctionTemplate(rpad)
[DEBUG] 2024-02-09 16:16:35.312 [main] SqmFunctionRegistry - Registered SqmFunctionTemplate [NamedSqmFunctionTemplate(md5)] under md5; prior registration was null
[DEBUG] 2024-02-09 16:16:35.312 [main] SqmFunctionRegistry - Registered SqmFunctionTemplate [NamedSqmFunctionTemplate(day)] under day; prior registration was null
[DEBUG] 2024-02-09 16:16:35.312 [main] SqmFunctionRegistry - Registered SqmFunctionTemplate [NamedSqmFunctionTemplate(month)] under month; prior registration was null
[DEBUG] 2024-02-09 16:16:35.312 [main] SqmFunctionRegistry - Registered SqmFunctionTemplate [NamedSqmFunctionTemplate(year)] under year; prior registration was null
[DEBUG] 2024-02-09 16:16:35.312 [main] SqmFunctionRegistry - Registered SqmFunctionTemplate [NamedSqmFunctionTemplate(hour)] under hour; prior registration was null
[DEBUG] 2024-02-09 16:16:35.312 [main] SqmFunctionRegistry - Registered SqmFunctionTemplate [NamedSqmFunctionTemplate(minute)] under minute; prior registration was null
[DEBUG] 2024-02-09 16:16:35.312 [main] SqmFunctionRegistry - Registered SqmFunctionTemplate [NamedSqmFunctionTemplate(second)] under second; prior registration was null
[DEBUG] 2024-02-09 16:16:35.312 [main] SqmFunctionRegistry - Registered SqmFunctionTemplate [NamedSqmFunctionTemplate(microsecond)] under microsecond; prior registration was null
[DEBUG] 2024-02-09 16:16:35.312 [main] SqmFunctionRegistry - Registered SqmFunctionTemplate [NamedSqmFunctionTemplate(dayofweek)] under dayofweek; prior registration was null
[DEBUG] 2024-02-09 16:16:35.312 [main] SqmFunctionRegistry - Registered SqmFunctionTemplate [NamedSqmFunctionTemplate(dayofmonth)] under dayofmonth; prior registration was null
[DEBUG] 2024-02-09 16:16:35.312 [main] SqmFunctionRegistry - Registering alternate key : day -> dayofmonth
[DEBUG] 2024-02-09 16:16:35.312 [main] SqmFunctionRegistry - Registered SqmFunctionTemplate [NamedSqmFunctionTemplate(dayofyear)] under dayofyear; prior registration was null
[DEBUG] 2024-02-09 16:16:35.312 [main] SqmFunctionRegistry - Registered SqmFunctionTemplate [NamedSqmFunctionTemplate(week)] under week; prior registration was null
[DEBUG] 2024-02-09 16:16:35.312 [main] SqmFunctionRegistry - Registered SqmFunctionTemplate [NamedSqmFunctionTemplate(quarter)] under quarter; prior registration was null
[DEBUG] 2024-02-09 16:16:35.312 [main] SqmFunctionRegistry - Registered SqmFunctionTemplate [NamedSqmFunctionTemplate(monthname)] under monthname; prior registration was null
[DEBUG] 2024-02-09 16:16:35.312 [main] SqmFunctionRegistry - Registered SqmFunctionTemplate [NamedSqmFunctionTemplate(dayname)] under dayname; prior registration was null
[DEBUG] 2024-02-09 16:16:35.312 [main] SqmFunctionRegistry - Registered SqmFunctionTemplate [NamedSqmFunctionTemplate(last_day)] under last_day; prior registration was null
[DEBUG] 2024-02-09 16:16:35.312 [main] SqmFunctionRegistry - Registered SqmFunctionTemplate [NamedSqmFunctionTemplate(date)] under date; prior registration was null
[DEBUG] 2024-02-09 16:16:35.312 [main] SqmFunctionRegistry - Registered SqmFunctionTemplate [NamedSqmFunctionTemplate(timestamp)] under timestamp; prior registration was null
[DEBUG] 2024-02-09 16:16:35.312 [main] SqmFunctionRegistry - Registered SqmFunctionTemplate [NamedSqmFunctionTemplate(time)] under time; prior registration was null
[DEBUG] 2024-02-09 16:16:35.312 [main] SqmFunctionRegistry - Registered SqmFunctionTemplate [NamedSqmFunctionTemplate(utc_date)] under utc_date; prior registration was null
[DEBUG] 2024-02-09 16:16:35.312 [main] SqmFunctionRegistry - Registered SqmFunctionTemplate [NamedSqmFunctionTemplate(utc_time)] under utc_time; prior registration was null
[DEBUG] 2024-02-09 16:16:35.312 [main] SqmFunctionRegistry - Registered SqmFunctionTemplate [NamedSqmFunctionTemplate(utc_timestamp)] under utc_timestamp; prior registration was null
[DEBUG] 2024-02-09 16:16:35.312 [main] SqmFunctionRegistry - Registered SqmFunctionTemplate [NamedSqmFunctionTemplate(rand)] under rand; prior registration was null
[DEBUG] 2024-02-09 16:16:35.312 [main] SqmFunctionRegistry - Registered SqmFunctionTemplate [NamedSqmFunctionTemplate(crc32)] under crc32; prior registration was null
[DEBUG] 2024-02-09 16:16:35.312 [main] SqmFunctionRegistry - Registered SqmFunctionTemplate [NamedSqmFunctionTemplate(sha1)] under sha1; prior registration was null
[DEBUG] 2024-02-09 16:16:35.312 [main] SqmFunctionRegistry - Registered SqmFunctionTemplate [NamedSqmFunctionTemplate(sha2)] under sha2; prior registration was null
[DEBUG] 2024-02-09 16:16:35.312 [main] SqmFunctionRegistry - Registered SqmFunctionTemplate [NamedSqmFunctionTemplate(sha)] under sha; prior registration was null
[DEBUG] 2024-02-09 16:16:35.312 [main] SqmFunctionRegistry - Registered SqmFunctionTemplate [NamedSqmFunctionTemplate(bit_length)] under bit_length; prior registration was null
[DEBUG] 2024-02-09 16:16:35.312 [main] SqmFunctionRegistry - Registered SqmFunctionTemplate [NamedSqmFunctionTemplate(octet_length)] under octet_length; prior registration was NamedSqmFunctionTemplate(octet_length)
[DEBUG] 2024-02-09 16:16:35.313 [main] SqmFunctionRegistry - Registered SqmFunctionTemplate [NamedSqmFunctionTemplate(ascii)] under ascii; prior registration was null
[DEBUG] 2024-02-09 16:16:35.313 [main] SqmFunctionRegistry - Registered SqmFunctionTemplate [NamedSqmFunctionTemplate(instr)] under instr; prior registration was null
[DEBUG] 2024-02-09 16:16:35.313 [main] SqmFunctionRegistry - Registered SqmFunctionTemplate [NamedSqmFunctionTemplate(substr)] under substr; prior registration was null
[DEBUG] 2024-02-09 16:16:35.313 [main] SqmFunctionRegistry - Registered SqmFunctionTemplate [org.hibernate.query.sqm.function.PatternBasedSqmFunctionDescriptor@6bce313] under position; prior registration was org.hibernate.dialect.function.LocatePositionEmulation@2fd1ad8a
[DEBUG] 2024-02-09 16:16:35.313 [main] SqmFunctionRegistry - Registered SqmFunctionTemplate [NamedSqmFunctionTemplate(curtime)] under curtime; prior registration was null
[DEBUG] 2024-02-09 16:16:35.313 [main] SqmFunctionRegistry - Registered SqmFunctionTemplate [NamedSqmFunctionTemplate(curdate)] under curdate; prior registration was null
[DEBUG] 2024-02-09 16:16:35.313 [main] SqmFunctionRegistry - Registered SqmFunctionTemplate [NamedSqmFunctionTemplate(now)] under now; prior registration was null
[DEBUG] 2024-02-09 16:16:35.315 [main] SqmFunctionRegistry - Registered SqmFunctionTemplate [org.hibernate.dialect.function.TruncFunction@2bab618] under trunc; prior registration was null
[DEBUG] 2024-02-09 16:16:35.315 [main] SqmFunctionRegistry - Registering alternate key : truncate -> trunc
[DEBUG] 2024-02-09 16:16:35.315 [main] SqmFunctionRegistry - Registered SqmFunctionTemplate [NamedSqmFunctionTemplate(insert)] under insert; prior registration was null
[DEBUG] 2024-02-09 16:16:35.315 [main] SqmFunctionRegistry - Registered SqmFunctionTemplate [org.hibernate.query.sqm.function.PatternBasedSqmFunctionDescriptor@48bc2fce] under bitand; prior registration was null
[DEBUG] 2024-02-09 16:16:35.315 [main] SqmFunctionRegistry - Registered SqmFunctionTemplate [org.hibernate.query.sqm.function.PatternBasedSqmFunctionDescriptor@1eca3ea7] under bitor; prior registration was null
[DEBUG] 2024-02-09 16:16:35.315 [main] SqmFunctionRegistry - Registered SqmFunctionTemplate [org.hibernate.query.sqm.function.PatternBasedSqmFunctionDescriptor@24fba488] under bitxor; prior registration was null
[DEBUG] 2024-02-09 16:16:35.315 [main] SqmFunctionRegistry - Registered SqmFunctionTemplate [org.hibernate.query.sqm.function.PatternBasedSqmFunctionDescriptor@73a6cc79] under bitnot; prior registration was null
[DEBUG] 2024-02-09 16:16:35.315 [main] SqmFunctionRegistry - Registered SqmFunctionTemplate [NamedSqmFunctionTemplate(bit_and)] under bit_and; prior registration was null
[DEBUG] 2024-02-09 16:16:35.315 [main] SqmFunctionRegistry - Registered SqmFunctionTemplate [NamedSqmFunctionTemplate(bit_or)] under bit_or; prior registration was null
[DEBUG] 2024-02-09 16:16:35.315 [main] SqmFunctionRegistry - Registered SqmFunctionTemplate [NamedSqmFunctionTemplate(stddev)] under stddev; prior registration was null
[DEBUG] 2024-02-09 16:16:35.315 [main] SqmFunctionRegistry - Registered SqmFunctionTemplate [NamedSqmFunctionTemplate(stddev_pop)] under stddev_pop; prior registration was null
[DEBUG] 2024-02-09 16:16:35.315 [main] SqmFunctionRegistry - Registered SqmFunctionTemplate [NamedSqmFunctionTemplate(stddev_samp)] under stddev_samp; prior registration was null
[DEBUG] 2024-02-09 16:16:35.315 [main] SqmFunctionRegistry - Registered SqmFunctionTemplate [NamedSqmFunctionTemplate(variance)] under variance; prior registration was null
[DEBUG] 2024-02-09 16:16:35.315 [main] SqmFunctionRegistry - Registered SqmFunctionTemplate [NamedSqmFunctionTemplate(var_pop)] under var_pop; prior registration was null
[DEBUG] 2024-02-09 16:16:35.315 [main] SqmFunctionRegistry - Registered SqmFunctionTemplate [NamedSqmFunctionTemplate(var_samp)] under var_samp; prior registration was null
[DEBUG] 2024-02-09 16:16:35.315 [main] SqmFunctionRegistry - Registered SqmFunctionTemplate [NamedSqmFunctionTemplate(datediff)] under datediff; prior registration was null
[DEBUG] 2024-02-09 16:16:35.315 [main] SqmFunctionRegistry - Registered SqmFunctionTemplate [NamedSqmFunctionTemplate(adddate)] under adddate; prior registration was null
[DEBUG] 2024-02-09 16:16:35.315 [main] SqmFunctionRegistry - Registered SqmFunctionTemplate [NamedSqmFunctionTemplate(subdate)] under subdate; prior registration was null
[DEBUG] 2024-02-09 16:16:35.315 [main] SqmFunctionRegistry - Registered SqmFunctionTemplate [NamedSqmFunctionTemplate(addtime)] under addtime; prior registration was null
[DEBUG] 2024-02-09 16:16:35.315 [main] SqmFunctionRegistry - Registered SqmFunctionTemplate [NamedSqmFunctionTemplate(subtime)] under subtime; prior registration was null
[DEBUG] 2024-02-09 16:16:35.315 [main] SqmFunctionRegistry - Registered SqmFunctionTemplate [org.hibernate.dialect.function.FormatFunction@5a4d4f9c] under format; prior registration was org.hibernate.dialect.function.FormatFunction@49cb3881
[DEBUG] 2024-02-09 16:16:35.315 [main] SqmFunctionRegistry - Registered SqmFunctionTemplate [NamedSqmFunctionTemplate(makedate)] under makedate; prior registration was null
[DEBUG] 2024-02-09 16:16:35.315 [main] SqmFunctionRegistry - Registered SqmFunctionTemplate [NamedSqmFunctionTemplate(maketime)] under maketime; prior registration was null
[DEBUG] 2024-02-09 16:16:35.316 [main] SqmFunctionRegistry - Registered SqmFunctionTemplate [NamedSqmFunctionTemplate(localtime)] under localtime; prior registration was null
[DEBUG] 2024-02-09 16:16:35.316 [main] SqmFunctionRegistry - Registered SqmFunctionTemplate [NamedSqmFunctionTemplate(localtimestamp)] under localtimestamp; prior registration was null
[DEBUG] 2024-02-09 16:16:35.316 [main] SqmFunctionRegistry - Registered SqmFunctionTemplate [NamedSqmFunctionTemplate(localtime)] under local_time; prior registration was org.hibernate.dialect.function.CurrentFunction@20440c6c
[DEBUG] 2024-02-09 16:16:35.316 [main] SqmFunctionRegistry - Registered SqmFunctionTemplate [NamedSqmFunctionTemplate(localtimestamp)] under local_datetime; prior registration was org.hibernate.dialect.function.CurrentFunction@1e3f86d5
[DEBUG] 2024-02-09 16:16:35.316 [main] SqmFunctionRegistry - Registered SqmFunctionTemplate [NamedSqmFunctionTemplate(localtime)] under localtime; prior registration was NamedSqmFunctionTemplate(localtime)
[DEBUG] 2024-02-09 16:16:35.316 [main] SqmFunctionRegistry - Registered SqmFunctionTemplate [org.hibernate.query.sqm.function.PatternBasedSqmFunctionDescriptor@153d6d74] under pi; prior registration was org.hibernate.query.sqm.function.PatternBasedSqmFunctionDescriptor@291a4791
[DEBUG] 2024-02-09 16:16:35.316 [main] SqmFunctionRegistry - Registered SqmFunctionTemplate [org.hibernate.query.sqm.function.PatternBasedSqmFunctionDescriptor@6c9b44bf] under chr; prior registration was null
[DEBUG] 2024-02-09 16:16:35.316 [main] SqmFunctionRegistry - Registering alternate key : char -> chr
[DEBUG] 2024-02-09 16:16:35.316 [main] SqmFunctionRegistry - Registered SqmFunctionTemplate [org.hibernate.query.sqm.function.PatternBasedSqmFunctionDescriptor@299b9851] under sysdate; prior registration was null
[DEBUG] 2024-02-09 16:16:35.316 [main] SqmFunctionRegistry - Registered SqmFunctionTemplate [org.hibernate.dialect.function.ListaggGroupConcatEmulation@2416c658] under listagg; prior registration was null
[DEBUG] 2024-02-09 16:16:35.318 [main] HQL_FUNCTIONS - abs(NUMERIC arg)
[DEBUG] 2024-02-09 16:16:35.318 [main] HQL_FUNCTIONS - Double acos(NUMERIC arg)
[DEBUG] 2024-02-09 16:16:35.318 [main] HQL_FUNCTIONS - adddate(DATE datetime, INTEGER days)
[DEBUG] 2024-02-09 16:16:35.318 [main] HQL_FUNCTIONS - addtime(TIME datetime, TIME time)
[DEBUG] 2024-02-09 16:16:35.318 [main] HQL_FUNCTIONS - Boolean any(BOOLEAN arg)
[DEBUG] 2024-02-09 16:16:35.318 [main] HQL_FUNCTIONS - Integer ascii(STRING arg)
[DEBUG] 2024-02-09 16:16:35.318 [main] HQL_FUNCTIONS - Double asin(NUMERIC arg)
[DEBUG] 2024-02-09 16:16:35.318 [main] HQL_FUNCTIONS - Double atan(NUMERIC arg)
[DEBUG] 2024-02-09 16:16:35.318 [main] HQL_FUNCTIONS - Double atan2(NUMERIC arg0, NUMERIC arg1)
[DEBUG] 2024-02-09 16:16:35.318 [main] HQL_FUNCTIONS - avg(arg)
[DEBUG] 2024-02-09 16:16:35.319 [main] HQL_FUNCTIONS - bit_and(arg)
[DEBUG] 2024-02-09 16:16:35.319 [main] HQL_FUNCTIONS - Integer bit_length(STRING_OR_CLOB arg)
[DEBUG] 2024-02-09 16:16:35.319 [main] HQL_FUNCTIONS - bit_or(arg)
[DEBUG] 2024-02-09 16:16:35.319 [main] HQL_FUNCTIONS - bitand(arg0, arg1)
[DEBUG] 2024-02-09 16:16:35.319 [main] HQL_FUNCTIONS - bitnot(arg)
[DEBUG] 2024-02-09 16:16:35.319 [main] HQL_FUNCTIONS - bitor(arg0, arg1)
[DEBUG] 2024-02-09 16:16:35.319 [main] HQL_FUNCTIONS - bitxor(arg0, arg1)
[DEBUG] 2024-02-09 16:16:35.319 [main] HQL_FUNCTIONS - cast(arg as Type)
[DEBUG] 2024-02-09 16:16:35.319 [main] HQL_FUNCTIONS - ceiling(NUMERIC arg)
[DEBUG] 2024-02-09 16:16:35.319 [main] HQL_FUNCTIONS - Character char(INTEGER arg)
[DEBUG] 2024-02-09 16:16:35.319 [main] HQL_FUNCTIONS - Integer character_length(STRING_OR_CLOB arg)
[DEBUG] 2024-02-09 16:16:35.319 [main] HQL_FUNCTIONS - Character chr(INTEGER arg)
[DEBUG] 2024-02-09 16:16:35.319 [main] HQL_FUNCTIONS - coalesce(arg0[, arg1[, ...]])
[DEBUG] 2024-02-09 16:16:35.319 [main] HQL_FUNCTIONS - String collate(STRING string as COLLATION collation)
[DEBUG] 2024-02-09 16:16:35.319 [main] HQL_FUNCTIONS - String concat(STRING string0[, STRING string1[, ...]])
[DEBUG] 2024-02-09 16:16:35.319 [main] HQL_FUNCTIONS - Double cos(NUMERIC arg)
[DEBUG] 2024-02-09 16:16:35.319 [main] HQL_FUNCTIONS - Double cosh(NUMERIC arg)
[DEBUG] 2024-02-09 16:16:35.319 [main] HQL_FUNCTIONS - Double cot(NUMERIC arg)
[DEBUG] 2024-02-09 16:16:35.319 [main] HQL_FUNCTIONS - Long count([distinct ]{arg|*})
[DEBUG] 2024-02-09 16:16:35.319 [main] HQL_FUNCTIONS - Integer crc32(arg)
[DEBUG] 2024-02-09 16:16:35.319 [main] HQL_FUNCTIONS - Date curdate()
[DEBUG] 2024-02-09 16:16:35.319 [main] HQL_FUNCTIONS - Date current date
[DEBUG] 2024-02-09 16:16:35.319 [main] HQL_FUNCTIONS - Time current time
[DEBUG] 2024-02-09 16:16:35.319 [main] HQL_FUNCTIONS - Timestamp current timestamp
[DEBUG] 2024-02-09 16:16:35.319 [main] HQL_FUNCTIONS - Date current_date
[DEBUG] 2024-02-09 16:16:35.319 [main] HQL_FUNCTIONS - Instant current_instant
[DEBUG] 2024-02-09 16:16:35.319 [main] HQL_FUNCTIONS - Time current_time
[DEBUG] 2024-02-09 16:16:35.319 [main] HQL_FUNCTIONS - Timestamp current_timestamp
[DEBUG] 2024-02-09 16:16:35.319 [main] HQL_FUNCTIONS - Time curtime()
[DEBUG] 2024-02-09 16:16:35.319 [main] HQL_FUNCTIONS - Date date(arg)
[DEBUG] 2024-02-09 16:16:35.319 [main] HQL_FUNCTIONS - dateadd(TEMPORAL_UNIT field, INTEGER magnitude, TEMPORAL datetime)
[DEBUG] 2024-02-09 16:16:35.319 [main] HQL_FUNCTIONS - Integer datediff(DATE end, DATE start)
[DEBUG] 2024-02-09 16:16:35.319 [main] HQL_FUNCTIONS - Integer day(DATE arg)
[DEBUG] 2024-02-09 16:16:35.319 [main] HQL_FUNCTIONS - String dayname(DATE arg)
[DEBUG] 2024-02-09 16:16:35.319 [main] HQL_FUNCTIONS - Integer dayofmonth(DATE arg)
[DEBUG] 2024-02-09 16:16:35.319 [main] HQL_FUNCTIONS - Integer dayofweek(DATE arg)
[DEBUG] 2024-02-09 16:16:35.319 [main] HQL_FUNCTIONS - Integer dayofyear(DATE arg)
[DEBUG] 2024-02-09 16:16:35.319 [main] HQL_FUNCTIONS - Double degrees(NUMERIC arg)
[DEBUG] 2024-02-09 16:16:35.319 [main] HQL_FUNCTIONS - Boolean every(BOOLEAN arg)
[DEBUG] 2024-02-09 16:16:35.319 [main] HQL_FUNCTIONS - Double exp(NUMERIC arg)
[DEBUG] 2024-02-09 16:16:35.319 [main] HQL_FUNCTIONS - extract(TEMPORAL_UNIT field from TEMPORAL arg)
[DEBUG] 2024-02-09 16:16:35.319 [main] HQL_FUNCTIONS - floor(NUMERIC arg)
[DEBUG] 2024-02-09 16:16:35.319 [main] HQL_FUNCTIONS - String format(TEMPORAL datetime as STRING pattern)
[DEBUG] 2024-02-09 16:16:35.319 [main] HQL_FUNCTIONS - greatest(COMPARABLE arg0, COMPARABLE arg1[, arg2[, ...]])
[DEBUG] 2024-02-09 16:16:35.319 [main] HQL_FUNCTIONS - Integer hour(TIME arg)
[DEBUG] 2024-02-09 16:16:35.319 [main] HQL_FUNCTIONS - ifnull(arg0, arg1)
[DEBUG] 2024-02-09 16:16:35.319 [main] HQL_FUNCTIONS - String insert(STRING string, INTEGER start, INTEGER length, STRING replacement)
[DEBUG] 2024-02-09 16:16:35.319 [main] HQL_FUNCTIONS - Instant instant
[DEBUG] 2024-02-09 16:16:35.319 [main] HQL_FUNCTIONS - Integer instr(STRING string, STRING pattern[, INTEGER start[, INTEGER occurrence]])
[DEBUG] 2024-02-09 16:16:35.319 [main] HQL_FUNCTIONS - Date last_day(DATE arg)
[DEBUG] 2024-02-09 16:16:35.319 [main] HQL_FUNCTIONS - least(COMPARABLE arg0, COMPARABLE arg1[, arg2[, ...]])
[DEBUG] 2024-02-09 16:16:35.319 [main] HQL_FUNCTIONS - String left(STRING string, INTEGER length)
[DEBUG] 2024-02-09 16:16:35.319 [main] HQL_FUNCTIONS - Integer length(STRING_OR_CLOB arg)
[DEBUG] 2024-02-09 16:16:35.319 [main] HQL_FUNCTIONS - String listagg(STRING arg0, STRING arg1)
[DEBUG] 2024-02-09 16:16:35.319 [main] HQL_FUNCTIONS - Double ln(NUMERIC arg)
[DEBUG] 2024-02-09 16:16:35.319 [main] HQL_FUNCTIONS - LocalDate local date
[DEBUG] 2024-02-09 16:16:35.319 [main] HQL_FUNCTIONS - LocalDateTime local datetime
[DEBUG] 2024-02-09 16:16:35.319 [main] HQL_FUNCTIONS - LocalTime local time
[DEBUG] 2024-02-09 16:16:35.319 [main] HQL_FUNCTIONS - LocalDate local_date
[DEBUG] 2024-02-09 16:16:35.319 [main] HQL_FUNCTIONS - LocalDateTime local_datetime
[DEBUG] 2024-02-09 16:16:35.319 [main] HQL_FUNCTIONS - LocalTime local_time
[DEBUG] 2024-02-09 16:16:35.319 [main] HQL_FUNCTIONS - Timestamp localtime
[DEBUG] 2024-02-09 16:16:35.319 [main] HQL_FUNCTIONS - Timestamp localtimestamp
[DEBUG] 2024-02-09 16:16:35.319 [main] HQL_FUNCTIONS - Integer locate(STRING pattern, STRING string[, INTEGER start])
[DEBUG] 2024-02-09 16:16:35.319 [main] HQL_FUNCTIONS - Double log(NUMERIC arg0[, NUMERIC arg1])
[DEBUG] 2024-02-09 16:16:35.319 [main] HQL_FUNCTIONS - Double log10(NUMERIC arg)
[DEBUG] 2024-02-09 16:16:35.319 [main] HQL_FUNCTIONS - Double log2(NUMERIC arg)
[DEBUG] 2024-02-09 16:16:35.319 [main] HQL_FUNCTIONS - String lower(STRING string)
[DEBUG] 2024-02-09 16:16:35.319 [main] HQL_FUNCTIONS - String lpad(string, length[, padding])
[DEBUG] 2024-02-09 16:16:35.319 [main] HQL_FUNCTIONS - String ltrim(STRING string[, STRING characters])
[DEBUG] 2024-02-09 16:16:35.319 [main] HQL_FUNCTIONS - Date makedate(INTEGER year, INTEGER dayofyear)
[DEBUG] 2024-02-09 16:16:35.319 [main] HQL_FUNCTIONS - Time maketime(INTEGER hour, INTEGER min, INTEGER sec)
[DEBUG] 2024-02-09 16:16:35.319 [main] HQL_FUNCTIONS - max(COMPARABLE arg)
[DEBUG] 2024-02-09 16:16:35.320 [main] HQL_FUNCTIONS - String md5(arg)
[DEBUG] 2024-02-09 16:16:35.320 [main] HQL_FUNCTIONS - Integer microsecond(TIME arg)
[DEBUG] 2024-02-09 16:16:35.320 [main] HQL_FUNCTIONS - min(COMPARABLE arg)
[DEBUG] 2024-02-09 16:16:35.320 [main] HQL_FUNCTIONS - Integer minute(TIME arg)
[DEBUG] 2024-02-09 16:16:35.320 [main] HQL_FUNCTIONS - Integer mod(INTEGER arg0, INTEGER arg1)
[DEBUG] 2024-02-09 16:16:35.320 [main] HQL_FUNCTIONS - Integer month(DATE arg)
[DEBUG] 2024-02-09 16:16:35.320 [main] HQL_FUNCTIONS - String monthname(DATE arg)
[DEBUG] 2024-02-09 16:16:35.320 [main] HQL_FUNCTIONS - Timestamp now()
[DEBUG] 2024-02-09 16:16:35.320 [main] HQL_FUNCTIONS - nullif(arg0, arg1)
[DEBUG] 2024-02-09 16:16:35.320 [main] HQL_FUNCTIONS - Integer octet_length(STRING_OR_CLOB arg)
[DEBUG] 2024-02-09 16:16:35.320 [main] HQL_FUNCTIONS - OffsetDateTime offset datetime
[DEBUG] 2024-02-09 16:16:35.320 [main] HQL_FUNCTIONS - OffsetDateTime offset_datetime
[DEBUG] 2024-02-09 16:16:35.320 [main] HQL_FUNCTIONS - String overlay(STRING string placing STRING replacement from INTEGER start[ for INTEGER length])
[DEBUG] 2024-02-09 16:16:35.320 [main] HQL_FUNCTIONS - String pad(STRING string with INTEGER length {leading|trailing}[ STRING character])
[DEBUG] 2024-02-09 16:16:35.320 [main] HQL_FUNCTIONS - Double pi
[DEBUG] 2024-02-09 16:16:35.320 [main] HQL_FUNCTIONS - Integer position(STRING pattern in STRING string)
[DEBUG] 2024-02-09 16:16:35.320 [main] HQL_FUNCTIONS - Double power(NUMERIC arg0, NUMERIC arg1)
[DEBUG] 2024-02-09 16:16:35.320 [main] HQL_FUNCTIONS - Integer quarter(DATE arg)
[DEBUG] 2024-02-09 16:16:35.320 [main] HQL_FUNCTIONS - Double radians(NUMERIC arg)
[DEBUG] 2024-02-09 16:16:35.320 [main] HQL_FUNCTIONS - Double rand([INTEGER seed])
[DEBUG] 2024-02-09 16:16:35.320 [main] HQL_FUNCTIONS - String repeat(STRING string, INTEGER times)
[DEBUG] 2024-02-09 16:16:35.320 [main] HQL_FUNCTIONS - String replace(STRING string, STRING pattern, STRING replacement)
[DEBUG] 2024-02-09 16:16:35.320 [main] HQL_FUNCTIONS - String reverse(STRING arg)
[DEBUG] 2024-02-09 16:16:35.320 [main] HQL_FUNCTIONS - String right(STRING string, INTEGER length)
[DEBUG] 2024-02-09 16:16:35.320 [main] HQL_FUNCTIONS - round(NUMERIC number[, INTEGER places])
[DEBUG] 2024-02-09 16:16:35.320 [main] HQL_FUNCTIONS - String rpad(string, length[, padding])
[DEBUG] 2024-02-09 16:16:35.320 [main] HQL_FUNCTIONS - String rtrim(STRING string[, STRING characters])
[DEBUG] 2024-02-09 16:16:35.320 [main] HQL_FUNCTIONS - Integer second(TIME arg)
[DEBUG] 2024-02-09 16:16:35.320 [main] HQL_FUNCTIONS - String sha(arg)
[DEBUG] 2024-02-09 16:16:35.320 [main] HQL_FUNCTIONS - String sha1(arg)
[DEBUG] 2024-02-09 16:16:35.320 [main] HQL_FUNCTIONS - String sha2(arg0, arg1)
[DEBUG] 2024-02-09 16:16:35.320 [main] HQL_FUNCTIONS - Integer sign(NUMERIC arg)
[DEBUG] 2024-02-09 16:16:35.320 [main] HQL_FUNCTIONS - Double sin(NUMERIC arg)
[DEBUG] 2024-02-09 16:16:35.320 [main] HQL_FUNCTIONS - Double sinh(NUMERIC arg)
[DEBUG] 2024-02-09 16:16:35.320 [main] HQL_FUNCTIONS - String soundex(arg)
[DEBUG] 2024-02-09 16:16:35.320 [main] HQL_FUNCTIONS - String space(INTEGER arg)
[DEBUG] 2024-02-09 16:16:35.320 [main] HQL_FUNCTIONS - Object sql
[DEBUG] 2024-02-09 16:16:35.320 [main] HQL_FUNCTIONS - Double sqrt(NUMERIC arg)
[DEBUG] 2024-02-09 16:16:35.320 [main] HQL_FUNCTIONS - Double stddev(NUMERIC arg)
[DEBUG] 2024-02-09 16:16:35.320 [main] HQL_FUNCTIONS - Double stddev_pop(NUMERIC arg)
[DEBUG] 2024-02-09 16:16:35.320 [main] HQL_FUNCTIONS - Double stddev_samp(NUMERIC arg)
[DEBUG] 2024-02-09 16:16:35.320 [main] HQL_FUNCTIONS - String str(arg)
[DEBUG] 2024-02-09 16:16:35.320 [main] HQL_FUNCTIONS - subdate(DATE datetime, INTEGER days)
[DEBUG] 2024-02-09 16:16:35.320 [main] HQL_FUNCTIONS - String substr(STRING string, INTEGER start[, INTEGER length])
[DEBUG] 2024-02-09 16:16:35.320 [main] HQL_FUNCTIONS - String substring(STRING string{ from|,} INTEGER start[{ for|,} INTEGER length])
[DEBUG] 2024-02-09 16:16:35.320 [main] HQL_FUNCTIONS - subtime(TIME datetime, TIME time)
[DEBUG] 2024-02-09 16:16:35.320 [main] HQL_FUNCTIONS - sum(arg)
[DEBUG] 2024-02-09 16:16:35.320 [main] HQL_FUNCTIONS - Timestamp sysdate()
[DEBUG] 2024-02-09 16:16:35.320 [main] HQL_FUNCTIONS - Double tan(NUMERIC arg)
[DEBUG] 2024-02-09 16:16:35.320 [main] HQL_FUNCTIONS - Double tanh(NUMERIC arg)
[DEBUG] 2024-02-09 16:16:35.320 [main] HQL_FUNCTIONS - String time(arg)
[DEBUG] 2024-02-09 16:16:35.320 [main] HQL_FUNCTIONS - Timestamp timestamp(arg0[, arg1])
[DEBUG] 2024-02-09 16:16:35.320 [main] HQL_FUNCTIONS - timestampadd(TEMPORAL_UNIT field, INTEGER magnitude, TEMPORAL datetime)
[DEBUG] 2024-02-09 16:16:35.321 [main] HQL_FUNCTIONS - basicType@14(java.lang.Long,-5)|basicType@17(java.lang.Double,8) timestampdiff(TEMPORAL_UNIT field, TEMPORAL start, TEMPORAL end)
[DEBUG] 2024-02-09 16:16:35.321 [main] HQL_FUNCTIONS - String trim([[{leading|trailing|both} ][STRING arg0 ]from] STRING arg1)
[DEBUG] 2024-02-09 16:16:35.321 [main] HQL_FUNCTIONS - trunc( ... )
[DEBUG] 2024-02-09 16:16:35.321 [main] HQL_FUNCTIONS - truncate( ... )
[DEBUG] 2024-02-09 16:16:35.321 [main] HQL_FUNCTIONS - String upper(STRING string)
[DEBUG] 2024-02-09 16:16:35.321 [main] HQL_FUNCTIONS - Date utc_date
[DEBUG] 2024-02-09 16:16:35.321 [main] HQL_FUNCTIONS - Time utc_time
[DEBUG] 2024-02-09 16:16:35.321 [main] HQL_FUNCTIONS - Timestamp utc_timestamp
[DEBUG] 2024-02-09 16:16:35.321 [main] HQL_FUNCTIONS - Double var_pop(NUMERIC arg)
[DEBUG] 2024-02-09 16:16:35.321 [main] HQL_FUNCTIONS - Double var_samp(NUMERIC arg)
[DEBUG] 2024-02-09 16:16:35.321 [main] HQL_FUNCTIONS - Double variance(NUMERIC arg)
[DEBUG] 2024-02-09 16:16:35.321 [main] HQL_FUNCTIONS - Integer week(DATE arg)
[DEBUG] 2024-02-09 16:16:35.321 [main] HQL_FUNCTIONS - Integer year(DATE arg)
[DEBUG] 2024-02-09 16:16:35.323 [main] cache - Starting QueryInterpretationCache(2048)
[DEBUG] 2024-02-09 16:16:35.377 [main] SessionFactoryServiceRegistryImpl - EventListenerRegistry access via ServiceRegistry is deprecated.  Use `sessionFactory.getEventEngine().getListenerRegistry()` instead
[DEBUG] 2024-02-09 16:16:35.378 [main] EntityCopyObserverFactoryInitiator - Configured EntityCopyObserver strategy: disallow
[DEBUG] 2024-02-09 16:16:35.423 [main] ClassLoaderAccessImpl - Not known whether passed class name [donationLog.entity.Donation] is safe
[DEBUG] 2024-02-09 16:16:35.423 [main] ClassLoaderAccessImpl - No temp ClassLoader provided; using live ClassLoader for loading potentially unsafe class : donationLog.entity.Donation
[DEBUG] 2024-02-09 16:16:35.507 [main] BytecodeProviderImpl - HHH000513: Unable to create the ReflectionOptimizer for [donationLog.entity.Donation]: private accessor [donationDate]
[DEBUG] 2024-02-09 16:16:35.531 [main] creation - Starting post-init callbacks
[DEBUG] 2024-02-09 16:16:35.531 [main] creation - Starting PostInitCallbackEntry : Entity(donationLog.entity.Donation) `staticFetchableList` generator
[DEBUG] 2024-02-09 16:16:35.565 [main] create - Created new SQL alias : d1_0
[DEBUG] 2024-02-09 16:16:35.566 [main] create - Registration of TableGroup [StandardTableGroup(donationLog.entity.Donation)] with identifierForTableGroup [donationLog.entity.Donation] for NavigablePath [donationLog.entity.Donation] 
[DEBUG] 2024-02-09 16:16:35.573 [main] AST - DomainResult Graph:
 \-EntityResultImpl [donationLog.entity.Donation]
 |  +-BasicFetch [donationLog.entity.Donation.donationDate]
 |  +-BasicFetch [donationLog.entity.Donation.donationType]
 |  +-BasicFetch [donationLog.entity.Donation.donationWeight]
 |  \-BasicFetch [donationLog.entity.Donation.donorName]

[DEBUG] 2024-02-09 16:16:35.579 [main] tree - SQL AST Tree:
    SelectStatement {
      FromClause {
        StandardTableGroup (d1 : donationLog.entity.Donation) {
          primaryTableReference : donations as d1_0
        }
      }
    }

[DEBUG] 2024-02-09 16:16:35.584 [main] AbstractEntityPersister - Static SQL for entity: donationLog.entity.Donation
[DEBUG] 2024-02-09 16:16:35.584 [main] AbstractEntityPersister -  Version select: select donationID from donations where donationID=?
[DEBUG] 2024-02-09 16:16:35.584 [main] AbstractEntityPersister -  Insert (0): insert into donations (donation_date,donation_type,donation_weight,donor_name) values (?,?,?,?)
[DEBUG] 2024-02-09 16:16:35.584 [main] AbstractEntityPersister -  Update (0): update donations set donation_date=?,donation_type=?,donation_weight=?,donor_name=? where donationID=?
[DEBUG] 2024-02-09 16:16:35.584 [main] AbstractEntityPersister -  Delete (0): delete from donations where donationID=?
[DEBUG] 2024-02-09 16:16:35.597 [main] JtaPlatformInitiator - No JtaPlatform was specified, checking resolver
[DEBUG] 2024-02-09 16:16:35.598 [main] JtaPlatformResolverInitiator - No JtaPlatformResolver was specified, using default [org.hibernate.engine.transaction.jta.platform.internal.StandardJtaPlatformResolver]
[DEBUG] 2024-02-09 16:16:35.599 [main] StandardJtaPlatformResolver - Could not resolve JtaPlatform, using default [org.hibernate.engine.transaction.jta.platform.internal.NoJtaPlatform]
[INFO ] 2024-02-09 16:16:35.599 [main] JtaPlatformInitiator - HHH000489: No JTA platform available (set 'hibernate.transaction.jta.platform' to enable JTA platform integration)
[DEBUG] 2024-02-09 16:16:35.599 [main] TypeConfiguration$Scope - Scoping TypeConfiguration [org.hibernate.type.spi.TypeConfiguration@3456558] to SessionFactoryImplementor [org.hibernate.internal.SessionFactoryImpl@401926df]
[DEBUG] 2024-02-09 16:16:35.600 [main] NamedObjectRepository - Checking 0 named HQL queries
[DEBUG] 2024-02-09 16:16:35.600 [main] NamedObjectRepository - Checking 0 named SQL queries
[DEBUG] 2024-02-09 16:16:35.600 [main] SchemaManagementToolCoordinator - No schema actions specified for contributor `orm`; doing nothing
[DEBUG] 2024-02-09 16:16:35.600 [main] SchemaManagementToolCoordinator - No actions found; doing nothing
[DEBUG] 2024-02-09 16:16:35.602 [main] SessionFactoryRegistry - Initializing SessionFactoryRegistry : org.hibernate.internal.SessionFactoryRegistry@350f18a6
[DEBUG] 2024-02-09 16:16:35.602 [main] SessionFactoryRegistry - Registering SessionFactory: 0180d416-25a8-4b9b-8c80-3cedadad55a2 (<unnamed>)
[DEBUG] 2024-02-09 16:16:35.602 [main] SessionFactoryRegistry - Not binding SessionFactory to JNDI, no JNDI name configured
[DEBUG] 2024-02-09 16:16:35.602 [main] SessionFactoryImpl - Instantiated SessionFactory
[DEBUG] 2024-02-09 16:16:35.622 [main] StatisticsInitiator - Statistics initialized [enabled=false]
[DEBUG] 2024-02-09 16:16:35.683 [main] create - Created new SQL alias : d1_0
[DEBUG] 2024-02-09 16:16:35.684 [main] create - Registration of TableGroup [StandardTableGroup(donationLog.entity.Donation(87291785406541))] with identifierForTableGroup [donationLog.entity.Donation] for NavigablePath [donationLog.entity.Donation] 
[DEBUG] 2024-02-09 16:16:35.689 [main] BaseSqmToSqlAstConverter - Determining mapping-model type for SqmParameter : org.hibernate.query.sqm.tree.expression.SqmJpaCriteriaParameterWrapper@6c519e47
[DEBUG] 2024-02-09 16:16:35.690 [main] BaseSqmToSqlAstConverter - Determining mapping-model type for SqmPath : SqmBasicValuedSimplePath(donationLog.entity.Donation(87291785406541).donorName) 
[DEBUG] 2024-02-09 16:16:35.693 [main] AST - DomainResult Graph:
 \-EntityResultImpl [donationLog.entity.Donation(87291785406541)]
 |  +-BasicFetch [donationLog.entity.Donation(87291785406541).donationDate]
 |  +-BasicFetch [donationLog.entity.Donation(87291785406541).donationType]
 |  +-BasicFetch [donationLog.entity.Donation(87291785406541).donationWeight]
 |  \-BasicFetch [donationLog.entity.Donation(87291785406541).donorName]

[DEBUG] 2024-02-09 16:16:35.693 [main] tree - SQL AST Tree:
    SelectStatement {
      FromClause {
        StandardTableGroup (d1 : donationLog.entity.Donation(87291785406541)) {
          primaryTableReference : donations as d1_0
        }
      }
    }

[DEBUG] 2024-02-09 16:16:35.699 [main] exec - Skipping reading Query result cache data: cache-enabled = false, cache-mode = NORMAL
[DEBUG] 2024-02-09 16:16:35.708 [main] results - Initializer list:
	  donationLog.entity.Donation(87291785406541) -> EntityResultInitializer(donationLog.entity.Donation(87291785406541))@1086491405 (SingleTableEntityPersister(donationLog.entity.Donation))

[DEBUG] 2024-02-09 16:16:35.711 [main] SQL - select d1_0.donationID,d1_0.donation_date,d1_0.donation_type,d1_0.donation_weight,d1_0.donor_name from donations d1_0 where d1_0.donor_name like replace(?,'\\','\\\\')
[DEBUG] 2024-02-09 16:16:35.722 [main] results - Extracted JDBC value [0] - [9]
[DEBUG] 2024-02-09 16:16:35.723 [main] entity - (EntityResultInitializer) Hydrated EntityKey (donationLog.entity.Donation(87291785406541)): 9
[DEBUG] 2024-02-09 16:16:35.724 [main] entity - (EntityResultInitializer) Created new entity instance [donationLog.entity.Donation(87291785406541)#9] : 1350066054
[DEBUG] 2024-02-09 16:16:35.724 [main] results - Extracted JDBC value [1] - [2024-02-09 00:00:00.0]
[DEBUG] 2024-02-09 16:16:35.724 [main] results - Extracted JDBC value [2] - [Frozen]
[DEBUG] 2024-02-09 16:16:35.724 [main] results - Extracted JDBC value [3] - [20]
[DEBUG] 2024-02-09 16:16:35.724 [main] results - Extracted JDBC value [4] - [Kwik Trip]
[DEBUG] 2024-02-09 16:16:35.726 [main] entity - (EntityResultInitializer) Done materializing entityInstance : donationLog.entity.Donation(87291785406541)#9
[DEBUG] 2024-02-09 16:16:35.726 [main] loading - Calling top-level assembler (0 / 1) : org.hibernate.sql.results.graph.entity.internal.EntityAssembler@56299b0e
[DEBUG] 2024-02-09 16:16:35.727 [main] results - Extracted JDBC value [0] - [11]
[DEBUG] 2024-02-09 16:16:35.727 [main] entity - (EntityResultInitializer) Hydrated EntityKey (donationLog.entity.Donation(87291785406541)): 11
[DEBUG] 2024-02-09 16:16:35.727 [main] entity - (EntityResultInitializer) Created new entity instance [donationLog.entity.Donation(87291785406541)#11] : 717951588
[DEBUG] 2024-02-09 16:16:35.727 [main] results - Extracted JDBC value [1] - [2024-02-09 00:00:00.0]
[DEBUG] 2024-02-09 16:16:35.727 [main] results - Extracted JDBC value [2] - [Frozen]
[DEBUG] 2024-02-09 16:16:35.727 [main] results - Extracted JDBC value [3] - [20]
[DEBUG] 2024-02-09 16:16:35.727 [main] results - Extracted JDBC value [4] - [Kwik Trip]
[DEBUG] 2024-02-09 16:16:35.727 [main] entity - (EntityResultInitializer) Done materializing entityInstance : donationLog.entity.Donation(87291785406541)#11
[DEBUG] 2024-02-09 16:16:35.727 [main] loading - Calling top-level assembler (0 / 1) : org.hibernate.sql.results.graph.entity.internal.EntityAssembler@56299b0e
[DEBUG] 2024-02-09 16:16:35.727 [main] results - Extracted JDBC value [0] - [12]
[DEBUG] 2024-02-09 16:16:35.727 [main] entity - (EntityResultInitializer) Hydrated EntityKey (donationLog.entity.Donation(87291785406541)): 12
[DEBUG] 2024-02-09 16:16:35.727 [main] entity - (EntityResultInitializer) Created new entity instance [donationLog.entity.Donation(87291785406541)#12] : 815799768
[DEBUG] 2024-02-09 16:16:35.727 [main] results - Extracted JDBC value [1] - [2024-02-09 00:00:00.0]
[DEBUG] 2024-02-09 16:16:35.727 [main] results - Extracted JDBC value [2] - [Frozen]
[DEBUG] 2024-02-09 16:16:35.727 [main] results - Extracted JDBC value [3] - [20]
[DEBUG] 2024-02-09 16:16:35.727 [main] results - Extracted JDBC value [4] - [Kwik Trip]
[DEBUG] 2024-02-09 16:16:35.727 [main] entity - (EntityResultInitializer) Done materializing entityInstance : donationLog.entity.Donation(87291785406541)#12
[DEBUG] 2024-02-09 16:16:35.727 [main] loading - Calling top-level assembler (0 / 1) : org.hibernate.sql.results.graph.entity.internal.EntityAssembler@56299b0e
[DEBUG] 2024-02-09 16:16:35.727 [main] results - Extracted JDBC value [0] - [13]
[DEBUG] 2024-02-09 16:16:35.727 [main] entity - (EntityResultInitializer) Hydrated EntityKey (donationLog.entity.Donation(87291785406541)): 13
[DEBUG] 2024-02-09 16:16:35.727 [main] entity - (EntityResultInitializer) Created new entity instance [donationLog.entity.Donation(87291785406541)#13] : 526968040
[DEBUG] 2024-02-09 16:16:35.727 [main] results - Extracted JDBC value [1] - [2024-02-09 00:00:00.0]
[DEBUG] 2024-02-09 16:16:35.727 [main] results - Extracted JDBC value [2] - [Frozen]
[DEBUG] 2024-02-09 16:16:35.727 [main] results - Extracted JDBC value [3] - [20]
[DEBUG] 2024-02-09 16:16:35.728 [main] results - Extracted JDBC value [4] - [Kwik Trip]
[DEBUG] 2024-02-09 16:16:35.728 [main] entity - (EntityResultInitializer) Done materializing entityInstance : donationLog.entity.Donation(87291785406541)#13
[DEBUG] 2024-02-09 16:16:35.728 [main] loading - Calling top-level assembler (0 / 1) : org.hibernate.sql.results.graph.entity.internal.EntityAssembler@56299b0e
[DEBUG] 2024-02-09 16:16:35.728 [main] results - Extracted JDBC value [0] - [14]
[DEBUG] 2024-02-09 16:16:35.728 [main] entity - (EntityResultInitializer) Hydrated EntityKey (donationLog.entity.Donation(87291785406541)): 14
[DEBUG] 2024-02-09 16:16:35.728 [main] entity - (EntityResultInitializer) Created new entity instance [donationLog.entity.Donation(87291785406541)#14] : 1203022979
[DEBUG] 2024-02-09 16:16:35.728 [main] results - Extracted JDBC value [1] - [2024-02-09 00:00:00.0]
[DEBUG] 2024-02-09 16:16:35.728 [main] results - Extracted JDBC value [2] - [Frozen]
[DEBUG] 2024-02-09 16:16:35.728 [main] results - Extracted JDBC value [3] - [20]
[DEBUG] 2024-02-09 16:16:35.728 [main] results - Extracted JDBC value [4] - [Kwik Trip]
[DEBUG] 2024-02-09 16:16:35.728 [main] entity - (EntityResultInitializer) Done materializing entityInstance : donationLog.entity.Donation(87291785406541)#14
[DEBUG] 2024-02-09 16:16:35.728 [main] loading - Calling top-level assembler (0 / 1) : org.hibernate.sql.results.graph.entity.internal.EntityAssembler@56299b0e
[DEBUG] 2024-02-09 16:16:35.728 [main] results - Extracted JDBC value [0] - [15]
[DEBUG] 2024-02-09 16:16:35.728 [main] entity - (EntityResultInitializer) Hydrated EntityKey (donationLog.entity.Donation(87291785406541)): 15
[DEBUG] 2024-02-09 16:16:35.728 [main] entity - (EntityResultInitializer) Created new entity instance [donationLog.entity.Donation(87291785406541)#15] : 891215395
[DEBUG] 2024-02-09 16:16:35.728 [main] results - Extracted JDBC value [1] - [2024-02-09 00:00:00.0]
[DEBUG] 2024-02-09 16:16:35.728 [main] results - Extracted JDBC value [2] - [Frozen]
[DEBUG] 2024-02-09 16:16:35.728 [main] results - Extracted JDBC value [3] - [20]
[DEBUG] 2024-02-09 16:16:35.728 [main] results - Extracted JDBC value [4] - [Kwik Trip]
[DEBUG] 2024-02-09 16:16:35.728 [main] entity - (EntityResultInitializer) Done materializing entityInstance : donationLog.entity.Donation(87291785406541)#15
[DEBUG] 2024-02-09 16:16:35.728 [main] loading - Calling top-level assembler (0 / 1) : org.hibernate.sql.results.graph.entity.internal.EntityAssembler@56299b0e
[DEBUG] 2024-02-09 16:16:35.730 [main] LogicalConnectionManagedImpl - Initiating JDBC connection release from afterTransaction
[DEBUG] 2024-02-09 16:16:35.730 [main] LogicalConnectionManagedImpl - Initiating JDBC connection release from afterTransaction
