[DEBUG] 2024-02-15 19:32:14.109 [main] IntegratorServiceImpl - Adding Integrator [org.hibernate.boot.beanvalidation.BeanValidationIntegrator].
[DEBUG] 2024-02-15 19:32:14.114 [main] IntegratorServiceImpl - Adding Integrator [org.hibernate.cache.internal.CollectionCacheInvalidator].
[INFO ] 2024-02-15 19:32:14.133 [main] Version - HHH000412: Hibernate ORM core version 6.4.3.Final
[DEBUG] 2024-02-15 19:32:14.134 [main] Environment - HHH000206: 'hibernate.properties' not found
[DEBUG] 2024-02-15 19:32:14.179 [main] LocalXmlResourceResolver - Checking public/system identifiers `-//Hibernate/Hibernate Configuration DTD//EN`/`http://www.hibernate.org/dtd/hibernate-configuration-3.0.dtd` as DTD references
[DEBUG] 2024-02-15 19:32:14.184 [main] JaxbCfgProcessor - cfg.xml document did not define namespaces; wrapping in custom event reader to introduce namespace information
[DEBUG] 2024-02-15 19:32:14.302 [main] factory - Ignoring CDI for resolving IdentifierGenerator instances as extended or delayed CDI support was enabled
[DEBUG] 2024-02-15 19:32:14.304 [main] factory - Registering IdentifierGenerator strategy [uuid2] -> [org.hibernate.id.UUIDGenerator]
[DEBUG] 2024-02-15 19:32:14.305 [main] factory - Registering IdentifierGenerator strategy [guid] -> [org.hibernate.id.GUIDGenerator]
[DEBUG] 2024-02-15 19:32:14.305 [main] factory - Registering IdentifierGenerator strategy [uuid] -> [org.hibernate.id.UUIDHexGenerator]
[DEBUG] 2024-02-15 19:32:14.305 [main] factory - Registering IdentifierGenerator strategy [uuid.hex] -> [org.hibernate.id.UUIDHexGenerator]
[DEBUG] 2024-02-15 19:32:14.305 [main] factory - Registering IdentifierGenerator strategy [assigned] -> [org.hibernate.id.Assigned]
[DEBUG] 2024-02-15 19:32:14.305 [main] factory - Registering IdentifierGenerator strategy [identity] -> [org.hibernate.id.IdentityGenerator]
[DEBUG] 2024-02-15 19:32:14.305 [main] factory - Registering IdentifierGenerator strategy [select] -> [org.hibernate.id.SelectGenerator]
[DEBUG] 2024-02-15 19:32:14.306 [main] factory - Registering IdentifierGenerator strategy [sequence] -> [org.hibernate.id.enhanced.SequenceStyleGenerator]
[DEBUG] 2024-02-15 19:32:14.306 [main] factory - Registering IdentifierGenerator strategy [increment] -> [org.hibernate.id.IncrementGenerator]
[DEBUG] 2024-02-15 19:32:14.307 [main] factory - Registering IdentifierGenerator strategy [foreign] -> [org.hibernate.id.ForeignGenerator]
[DEBUG] 2024-02-15 19:32:14.307 [main] factory - Registering IdentifierGenerator strategy [enhanced-sequence] -> [org.hibernate.id.enhanced.SequenceStyleGenerator]
[DEBUG] 2024-02-15 19:32:14.307 [main] factory - Registering IdentifierGenerator strategy [enhanced-table] -> [org.hibernate.id.enhanced.TableGenerator]
[DEBUG] 2024-02-15 19:32:14.312 [main] RegionFactoryInitiator - Cannot default RegionFactory based on registered strategies as `[]` RegionFactory strategies were registered
[INFO ] 2024-02-15 19:32:14.313 [main] RegionFactoryInitiator - HHH000026: Second-level cache disabled
[DEBUG] 2024-02-15 19:32:14.371 [main] BasicTypeRegistry - Adding type registration boolean -> org.hibernate.type.BasicTypeReference@b18c4
[DEBUG] 2024-02-15 19:32:14.371 [main] BasicTypeRegistry - Adding type registration boolean -> org.hibernate.type.BasicTypeReference@b18c4
[DEBUG] 2024-02-15 19:32:14.371 [main] BasicTypeRegistry - Adding type registration java.lang.Boolean -> org.hibernate.type.BasicTypeReference@b18c4
[DEBUG] 2024-02-15 19:32:14.371 [main] BasicTypeRegistry - Adding type registration numeric_boolean -> org.hibernate.type.BasicTypeReference@4cbf4f53
[DEBUG] 2024-02-15 19:32:14.371 [main] BasicTypeRegistry - Adding type registration org.hibernate.type.NumericBooleanConverter -> org.hibernate.type.BasicTypeReference@4cbf4f53
[DEBUG] 2024-02-15 19:32:14.371 [main] BasicTypeRegistry - Adding type registration true_false -> org.hibernate.type.BasicTypeReference@597f48df
[DEBUG] 2024-02-15 19:32:14.371 [main] BasicTypeRegistry - Adding type registration org.hibernate.type.TrueFalseConverter -> org.hibernate.type.BasicTypeReference@597f48df
[DEBUG] 2024-02-15 19:32:14.371 [main] BasicTypeRegistry - Adding type registration yes_no -> org.hibernate.type.BasicTypeReference@15dd5ac2
[DEBUG] 2024-02-15 19:32:14.371 [main] BasicTypeRegistry - Adding type registration org.hibernate.type.YesNoConverter -> org.hibernate.type.BasicTypeReference@15dd5ac2
[DEBUG] 2024-02-15 19:32:14.372 [main] BasicTypeRegistry - Adding type registration byte -> org.hibernate.type.BasicTypeReference@4d48bd85
[DEBUG] 2024-02-15 19:32:14.372 [main] BasicTypeRegistry - Adding type registration byte -> org.hibernate.type.BasicTypeReference@4d48bd85
[DEBUG] 2024-02-15 19:32:14.372 [main] BasicTypeRegistry - Adding type registration java.lang.Byte -> org.hibernate.type.BasicTypeReference@4d48bd85
[DEBUG] 2024-02-15 19:32:14.372 [main] BasicTypeRegistry - Adding type registration binary -> org.hibernate.type.BasicTypeReference@7bbbb6a8
[DEBUG] 2024-02-15 19:32:14.372 [main] BasicTypeRegistry - Adding type registration byte[] -> org.hibernate.type.BasicTypeReference@7bbbb6a8
[DEBUG] 2024-02-15 19:32:14.372 [main] BasicTypeRegistry - Adding type registration [B -> org.hibernate.type.BasicTypeReference@7bbbb6a8
[DEBUG] 2024-02-15 19:32:14.372 [main] BasicTypeRegistry - Adding type registration binary_wrapper -> org.hibernate.type.BasicTypeReference@58a120b0
[DEBUG] 2024-02-15 19:32:14.372 [main] BasicTypeRegistry - Adding type registration wrapper-binary -> org.hibernate.type.BasicTypeReference@58a120b0
[DEBUG] 2024-02-15 19:32:14.372 [main] BasicTypeRegistry - Adding type registration image -> org.hibernate.type.BasicTypeReference@27d57a2c
[DEBUG] 2024-02-15 19:32:14.372 [main] BasicTypeRegistry - Adding type registration blob -> org.hibernate.type.BasicTypeReference@2ff95fc6
[DEBUG] 2024-02-15 19:32:14.372 [main] BasicTypeRegistry - Adding type registration java.sql.Blob -> org.hibernate.type.BasicTypeReference@2ff95fc6
[DEBUG] 2024-02-15 19:32:14.372 [main] BasicTypeRegistry - Adding type registration materialized_blob -> org.hibernate.type.BasicTypeReference@9d1a267
[DEBUG] 2024-02-15 19:32:14.372 [main] BasicTypeRegistry - Adding type registration materialized_blob_wrapper -> org.hibernate.type.BasicTypeReference@58a4a74d
[DEBUG] 2024-02-15 19:32:14.372 [main] BasicTypeRegistry - Adding type registration short -> org.hibernate.type.BasicTypeReference@54aca26f
[DEBUG] 2024-02-15 19:32:14.372 [main] BasicTypeRegistry - Adding type registration short -> org.hibernate.type.BasicTypeReference@54aca26f
[DEBUG] 2024-02-15 19:32:14.372 [main] BasicTypeRegistry - Adding type registration java.lang.Short -> org.hibernate.type.BasicTypeReference@54aca26f
[DEBUG] 2024-02-15 19:32:14.372 [main] BasicTypeRegistry - Adding type registration integer -> org.hibernate.type.BasicTypeReference@314ed053
[DEBUG] 2024-02-15 19:32:14.372 [main] BasicTypeRegistry - Adding type registration int -> org.hibernate.type.BasicTypeReference@314ed053
[DEBUG] 2024-02-15 19:32:14.372 [main] BasicTypeRegistry - Adding type registration java.lang.Integer -> org.hibernate.type.BasicTypeReference@314ed053
[DEBUG] 2024-02-15 19:32:14.372 [main] BasicTypeRegistry - Adding type registration long -> org.hibernate.type.BasicTypeReference@35088e87
[DEBUG] 2024-02-15 19:32:14.372 [main] BasicTypeRegistry - Adding type registration long -> org.hibernate.type.BasicTypeReference@35088e87
[DEBUG] 2024-02-15 19:32:14.372 [main] BasicTypeRegistry - Adding type registration java.lang.Long -> org.hibernate.type.BasicTypeReference@35088e87
[DEBUG] 2024-02-15 19:32:14.372 [main] BasicTypeRegistry - Adding type registration float -> org.hibernate.type.BasicTypeReference@486bc9a4
[DEBUG] 2024-02-15 19:32:14.372 [main] BasicTypeRegistry - Adding type registration float -> org.hibernate.type.BasicTypeReference@486bc9a4
[DEBUG] 2024-02-15 19:32:14.372 [main] BasicTypeRegistry - Adding type registration java.lang.Float -> org.hibernate.type.BasicTypeReference@486bc9a4
[DEBUG] 2024-02-15 19:32:14.372 [main] BasicTypeRegistry - Adding type registration double -> org.hibernate.type.BasicTypeReference@7965a51c
[DEBUG] 2024-02-15 19:32:14.373 [main] BasicTypeRegistry - Adding type registration double -> org.hibernate.type.BasicTypeReference@7965a51c
[DEBUG] 2024-02-15 19:32:14.373 [main] BasicTypeRegistry - Adding type registration java.lang.Double -> org.hibernate.type.BasicTypeReference@7965a51c
[DEBUG] 2024-02-15 19:32:14.373 [main] BasicTypeRegistry - Adding type registration big_integer -> org.hibernate.type.BasicTypeReference@3eee3e2b
[DEBUG] 2024-02-15 19:32:14.373 [main] BasicTypeRegistry - Adding type registration java.math.BigInteger -> org.hibernate.type.BasicTypeReference@3eee3e2b
[DEBUG] 2024-02-15 19:32:14.373 [main] BasicTypeRegistry - Adding type registration big_decimal -> org.hibernate.type.BasicTypeReference@4f63e3c7
[DEBUG] 2024-02-15 19:32:14.373 [main] BasicTypeRegistry - Adding type registration java.math.BigDecimal -> org.hibernate.type.BasicTypeReference@4f63e3c7
[DEBUG] 2024-02-15 19:32:14.373 [main] BasicTypeRegistry - Adding type registration character -> org.hibernate.type.BasicTypeReference@59532566
[DEBUG] 2024-02-15 19:32:14.373 [main] BasicTypeRegistry - Adding type registration char -> org.hibernate.type.BasicTypeReference@59532566
[DEBUG] 2024-02-15 19:32:14.373 [main] BasicTypeRegistry - Adding type registration java.lang.Character -> org.hibernate.type.BasicTypeReference@59532566
[DEBUG] 2024-02-15 19:32:14.373 [main] BasicTypeRegistry - Adding type registration character_nchar -> org.hibernate.type.BasicTypeReference@dca2615
[DEBUG] 2024-02-15 19:32:14.373 [main] BasicTypeRegistry - Adding type registration string -> org.hibernate.type.BasicTypeReference@421a4ee1
[DEBUG] 2024-02-15 19:32:14.373 [main] BasicTypeRegistry - Adding type registration java.lang.String -> org.hibernate.type.BasicTypeReference@421a4ee1
[DEBUG] 2024-02-15 19:32:14.373 [main] BasicTypeRegistry - Adding type registration nstring -> org.hibernate.type.BasicTypeReference@1237e0be
[DEBUG] 2024-02-15 19:32:14.373 [main] BasicTypeRegistry - Adding type registration characters -> org.hibernate.type.BasicTypeReference@528f8f8b
[DEBUG] 2024-02-15 19:32:14.373 [main] BasicTypeRegistry - Adding type registration char[] -> org.hibernate.type.BasicTypeReference@528f8f8b
[DEBUG] 2024-02-15 19:32:14.373 [main] BasicTypeRegistry - Adding type registration [C -> org.hibernate.type.BasicTypeReference@528f8f8b
[DEBUG] 2024-02-15 19:32:14.373 [main] BasicTypeRegistry - Adding type registration wrapper-characters -> org.hibernate.type.BasicTypeReference@ea9e141
[DEBUG] 2024-02-15 19:32:14.373 [main] BasicTypeRegistry - Adding type registration text -> org.hibernate.type.BasicTypeReference@1e54cb33
[DEBUG] 2024-02-15 19:32:14.373 [main] BasicTypeRegistry - Adding type registration ntext -> org.hibernate.type.BasicTypeReference@33cbfa57
[DEBUG] 2024-02-15 19:32:14.373 [main] BasicTypeRegistry - Adding type registration clob -> org.hibernate.type.BasicTypeReference@1d96d872
[DEBUG] 2024-02-15 19:32:14.373 [main] BasicTypeRegistry - Adding type registration java.sql.Clob -> org.hibernate.type.BasicTypeReference@1d96d872
[DEBUG] 2024-02-15 19:32:14.374 [main] BasicTypeRegistry - Adding type registration nclob -> org.hibernate.type.BasicTypeReference@5c748168
[DEBUG] 2024-02-15 19:32:14.374 [main] BasicTypeRegistry - Adding type registration java.sql.NClob -> org.hibernate.type.BasicTypeReference@5c748168
[DEBUG] 2024-02-15 19:32:14.374 [main] BasicTypeRegistry - Adding type registration materialized_clob -> org.hibernate.type.BasicTypeReference@6441c486
[DEBUG] 2024-02-15 19:32:14.374 [main] BasicTypeRegistry - Adding type registration materialized_clob_char_array -> org.hibernate.type.BasicTypeReference@834831b
[DEBUG] 2024-02-15 19:32:14.374 [main] BasicTypeRegistry - Adding type registration materialized_clob_character_array -> org.hibernate.type.BasicTypeReference@234a8f27
[DEBUG] 2024-02-15 19:32:14.374 [main] BasicTypeRegistry - Adding type registration materialized_nclob -> org.hibernate.type.BasicTypeReference@5b4d25e7
[DEBUG] 2024-02-15 19:32:14.374 [main] BasicTypeRegistry - Adding type registration materialized_nclob_character_array -> org.hibernate.type.BasicTypeReference@31c2affc
[DEBUG] 2024-02-15 19:32:14.374 [main] BasicTypeRegistry - Adding type registration materialized_nclob_char_array -> org.hibernate.type.BasicTypeReference@1dc2de84
[DEBUG] 2024-02-15 19:32:14.374 [main] BasicTypeRegistry - Adding type registration Duration -> org.hibernate.type.BasicTypeReference@6a0659ac
[DEBUG] 2024-02-15 19:32:14.374 [main] BasicTypeRegistry - Adding type registration java.time.Duration -> org.hibernate.type.BasicTypeReference@6a0659ac
[DEBUG] 2024-02-15 19:32:14.374 [main] BasicTypeRegistry - Adding type registration LocalDateTime -> org.hibernate.type.BasicTypeReference@58d63b16
[DEBUG] 2024-02-15 19:32:14.374 [main] BasicTypeRegistry - Adding type registration java.time.LocalDateTime -> org.hibernate.type.BasicTypeReference@58d63b16
[DEBUG] 2024-02-15 19:32:14.374 [main] BasicTypeRegistry - Adding type registration LocalDate -> org.hibernate.type.BasicTypeReference@7c4fc2bf
[DEBUG] 2024-02-15 19:32:14.374 [main] BasicTypeRegistry - Adding type registration java.time.LocalDate -> org.hibernate.type.BasicTypeReference@7c4fc2bf
[DEBUG] 2024-02-15 19:32:14.374 [main] BasicTypeRegistry - Adding type registration LocalTime -> org.hibernate.type.BasicTypeReference@7772054c
[DEBUG] 2024-02-15 19:32:14.374 [main] BasicTypeRegistry - Adding type registration java.time.LocalTime -> org.hibernate.type.BasicTypeReference@7772054c
[DEBUG] 2024-02-15 19:32:14.374 [main] BasicTypeRegistry - Adding type registration OffsetDateTime -> org.hibernate.type.BasicTypeReference@2f61f937
[DEBUG] 2024-02-15 19:32:14.374 [main] BasicTypeRegistry - Adding type registration java.time.OffsetDateTime -> org.hibernate.type.BasicTypeReference@2f61f937
[DEBUG] 2024-02-15 19:32:14.374 [main] BasicTypeRegistry - Adding type registration OffsetDateTimeWithTimezone -> org.hibernate.type.BasicTypeReference@46866946
[DEBUG] 2024-02-15 19:32:14.374 [main] BasicTypeRegistry - Adding type registration OffsetDateTimeWithoutTimezone -> org.hibernate.type.BasicTypeReference@44de0113
[DEBUG] 2024-02-15 19:32:14.374 [main] BasicTypeRegistry - Adding type registration OffsetTime -> org.hibernate.type.BasicTypeReference@236134a1
[DEBUG] 2024-02-15 19:32:14.374 [main] BasicTypeRegistry - Adding type registration java.time.OffsetTime -> org.hibernate.type.BasicTypeReference@236134a1
[DEBUG] 2024-02-15 19:32:14.374 [main] BasicTypeRegistry - Adding type registration OffsetTimeUtc -> org.hibernate.type.BasicTypeReference@369c9bb
[DEBUG] 2024-02-15 19:32:14.374 [main] BasicTypeRegistry - Adding type registration OffsetTimeWithTimezone -> org.hibernate.type.BasicTypeReference@76d05cc9
[DEBUG] 2024-02-15 19:32:14.374 [main] BasicTypeRegistry - Adding type registration OffsetTimeWithoutTimezone -> org.hibernate.type.BasicTypeReference@42b21d99
[DEBUG] 2024-02-15 19:32:14.374 [main] BasicTypeRegistry - Adding type registration ZonedDateTime -> org.hibernate.type.BasicTypeReference@68dcfd52
[DEBUG] 2024-02-15 19:32:14.375 [main] BasicTypeRegistry - Adding type registration java.time.ZonedDateTime -> org.hibernate.type.BasicTypeReference@68dcfd52
[DEBUG] 2024-02-15 19:32:14.375 [main] BasicTypeRegistry - Adding type registration ZonedDateTimeWithTimezone -> org.hibernate.type.BasicTypeReference@25b5c5e3
[DEBUG] 2024-02-15 19:32:14.375 [main] BasicTypeRegistry - Adding type registration ZonedDateTimeWithoutTimezone -> org.hibernate.type.BasicTypeReference@5177e388
[DEBUG] 2024-02-15 19:32:14.375 [main] BasicTypeRegistry - Adding type registration date -> org.hibernate.type.BasicTypeReference@37b72ea
[DEBUG] 2024-02-15 19:32:14.375 [main] BasicTypeRegistry - Adding type registration java.sql.Date -> org.hibernate.type.BasicTypeReference@37b72ea
[DEBUG] 2024-02-15 19:32:14.375 [main] BasicTypeRegistry - Adding type registration time -> org.hibernate.type.BasicTypeReference@cc239ba
[DEBUG] 2024-02-15 19:32:14.375 [main] BasicTypeRegistry - Adding type registration java.sql.Time -> org.hibernate.type.BasicTypeReference@cc239ba
[DEBUG] 2024-02-15 19:32:14.375 [main] BasicTypeRegistry - Adding type registration timestamp -> org.hibernate.type.BasicTypeReference@7d37f1c
[DEBUG] 2024-02-15 19:32:14.375 [main] BasicTypeRegistry - Adding type registration java.sql.Timestamp -> org.hibernate.type.BasicTypeReference@7d37f1c
[DEBUG] 2024-02-15 19:32:14.375 [main] BasicTypeRegistry - Adding type registration java.util.Date -> org.hibernate.type.BasicTypeReference@7d37f1c
[DEBUG] 2024-02-15 19:32:14.375 [main] BasicTypeRegistry - Adding type registration calendar -> org.hibernate.type.BasicTypeReference@69d6a7cd
[DEBUG] 2024-02-15 19:32:14.375 [main] BasicTypeRegistry - Adding type registration java.util.Calendar -> org.hibernate.type.BasicTypeReference@69d6a7cd
[DEBUG] 2024-02-15 19:32:14.375 [main] BasicTypeRegistry - Adding type registration java.util.GregorianCalendar -> org.hibernate.type.BasicTypeReference@69d6a7cd
[DEBUG] 2024-02-15 19:32:14.375 [main] BasicTypeRegistry - Adding type registration calendar_date -> org.hibernate.type.BasicTypeReference@3162743f
[DEBUG] 2024-02-15 19:32:14.375 [main] BasicTypeRegistry - Adding type registration calendar_time -> org.hibernate.type.BasicTypeReference@2c708440
[DEBUG] 2024-02-15 19:32:14.375 [main] BasicTypeRegistry - Adding type registration instant -> org.hibernate.type.BasicTypeReference@3047254d
[DEBUG] 2024-02-15 19:32:14.375 [main] BasicTypeRegistry - Adding type registration java.time.Instant -> org.hibernate.type.BasicTypeReference@3047254d
[DEBUG] 2024-02-15 19:32:14.375 [main] BasicTypeRegistry - Adding type registration uuid -> org.hibernate.type.BasicTypeReference@6cf31447
[DEBUG] 2024-02-15 19:32:14.375 [main] BasicTypeRegistry - Adding type registration java.util.UUID -> org.hibernate.type.BasicTypeReference@6cf31447
[DEBUG] 2024-02-15 19:32:14.375 [main] BasicTypeRegistry - Adding type registration pg-uuid -> org.hibernate.type.BasicTypeReference@6cf31447
[DEBUG] 2024-02-15 19:32:14.375 [main] BasicTypeRegistry - Adding type registration uuid-binary -> org.hibernate.type.BasicTypeReference@4e92466a
[DEBUG] 2024-02-15 19:32:14.375 [main] BasicTypeRegistry - Adding type registration uuid-char -> org.hibernate.type.BasicTypeReference@66e8997c
[DEBUG] 2024-02-15 19:32:14.375 [main] BasicTypeRegistry - Adding type registration class -> org.hibernate.type.BasicTypeReference@6f0cb5a1
[DEBUG] 2024-02-15 19:32:14.375 [main] BasicTypeRegistry - Adding type registration java.lang.Class -> org.hibernate.type.BasicTypeReference@6f0cb5a1
[DEBUG] 2024-02-15 19:32:14.375 [main] BasicTypeRegistry - Adding type registration currency -> org.hibernate.type.BasicTypeReference@1b29d52b
[DEBUG] 2024-02-15 19:32:14.375 [main] BasicTypeRegistry - Adding type registration Currency -> org.hibernate.type.BasicTypeReference@1b29d52b
[DEBUG] 2024-02-15 19:32:14.375 [main] BasicTypeRegistry - Adding type registration java.util.Currency -> org.hibernate.type.BasicTypeReference@1b29d52b
[DEBUG] 2024-02-15 19:32:14.375 [main] BasicTypeRegistry - Adding type registration locale -> org.hibernate.type.BasicTypeReference@47547132
[DEBUG] 2024-02-15 19:32:14.376 [main] BasicTypeRegistry - Adding type registration java.util.Locale -> org.hibernate.type.BasicTypeReference@47547132
[DEBUG] 2024-02-15 19:32:14.376 [main] BasicTypeRegistry - Adding type registration serializable -> org.hibernate.type.BasicTypeReference@655523dd
[DEBUG] 2024-02-15 19:32:14.376 [main] BasicTypeRegistry - Adding type registration java.io.Serializable -> org.hibernate.type.BasicTypeReference@655523dd
[DEBUG] 2024-02-15 19:32:14.376 [main] BasicTypeRegistry - Adding type registration timezone -> org.hibernate.type.BasicTypeReference@6f7e336b
[DEBUG] 2024-02-15 19:32:14.376 [main] BasicTypeRegistry - Adding type registration java.util.TimeZone -> org.hibernate.type.BasicTypeReference@6f7e336b
[DEBUG] 2024-02-15 19:32:14.376 [main] BasicTypeRegistry - Adding type registration ZoneOffset -> org.hibernate.type.BasicTypeReference@3a2b2322
[DEBUG] 2024-02-15 19:32:14.376 [main] BasicTypeRegistry - Adding type registration java.time.ZoneOffset -> org.hibernate.type.BasicTypeReference@3a2b2322
[DEBUG] 2024-02-15 19:32:14.376 [main] BasicTypeRegistry - Adding type registration url -> org.hibernate.type.BasicTypeReference@5e1218b4
[DEBUG] 2024-02-15 19:32:14.376 [main] BasicTypeRegistry - Adding type registration java.net.URL -> org.hibernate.type.BasicTypeReference@5e1218b4
[DEBUG] 2024-02-15 19:32:14.376 [main] BasicTypeRegistry - Adding type registration vector -> org.hibernate.type.BasicTypeReference@12958360
[DEBUG] 2024-02-15 19:32:14.376 [main] BasicTypeRegistry - Adding type registration row_version -> org.hibernate.type.BasicTypeReference@c6e0f32
[DEBUG] 2024-02-15 19:32:14.379 [main] BasicTypeRegistry - Adding type registration object -> org.hibernate.type.JavaObjectType@2b56f5f8
[DEBUG] 2024-02-15 19:32:14.379 [main] BasicTypeRegistry - Adding type registration java.lang.Object -> org.hibernate.type.JavaObjectType@2b56f5f8
[DEBUG] 2024-02-15 19:32:14.379 [main] BasicTypeRegistry - Adding type registration null -> org.hibernate.type.NullType@33b082c5
[DEBUG] 2024-02-15 19:32:14.380 [main] BasicTypeRegistry - Adding type registration imm_date -> org.hibernate.type.BasicTypeReference@16073fa8
[DEBUG] 2024-02-15 19:32:14.380 [main] BasicTypeRegistry - Adding type registration imm_time -> org.hibernate.type.BasicTypeReference@1cc9cfb2
[DEBUG] 2024-02-15 19:32:14.380 [main] BasicTypeRegistry - Adding type registration imm_timestamp -> org.hibernate.type.BasicTypeReference@cfbc8e8
[DEBUG] 2024-02-15 19:32:14.380 [main] BasicTypeRegistry - Adding type registration imm_calendar -> org.hibernate.type.BasicTypeReference@3bead518
[DEBUG] 2024-02-15 19:32:14.380 [main] BasicTypeRegistry - Adding type registration imm_calendar_date -> org.hibernate.type.BasicTypeReference@14bf57b2
[DEBUG] 2024-02-15 19:32:14.380 [main] BasicTypeRegistry - Adding type registration imm_calendar_time -> org.hibernate.type.BasicTypeReference@46d9aec8
[DEBUG] 2024-02-15 19:32:14.380 [main] BasicTypeRegistry - Adding type registration imm_binary -> org.hibernate.type.BasicTypeReference@14379273
[DEBUG] 2024-02-15 19:32:14.380 [main] BasicTypeRegistry - Adding type registration imm_serializable -> org.hibernate.type.BasicTypeReference@7918c7f8
[INFO ] 2024-02-15 19:32:14.399 [main] c3p0 - HHH010002: C3P0 using driver: com.mysql.cj.jdbc.Driver at URL: jdbc:mysql://localhost:8889/DonationLogApplication_Test
[INFO ] 2024-02-15 19:32:14.399 [main] c3p0 - HHH10001001: Connection properties: {password=****, user=student}
[INFO ] 2024-02-15 19:32:14.399 [main] c3p0 - HHH10001003: Autocommit mode: false
[INFO ] 2024-02-15 19:32:14.444 [main] c3p0 - HHH10001007: JDBC isolation level: <unknown>
