[DEBUG] 2024-02-09 15:39:16.124 [main] IntegratorServiceImpl - Adding Integrator [org.hibernate.boot.beanvalidation.BeanValidationIntegrator].
[DEBUG] 2024-02-09 15:39:16.127 [main] IntegratorServiceImpl - Adding Integrator [org.hibernate.cache.internal.CollectionCacheInvalidator].
[INFO ] 2024-02-09 15:39:16.140 [main] Version - HHH000412: Hibernate ORM core version 6.4.3.Final
[DEBUG] 2024-02-09 15:39:16.141 [main] Environment - HHH000206: 'hibernate.properties' not found
[DEBUG] 2024-02-09 15:39:16.169 [main] LocalXmlResourceResolver - Checking public/system identifiers `-//Hibernate/Hibernate Configuration DTD//EN`/`http://www.hibernate.org/dtd/hibernate-configuration-3.0.dtd` as DTD references
[DEBUG] 2024-02-09 15:39:16.174 [main] JaxbCfgProcessor - cfg.xml document did not define namespaces; wrapping in custom event reader to introduce namespace information
[DEBUG] 2024-02-09 15:39:16.285 [main] factory - Ignoring CDI for resolving IdentifierGenerator instances as extended or delayed CDI support was enabled
[DEBUG] 2024-02-09 15:39:16.287 [main] factory - Registering IdentifierGenerator strategy [uuid2] -> [org.hibernate.id.UUIDGenerator]
[DEBUG] 2024-02-09 15:39:16.287 [main] factory - Registering IdentifierGenerator strategy [guid] -> [org.hibernate.id.GUIDGenerator]
[DEBUG] 2024-02-09 15:39:16.288 [main] factory - Registering IdentifierGenerator strategy [uuid] -> [org.hibernate.id.UUIDHexGenerator]
[DEBUG] 2024-02-09 15:39:16.288 [main] factory - Registering IdentifierGenerator strategy [uuid.hex] -> [org.hibernate.id.UUIDHexGenerator]
[DEBUG] 2024-02-09 15:39:16.288 [main] factory - Registering IdentifierGenerator strategy [assigned] -> [org.hibernate.id.Assigned]
[DEBUG] 2024-02-09 15:39:16.288 [main] factory - Registering IdentifierGenerator strategy [identity] -> [org.hibernate.id.IdentityGenerator]
[DEBUG] 2024-02-09 15:39:16.288 [main] factory - Registering IdentifierGenerator strategy [select] -> [org.hibernate.id.SelectGenerator]
[DEBUG] 2024-02-09 15:39:16.289 [main] factory - Registering IdentifierGenerator strategy [sequence] -> [org.hibernate.id.enhanced.SequenceStyleGenerator]
[DEBUG] 2024-02-09 15:39:16.289 [main] factory - Registering IdentifierGenerator strategy [increment] -> [org.hibernate.id.IncrementGenerator]
[DEBUG] 2024-02-09 15:39:16.289 [main] factory - Registering IdentifierGenerator strategy [foreign] -> [org.hibernate.id.ForeignGenerator]
[DEBUG] 2024-02-09 15:39:16.289 [main] factory - Registering IdentifierGenerator strategy [enhanced-sequence] -> [org.hibernate.id.enhanced.SequenceStyleGenerator]
[DEBUG] 2024-02-09 15:39:16.290 [main] factory - Registering IdentifierGenerator strategy [enhanced-table] -> [org.hibernate.id.enhanced.TableGenerator]
[DEBUG] 2024-02-09 15:39:16.294 [main] RegionFactoryInitiator - Cannot default RegionFactory based on registered strategies as `[]` RegionFactory strategies were registered
[INFO ] 2024-02-09 15:39:16.295 [main] RegionFactoryInitiator - HHH000026: Second-level cache disabled
[DEBUG] 2024-02-09 15:39:16.341 [main] BasicTypeRegistry - Adding type registration boolean -> org.hibernate.type.BasicTypeReference@6a4d7f76
[DEBUG] 2024-02-09 15:39:16.342 [main] BasicTypeRegistry - Adding type registration boolean -> org.hibernate.type.BasicTypeReference@6a4d7f76
[DEBUG] 2024-02-09 15:39:16.342 [main] BasicTypeRegistry - Adding type registration java.lang.Boolean -> org.hibernate.type.BasicTypeReference@6a4d7f76
[DEBUG] 2024-02-09 15:39:16.342 [main] BasicTypeRegistry - Adding type registration numeric_boolean -> org.hibernate.type.BasicTypeReference@10ec523c
[DEBUG] 2024-02-09 15:39:16.342 [main] BasicTypeRegistry - Adding type registration org.hibernate.type.NumericBooleanConverter -> org.hibernate.type.BasicTypeReference@10ec523c
[DEBUG] 2024-02-09 15:39:16.342 [main] BasicTypeRegistry - Adding type registration true_false -> org.hibernate.type.BasicTypeReference@53dfacba
[DEBUG] 2024-02-09 15:39:16.342 [main] BasicTypeRegistry - Adding type registration org.hibernate.type.TrueFalseConverter -> org.hibernate.type.BasicTypeReference@53dfacba
[DEBUG] 2024-02-09 15:39:16.342 [main] BasicTypeRegistry - Adding type registration yes_no -> org.hibernate.type.BasicTypeReference@79767781
[DEBUG] 2024-02-09 15:39:16.342 [main] BasicTypeRegistry - Adding type registration org.hibernate.type.YesNoConverter -> org.hibernate.type.BasicTypeReference@79767781
[DEBUG] 2024-02-09 15:39:16.342 [main] BasicTypeRegistry - Adding type registration byte -> org.hibernate.type.BasicTypeReference@78411116
[DEBUG] 2024-02-09 15:39:16.342 [main] BasicTypeRegistry - Adding type registration byte -> org.hibernate.type.BasicTypeReference@78411116
[DEBUG] 2024-02-09 15:39:16.342 [main] BasicTypeRegistry - Adding type registration java.lang.Byte -> org.hibernate.type.BasicTypeReference@78411116
[DEBUG] 2024-02-09 15:39:16.342 [main] BasicTypeRegistry - Adding type registration binary -> org.hibernate.type.BasicTypeReference@aced190
[DEBUG] 2024-02-09 15:39:16.342 [main] BasicTypeRegistry - Adding type registration byte[] -> org.hibernate.type.BasicTypeReference@aced190
[DEBUG] 2024-02-09 15:39:16.342 [main] BasicTypeRegistry - Adding type registration [B -> org.hibernate.type.BasicTypeReference@aced190
[DEBUG] 2024-02-09 15:39:16.342 [main] BasicTypeRegistry - Adding type registration binary_wrapper -> org.hibernate.type.BasicTypeReference@245a060f
[DEBUG] 2024-02-09 15:39:16.342 [main] BasicTypeRegistry - Adding type registration wrapper-binary -> org.hibernate.type.BasicTypeReference@245a060f
[DEBUG] 2024-02-09 15:39:16.342 [main] BasicTypeRegistry - Adding type registration image -> org.hibernate.type.BasicTypeReference@6edaa77a
[DEBUG] 2024-02-09 15:39:16.342 [main] BasicTypeRegistry - Adding type registration blob -> org.hibernate.type.BasicTypeReference@1e63d216
[DEBUG] 2024-02-09 15:39:16.342 [main] BasicTypeRegistry - Adding type registration java.sql.Blob -> org.hibernate.type.BasicTypeReference@1e63d216
[DEBUG] 2024-02-09 15:39:16.342 [main] BasicTypeRegistry - Adding type registration materialized_blob -> org.hibernate.type.BasicTypeReference@62ddd21b
[DEBUG] 2024-02-09 15:39:16.342 [main] BasicTypeRegistry - Adding type registration materialized_blob_wrapper -> org.hibernate.type.BasicTypeReference@16c3ca31
[DEBUG] 2024-02-09 15:39:16.342 [main] BasicTypeRegistry - Adding type registration short -> org.hibernate.type.BasicTypeReference@2d195ee4
[DEBUG] 2024-02-09 15:39:16.343 [main] BasicTypeRegistry - Adding type registration short -> org.hibernate.type.BasicTypeReference@2d195ee4
[DEBUG] 2024-02-09 15:39:16.343 [main] BasicTypeRegistry - Adding type registration java.lang.Short -> org.hibernate.type.BasicTypeReference@2d195ee4
[DEBUG] 2024-02-09 15:39:16.343 [main] BasicTypeRegistry - Adding type registration integer -> org.hibernate.type.BasicTypeReference@2d6aca33
[DEBUG] 2024-02-09 15:39:16.343 [main] BasicTypeRegistry - Adding type registration int -> org.hibernate.type.BasicTypeReference@2d6aca33
[DEBUG] 2024-02-09 15:39:16.343 [main] BasicTypeRegistry - Adding type registration java.lang.Integer -> org.hibernate.type.BasicTypeReference@2d6aca33
[DEBUG] 2024-02-09 15:39:16.343 [main] BasicTypeRegistry - Adding type registration long -> org.hibernate.type.BasicTypeReference@21ab988f
[DEBUG] 2024-02-09 15:39:16.343 [main] BasicTypeRegistry - Adding type registration long -> org.hibernate.type.BasicTypeReference@21ab988f
[DEBUG] 2024-02-09 15:39:16.343 [main] BasicTypeRegistry - Adding type registration java.lang.Long -> org.hibernate.type.BasicTypeReference@21ab988f
[DEBUG] 2024-02-09 15:39:16.343 [main] BasicTypeRegistry - Adding type registration float -> org.hibernate.type.BasicTypeReference@29314cc9
[DEBUG] 2024-02-09 15:39:16.343 [main] BasicTypeRegistry - Adding type registration float -> org.hibernate.type.BasicTypeReference@29314cc9
[DEBUG] 2024-02-09 15:39:16.343 [main] BasicTypeRegistry - Adding type registration java.lang.Float -> org.hibernate.type.BasicTypeReference@29314cc9
[DEBUG] 2024-02-09 15:39:16.343 [main] BasicTypeRegistry - Adding type registration double -> org.hibernate.type.BasicTypeReference@4e38d975
[DEBUG] 2024-02-09 15:39:16.343 [main] BasicTypeRegistry - Adding type registration double -> org.hibernate.type.BasicTypeReference@4e38d975
[DEBUG] 2024-02-09 15:39:16.343 [main] BasicTypeRegistry - Adding type registration java.lang.Double -> org.hibernate.type.BasicTypeReference@4e38d975
[DEBUG] 2024-02-09 15:39:16.343 [main] BasicTypeRegistry - Adding type registration big_integer -> org.hibernate.type.BasicTypeReference@35f8a9d3
[DEBUG] 2024-02-09 15:39:16.343 [main] BasicTypeRegistry - Adding type registration java.math.BigInteger -> org.hibernate.type.BasicTypeReference@35f8a9d3
[DEBUG] 2024-02-09 15:39:16.343 [main] BasicTypeRegistry - Adding type registration big_decimal -> org.hibernate.type.BasicTypeReference@48ea2003
[DEBUG] 2024-02-09 15:39:16.343 [main] BasicTypeRegistry - Adding type registration java.math.BigDecimal -> org.hibernate.type.BasicTypeReference@48ea2003
[DEBUG] 2024-02-09 15:39:16.343 [main] BasicTypeRegistry - Adding type registration character -> org.hibernate.type.BasicTypeReference@6b1e7ad3
[DEBUG] 2024-02-09 15:39:16.343 [main] BasicTypeRegistry - Adding type registration char -> org.hibernate.type.BasicTypeReference@6b1e7ad3
[DEBUG] 2024-02-09 15:39:16.343 [main] BasicTypeRegistry - Adding type registration java.lang.Character -> org.hibernate.type.BasicTypeReference@6b1e7ad3
[DEBUG] 2024-02-09 15:39:16.343 [main] BasicTypeRegistry - Adding type registration character_nchar -> org.hibernate.type.BasicTypeReference@63e5e5b4
[DEBUG] 2024-02-09 15:39:16.343 [main] BasicTypeRegistry - Adding type registration string -> org.hibernate.type.BasicTypeReference@13a37e2a
[DEBUG] 2024-02-09 15:39:16.343 [main] BasicTypeRegistry - Adding type registration java.lang.String -> org.hibernate.type.BasicTypeReference@13a37e2a
[DEBUG] 2024-02-09 15:39:16.343 [main] BasicTypeRegistry - Adding type registration nstring -> org.hibernate.type.BasicTypeReference@a50ae65
[DEBUG] 2024-02-09 15:39:16.343 [main] BasicTypeRegistry - Adding type registration characters -> org.hibernate.type.BasicTypeReference@1280851e
[DEBUG] 2024-02-09 15:39:16.344 [main] BasicTypeRegistry - Adding type registration char[] -> org.hibernate.type.BasicTypeReference@1280851e
[DEBUG] 2024-02-09 15:39:16.344 [main] BasicTypeRegistry - Adding type registration [C -> org.hibernate.type.BasicTypeReference@1280851e
[DEBUG] 2024-02-09 15:39:16.344 [main] BasicTypeRegistry - Adding type registration wrapper-characters -> org.hibernate.type.BasicTypeReference@5e840abf
[DEBUG] 2024-02-09 15:39:16.344 [main] BasicTypeRegistry - Adding type registration text -> org.hibernate.type.BasicTypeReference@56de6d6b
[DEBUG] 2024-02-09 15:39:16.344 [main] BasicTypeRegistry - Adding type registration ntext -> org.hibernate.type.BasicTypeReference@5972d253
[DEBUG] 2024-02-09 15:39:16.344 [main] BasicTypeRegistry - Adding type registration clob -> org.hibernate.type.BasicTypeReference@4fcc0416
[DEBUG] 2024-02-09 15:39:16.344 [main] BasicTypeRegistry - Adding type registration java.sql.Clob -> org.hibernate.type.BasicTypeReference@4fcc0416
[DEBUG] 2024-02-09 15:39:16.344 [main] BasicTypeRegistry - Adding type registration nclob -> org.hibernate.type.BasicTypeReference@31e32ea2
[DEBUG] 2024-02-09 15:39:16.344 [main] BasicTypeRegistry - Adding type registration java.sql.NClob -> org.hibernate.type.BasicTypeReference@31e32ea2
[DEBUG] 2024-02-09 15:39:16.344 [main] BasicTypeRegistry - Adding type registration materialized_clob -> org.hibernate.type.BasicTypeReference@1473b8c0
[DEBUG] 2024-02-09 15:39:16.344 [main] BasicTypeRegistry - Adding type registration materialized_clob_char_array -> org.hibernate.type.BasicTypeReference@5b5c0057
[DEBUG] 2024-02-09 15:39:16.344 [main] BasicTypeRegistry - Adding type registration materialized_clob_character_array -> org.hibernate.type.BasicTypeReference@749f539e
[DEBUG] 2024-02-09 15:39:16.344 [main] BasicTypeRegistry - Adding type registration materialized_nclob -> org.hibernate.type.BasicTypeReference@5ca1f591
[DEBUG] 2024-02-09 15:39:16.344 [main] BasicTypeRegistry - Adding type registration materialized_nclob_character_array -> org.hibernate.type.BasicTypeReference@551de37d
[DEBUG] 2024-02-09 15:39:16.344 [main] BasicTypeRegistry - Adding type registration materialized_nclob_char_array -> org.hibernate.type.BasicTypeReference@6ef81f31
[DEBUG] 2024-02-09 15:39:16.344 [main] BasicTypeRegistry - Adding type registration Duration -> org.hibernate.type.BasicTypeReference@6075b2d3
[DEBUG] 2024-02-09 15:39:16.344 [main] BasicTypeRegistry - Adding type registration java.time.Duration -> org.hibernate.type.BasicTypeReference@6075b2d3
[DEBUG] 2024-02-09 15:39:16.344 [main] BasicTypeRegistry - Adding type registration LocalDateTime -> org.hibernate.type.BasicTypeReference@33abde31
[DEBUG] 2024-02-09 15:39:16.344 [main] BasicTypeRegistry - Adding type registration java.time.LocalDateTime -> org.hibernate.type.BasicTypeReference@33abde31
[DEBUG] 2024-02-09 15:39:16.344 [main] BasicTypeRegistry - Adding type registration LocalDate -> org.hibernate.type.BasicTypeReference@997d532
[DEBUG] 2024-02-09 15:39:16.344 [main] BasicTypeRegistry - Adding type registration java.time.LocalDate -> org.hibernate.type.BasicTypeReference@997d532
[DEBUG] 2024-02-09 15:39:16.345 [main] BasicTypeRegistry - Adding type registration LocalTime -> org.hibernate.type.BasicTypeReference@273842a6
[DEBUG] 2024-02-09 15:39:16.345 [main] BasicTypeRegistry - Adding type registration java.time.LocalTime -> org.hibernate.type.BasicTypeReference@273842a6
[DEBUG] 2024-02-09 15:39:16.345 [main] BasicTypeRegistry - Adding type registration OffsetDateTime -> org.hibernate.type.BasicTypeReference@6a969fb8
[DEBUG] 2024-02-09 15:39:16.345 [main] BasicTypeRegistry - Adding type registration java.time.OffsetDateTime -> org.hibernate.type.BasicTypeReference@6a969fb8
[DEBUG] 2024-02-09 15:39:16.345 [main] BasicTypeRegistry - Adding type registration OffsetDateTimeWithTimezone -> org.hibernate.type.BasicTypeReference@7a18e8d
[DEBUG] 2024-02-09 15:39:16.345 [main] BasicTypeRegistry - Adding type registration OffsetDateTimeWithoutTimezone -> org.hibernate.type.BasicTypeReference@3028e50e
[DEBUG] 2024-02-09 15:39:16.345 [main] BasicTypeRegistry - Adding type registration OffsetTime -> org.hibernate.type.BasicTypeReference@5560bcdf
[DEBUG] 2024-02-09 15:39:16.345 [main] BasicTypeRegistry - Adding type registration java.time.OffsetTime -> org.hibernate.type.BasicTypeReference@5560bcdf
[DEBUG] 2024-02-09 15:39:16.345 [main] BasicTypeRegistry - Adding type registration OffsetTimeUtc -> org.hibernate.type.BasicTypeReference@b558294
[DEBUG] 2024-02-09 15:39:16.345 [main] BasicTypeRegistry - Adding type registration OffsetTimeWithTimezone -> org.hibernate.type.BasicTypeReference@bb095
[DEBUG] 2024-02-09 15:39:16.345 [main] BasicTypeRegistry - Adding type registration OffsetTimeWithoutTimezone -> org.hibernate.type.BasicTypeReference@777c350f
[DEBUG] 2024-02-09 15:39:16.345 [main] BasicTypeRegistry - Adding type registration ZonedDateTime -> org.hibernate.type.BasicTypeReference@27aae97b
[DEBUG] 2024-02-09 15:39:16.345 [main] BasicTypeRegistry - Adding type registration java.time.ZonedDateTime -> org.hibernate.type.BasicTypeReference@27aae97b
[DEBUG] 2024-02-09 15:39:16.345 [main] BasicTypeRegistry - Adding type registration ZonedDateTimeWithTimezone -> org.hibernate.type.BasicTypeReference@4c9e38
[DEBUG] 2024-02-09 15:39:16.345 [main] BasicTypeRegistry - Adding type registration ZonedDateTimeWithoutTimezone -> org.hibernate.type.BasicTypeReference@5d1e09bc
[DEBUG] 2024-02-09 15:39:16.345 [main] BasicTypeRegistry - Adding type registration date -> org.hibernate.type.BasicTypeReference@4bdc8b5d
[DEBUG] 2024-02-09 15:39:16.345 [main] BasicTypeRegistry - Adding type registration java.sql.Date -> org.hibernate.type.BasicTypeReference@4bdc8b5d
[DEBUG] 2024-02-09 15:39:16.345 [main] BasicTypeRegistry - Adding type registration time -> org.hibernate.type.BasicTypeReference@3bcd426c
[DEBUG] 2024-02-09 15:39:16.345 [main] BasicTypeRegistry - Adding type registration java.sql.Time -> org.hibernate.type.BasicTypeReference@3bcd426c
[DEBUG] 2024-02-09 15:39:16.345 [main] BasicTypeRegistry - Adding type registration timestamp -> org.hibernate.type.BasicTypeReference@5f14a673
[DEBUG] 2024-02-09 15:39:16.345 [main] BasicTypeRegistry - Adding type registration java.sql.Timestamp -> org.hibernate.type.BasicTypeReference@5f14a673
[DEBUG] 2024-02-09 15:39:16.345 [main] BasicTypeRegistry - Adding type registration java.util.Date -> org.hibernate.type.BasicTypeReference@5f14a673
[DEBUG] 2024-02-09 15:39:16.345 [main] BasicTypeRegistry - Adding type registration calendar -> org.hibernate.type.BasicTypeReference@726a17c4
[DEBUG] 2024-02-09 15:39:16.346 [main] BasicTypeRegistry - Adding type registration java.util.Calendar -> org.hibernate.type.BasicTypeReference@726a17c4
[DEBUG] 2024-02-09 15:39:16.346 [main] BasicTypeRegistry - Adding type registration java.util.GregorianCalendar -> org.hibernate.type.BasicTypeReference@726a17c4
[DEBUG] 2024-02-09 15:39:16.346 [main] BasicTypeRegistry - Adding type registration calendar_date -> org.hibernate.type.BasicTypeReference@5dc3fcb7
[DEBUG] 2024-02-09 15:39:16.346 [main] BasicTypeRegistry - Adding type registration calendar_time -> org.hibernate.type.BasicTypeReference@c4c0b41
[DEBUG] 2024-02-09 15:39:16.346 [main] BasicTypeRegistry - Adding type registration instant -> org.hibernate.type.BasicTypeReference@76911385
[DEBUG] 2024-02-09 15:39:16.346 [main] BasicTypeRegistry - Adding type registration java.time.Instant -> org.hibernate.type.BasicTypeReference@76911385
[DEBUG] 2024-02-09 15:39:16.346 [main] BasicTypeRegistry - Adding type registration uuid -> org.hibernate.type.BasicTypeReference@5467eea4
[DEBUG] 2024-02-09 15:39:16.346 [main] BasicTypeRegistry - Adding type registration java.util.UUID -> org.hibernate.type.BasicTypeReference@5467eea4
[DEBUG] 2024-02-09 15:39:16.346 [main] BasicTypeRegistry - Adding type registration pg-uuid -> org.hibernate.type.BasicTypeReference@5467eea4
[DEBUG] 2024-02-09 15:39:16.346 [main] BasicTypeRegistry - Adding type registration uuid-binary -> org.hibernate.type.BasicTypeReference@160396db
[DEBUG] 2024-02-09 15:39:16.346 [main] BasicTypeRegistry - Adding type registration uuid-char -> org.hibernate.type.BasicTypeReference@7a799159
[DEBUG] 2024-02-09 15:39:16.346 [main] BasicTypeRegistry - Adding type registration class -> org.hibernate.type.BasicTypeReference@40ab8a8
[DEBUG] 2024-02-09 15:39:16.346 [main] BasicTypeRegistry - Adding type registration java.lang.Class -> org.hibernate.type.BasicTypeReference@40ab8a8
[DEBUG] 2024-02-09 15:39:16.346 [main] BasicTypeRegistry - Adding type registration currency -> org.hibernate.type.BasicTypeReference@6ff37443
[DEBUG] 2024-02-09 15:39:16.346 [main] BasicTypeRegistry - Adding type registration Currency -> org.hibernate.type.BasicTypeReference@6ff37443
[DEBUG] 2024-02-09 15:39:16.346 [main] BasicTypeRegistry - Adding type registration java.util.Currency -> org.hibernate.type.BasicTypeReference@6ff37443
[DEBUG] 2024-02-09 15:39:16.346 [main] BasicTypeRegistry - Adding type registration locale -> org.hibernate.type.BasicTypeReference@65cc8228
[DEBUG] 2024-02-09 15:39:16.346 [main] BasicTypeRegistry - Adding type registration java.util.Locale -> org.hibernate.type.BasicTypeReference@65cc8228
[DEBUG] 2024-02-09 15:39:16.346 [main] BasicTypeRegistry - Adding type registration serializable -> org.hibernate.type.BasicTypeReference@53093491
[DEBUG] 2024-02-09 15:39:16.346 [main] BasicTypeRegistry - Adding type registration java.io.Serializable -> org.hibernate.type.BasicTypeReference@53093491
[DEBUG] 2024-02-09 15:39:16.346 [main] BasicTypeRegistry - Adding type registration timezone -> org.hibernate.type.BasicTypeReference@21719a0
[DEBUG] 2024-02-09 15:39:16.346 [main] BasicTypeRegistry - Adding type registration java.util.TimeZone -> org.hibernate.type.BasicTypeReference@21719a0
[DEBUG] 2024-02-09 15:39:16.346 [main] BasicTypeRegistry - Adding type registration ZoneOffset -> org.hibernate.type.BasicTypeReference@76b224cd
[DEBUG] 2024-02-09 15:39:16.346 [main] BasicTypeRegistry - Adding type registration java.time.ZoneOffset -> org.hibernate.type.BasicTypeReference@76b224cd
[DEBUG] 2024-02-09 15:39:16.346 [main] BasicTypeRegistry - Adding type registration url -> org.hibernate.type.BasicTypeReference@77ee25f1
[DEBUG] 2024-02-09 15:39:16.346 [main] BasicTypeRegistry - Adding type registration java.net.URL -> org.hibernate.type.BasicTypeReference@77ee25f1
[DEBUG] 2024-02-09 15:39:16.346 [main] BasicTypeRegistry - Adding type registration vector -> org.hibernate.type.BasicTypeReference@6dd93a21
[DEBUG] 2024-02-09 15:39:16.347 [main] BasicTypeRegistry - Adding type registration row_version -> org.hibernate.type.BasicTypeReference@57b9e423
[DEBUG] 2024-02-09 15:39:16.350 [main] BasicTypeRegistry - Adding type registration object -> org.hibernate.type.JavaObjectType@66596a88
[DEBUG] 2024-02-09 15:39:16.350 [main] BasicTypeRegistry - Adding type registration java.lang.Object -> org.hibernate.type.JavaObjectType@66596a88
[DEBUG] 2024-02-09 15:39:16.350 [main] BasicTypeRegistry - Adding type registration null -> org.hibernate.type.NullType@44f3fe83
[DEBUG] 2024-02-09 15:39:16.351 [main] BasicTypeRegistry - Adding type registration imm_date -> org.hibernate.type.BasicTypeReference@44c5a16f
[DEBUG] 2024-02-09 15:39:16.351 [main] BasicTypeRegistry - Adding type registration imm_time -> org.hibernate.type.BasicTypeReference@417d6615
[DEBUG] 2024-02-09 15:39:16.351 [main] BasicTypeRegistry - Adding type registration imm_timestamp -> org.hibernate.type.BasicTypeReference@7a6ebe1e
[DEBUG] 2024-02-09 15:39:16.351 [main] BasicTypeRegistry - Adding type registration imm_calendar -> org.hibernate.type.BasicTypeReference@21325036
[DEBUG] 2024-02-09 15:39:16.351 [main] BasicTypeRegistry - Adding type registration imm_calendar_date -> org.hibernate.type.BasicTypeReference@489543a6
[DEBUG] 2024-02-09 15:39:16.351 [main] BasicTypeRegistry - Adding type registration imm_calendar_time -> org.hibernate.type.BasicTypeReference@6272c96f
[DEBUG] 2024-02-09 15:39:16.351 [main] BasicTypeRegistry - Adding type registration imm_binary -> org.hibernate.type.BasicTypeReference@6de30571
[DEBUG] 2024-02-09 15:39:16.351 [main] BasicTypeRegistry - Adding type registration imm_serializable -> org.hibernate.type.BasicTypeReference@5ee34b1b
[INFO ] 2024-02-09 15:39:16.363 [main] c3p0 - HHH010002: C3P0 using driver: com.mysql.cj.jdbc.Driver at URL: jdbc:mysql://localhost:8889/DonationLogApplication
[INFO ] 2024-02-09 15:39:16.363 [main] c3p0 - HHH10001001: Connection properties: {password=****, user=student}
[INFO ] 2024-02-09 15:39:16.363 [main] c3p0 - HHH10001003: Autocommit mode: false
[INFO ] 2024-02-09 15:39:16.411 [main] c3p0 - HHH10001007: JDBC isolation level: <unknown>
[DEBUG] 2024-02-09 15:39:16.621 [main] JdbcEnvironmentInitiator - Database ->
       name : MySQL
    version : 5.7.39
      major : 5
      minor : 7
[DEBUG] 2024-02-09 15:39:16.621 [main] JdbcEnvironmentInitiator - Driver ->
       name : MySQL Connector/J
    version : mysql-connector-java-8.0.28 (Revision: 7ff2161da3899f379fb3171b6538b191b1c5c7e2)
      major : 8
      minor : 0
[DEBUG] 2024-02-09 15:39:16.621 [main] JdbcEnvironmentInitiator - JDBC version : 4.2
[WARN ] 2024-02-09 15:39:16.647 [main] Dialect - HHH000511: The 5.7.39 version for [org.hibernate.dialect.MySQLDialect] is no longer supported, hence certain features may not work properly. The minimum supported version is 8.0.0. Check the community dialects project for available legacy versions.
[DEBUG] 2024-02-09 15:39:16.650 [main] dialect - HHH035001: Using dialect: org.hibernate.dialect.MySQLDialect, version: 5.7.39
[DEBUG] 2024-02-09 15:39:16.653 [main] IdentifierHelperBuilder - JDBC driver metadata reported database stores quoted identifiers in more than one case
[DEBUG] 2024-02-09 15:39:16.653 [main] IdentifierHelperBuilder - IdentifierCaseStrategy for both quoted and unquoted identifiers was set to the same strategy [MIXED]; that will likely lead to problems in schema update and validation if using quoted identifiers
[DEBUG] 2024-02-09 15:39:16.660 [main] DdlTypeRegistry - addDescriptor(12, org.hibernate.type.descriptor.sql.internal.CapacityDependentDdlType@4339e0de) replaced previous registration(org.hibernate.type.descriptor.sql.internal.CapacityDependentDdlType@153cd6bb)
[DEBUG] 2024-02-09 15:39:16.660 [main] DdlTypeRegistry - addDescriptor(-9, org.hibernate.type.descriptor.sql.internal.CapacityDependentDdlType@61d84e08) replaced previous registration(org.hibernate.type.descriptor.sql.internal.CapacityDependentDdlType@2d9f64c9)
[DEBUG] 2024-02-09 15:39:16.661 [main] DdlTypeRegistry - addDescriptor(-3, org.hibernate.type.descriptor.sql.internal.CapacityDependentDdlType@21ac5eb4) replaced previous registration(org.hibernate.type.descriptor.sql.internal.CapacityDependentDdlType@52d6cd34)
[DEBUG] 2024-02-09 15:39:16.661 [main] DdlTypeRegistry - addDescriptor(4003, org.hibernate.type.descriptor.sql.internal.DdlTypeImpl@715d6168) replaced previous registration(org.hibernate.type.descriptor.sql.internal.DdlTypeImpl@27b2faa6)
[DEBUG] 2024-02-09 15:39:16.661 [main] DdlTypeRegistry - addDescriptor(4001, org.hibernate.type.descriptor.sql.internal.DdlTypeImpl@6428591a) replaced previous registration(org.hibernate.type.descriptor.sql.internal.DdlTypeImpl@7397c6)
[DEBUG] 2024-02-09 15:39:16.661 [main] DdlTypeRegistry - addDescriptor(4002, org.hibernate.type.descriptor.sql.internal.DdlTypeImpl@1abfe081) replaced previous registration(org.hibernate.type.descriptor.sql.internal.DdlTypeImpl@2a685eba)
[DEBUG] 2024-02-09 15:39:16.661 [main] DdlTypeRegistry - addDescriptor(2004, org.hibernate.type.descriptor.sql.internal.CapacityDependentDdlType@c2e3264) replaced previous registration(org.hibernate.type.descriptor.sql.internal.DdlTypeImpl@107f4980)
[DEBUG] 2024-02-09 15:39:16.661 [main] DdlTypeRegistry - addDescriptor(2005, org.hibernate.type.descriptor.sql.internal.CapacityDependentDdlType@75a118e6) replaced previous registration(org.hibernate.type.descriptor.sql.internal.DdlTypeImpl@1d540566)
[DEBUG] 2024-02-09 15:39:16.661 [main] DdlTypeRegistry - addDescriptor(2011, org.hibernate.type.descriptor.sql.internal.CapacityDependentDdlType@6014a9ba) replaced previous registration(org.hibernate.type.descriptor.sql.internal.DdlTypeImpl@acdcf71)
[DEBUG] 2024-02-09 15:39:16.661 [main] JdbcTypeRegistry - addDescriptor(NCharTypeDescriptor) replaced previous registration(CharTypeDescriptor)
[DEBUG] 2024-02-09 15:39:16.661 [main] JdbcTypeRegistry - addDescriptor(NVarcharTypeDescriptor) replaced previous registration(VarcharTypeDescriptor)
[DEBUG] 2024-02-09 15:39:16.662 [main] JdbcTypeRegistry - addDescriptor(LongNVarcharTypeDescriptor) replaced previous registration(LongVarcharTypeDescriptor)
[DEBUG] 2024-02-09 15:39:16.662 [main] JdbcTypeRegistry - addDescriptor(NClobTypeDescriptor(DEFAULT)) replaced previous registration(ClobTypeDescriptor(DEFAULT))
[DEBUG] 2024-02-09 15:39:16.662 [main] JdbcTypeRegistry - addDescriptor(2005, ClobTypeDescriptor(STREAM_BINDING)) replaced previous registration(ClobTypeDescriptor(DEFAULT))
[DEBUG] 2024-02-09 15:39:16.664 [main] BasicTypeRegistry - Adding type registration null -> org.hibernate.type.NullType@12968227
[DEBUG] 2024-02-09 15:39:16.664 [main] BasicTypeRegistry - Type registration key [null] overrode previous entry : `org.hibernate.type.NullType@44f3fe83`
[DEBUG] 2024-02-09 15:39:16.667 [main] BasicTypeRegistry - Adding type registration org.hibernate.type.DurationType -> basicType@1(java.time.Duration,2)
[DEBUG] 2024-02-09 15:39:16.667 [main] BasicTypeRegistry - Adding type registration Duration -> basicType@1(java.time.Duration,2)
[DEBUG] 2024-02-09 15:39:16.667 [main] BasicTypeRegistry - Adding type registration java.time.Duration -> basicType@1(java.time.Duration,2)
[DEBUG] 2024-02-09 15:39:16.668 [main] BasicTypeRegistry - Adding type registration org.hibernate.type.OffsetDateTimeType -> basicType@2(java.time.OffsetDateTime,3003)
[DEBUG] 2024-02-09 15:39:16.668 [main] BasicTypeRegistry - Adding type registration OffsetDateTime -> basicType@2(java.time.OffsetDateTime,3003)
[DEBUG] 2024-02-09 15:39:16.668 [main] BasicTypeRegistry - Adding type registration java.time.OffsetDateTime -> basicType@2(java.time.OffsetDateTime,3003)
[DEBUG] 2024-02-09 15:39:16.668 [main] BasicTypeRegistry - Adding type registration org.hibernate.type.ZonedDateTimeType -> basicType@3(java.time.ZonedDateTime,3003)
[DEBUG] 2024-02-09 15:39:16.668 [main] BasicTypeRegistry - Adding type registration ZonedDateTime -> basicType@3(java.time.ZonedDateTime,3003)
[DEBUG] 2024-02-09 15:39:16.668 [main] BasicTypeRegistry - Adding type registration java.time.ZonedDateTime -> basicType@3(java.time.ZonedDateTime,3003)
[DEBUG] 2024-02-09 15:39:16.668 [main] BasicTypeRegistry - Adding type registration org.hibernate.type.OffsetTimeType -> basicType@4(java.time.OffsetTime,3007)
[DEBUG] 2024-02-09 15:39:16.669 [main] BasicTypeRegistry - Adding type registration OffsetTime -> basicType@4(java.time.OffsetTime,3007)
[DEBUG] 2024-02-09 15:39:16.669 [main] BasicTypeRegistry - Adding type registration java.time.OffsetTime -> basicType@4(java.time.OffsetTime,3007)
[DEBUG] 2024-02-09 15:39:16.669 [main] TypeConfiguration$Scope - Scoping TypeConfiguration [org.hibernate.type.spi.TypeConfiguration@ef1695a] to MetadataBuildingContext [org.hibernate.boot.internal.MetadataBuildingContextRootImpl@58860997]
[DEBUG] 2024-02-09 15:39:16.688 [main] Namespace - Created database namespace [logicalName=Name{catalog=null, schema=null}, physicalName=Name{catalog=null, schema=null}]
[DEBUG] 2024-02-09 15:39:16.700 [main] EntityBinder - Binding entity from annotated class: donationLog.entity.Donation
[DEBUG] 2024-02-09 15:39:16.703 [main] EntityBinder - Import with entity name Donation
[DEBUG] 2024-02-09 15:39:16.706 [main] EntityBinder - Bind entity donationLog.entity.Donation on table donations
[DEBUG] 2024-02-09 15:39:16.709 [main] AnnotatedColumn - Binding column: AnnotatedDiscriminatorColumn(column='DTYPE')
[DEBUG] 2024-02-09 15:39:16.717 [main] AnnotatedColumn - Binding column: AnnotatedColumn()
[DEBUG] 2024-02-09 15:39:16.719 [main] ClassLoaderAccessImpl - Not known whether passed class name [donationLog.entity.Donation] is safe
[DEBUG] 2024-02-09 15:39:16.719 [main] ClassLoaderAccessImpl - No temp ClassLoader provided; using live ClassLoader for loading potentially unsafe class : donationLog.entity.Donation
[DEBUG] 2024-02-09 15:39:16.720 [main] PropertyBinder - MetadataSourceProcessor property donationID with lazy=false
[DEBUG] 2024-02-09 15:39:16.722 [main] AbstractPropertyHolder - Attempting to locate auto-apply AttributeConverter for property [donationLog.entity.Donation:donationID]
[DEBUG] 2024-02-09 15:39:16.723 [main] BasicValueBinder - building BasicValue for donationID
[DEBUG] 2024-02-09 15:39:16.725 [main] BasicValue - Skipping column re-registration: donations.donationID
[DEBUG] 2024-02-09 15:39:16.725 [main] PropertyBinder - Building property donationID
[DEBUG] 2024-02-09 15:39:16.726 [main] BinderHelper - #makeIdGenerator(BasicValue([Column(donationID)]), donationID, org.hibernate.id.enhanced.SequenceStyleGenerator, native, ...)
[DEBUG] 2024-02-09 15:39:16.729 [main] AnnotatedColumn - Binding column: AnnotatedColumn(column='donation_date')
[DEBUG] 2024-02-09 15:39:16.729 [main] PropertyBinder - MetadataSourceProcessor property donationDate with lazy=false
[DEBUG] 2024-02-09 15:39:16.730 [main] AbstractPropertyHolder - Attempting to locate auto-apply AttributeConverter for property [donationLog.entity.Donation:donationDate]
[DEBUG] 2024-02-09 15:39:16.730 [main] BasicValueBinder - building BasicValue for donationDate
[DEBUG] 2024-02-09 15:39:16.730 [main] BasicValue - Skipping column re-registration: donations.donation_date
[DEBUG] 2024-02-09 15:39:16.730 [main] PropertyBinder - Building property donationDate
[DEBUG] 2024-02-09 15:39:16.730 [main] AnnotatedColumn - Binding column: AnnotatedColumn(column='donation_type')
[DEBUG] 2024-02-09 15:39:16.730 [main] PropertyBinder - MetadataSourceProcessor property donationType with lazy=false
[DEBUG] 2024-02-09 15:39:16.730 [main] AbstractPropertyHolder - Attempting to locate auto-apply AttributeConverter for property [donationLog.entity.Donation:donationType]
[DEBUG] 2024-02-09 15:39:16.730 [main] BasicValueBinder - building BasicValue for donationType
[DEBUG] 2024-02-09 15:39:16.730 [main] BasicValue - Skipping column re-registration: donations.donation_type
[DEBUG] 2024-02-09 15:39:16.730 [main] PropertyBinder - Building property donationType
[DEBUG] 2024-02-09 15:39:16.731 [main] AnnotatedColumn - Binding column: AnnotatedColumn(column='donation_weight')
[DEBUG] 2024-02-09 15:39:16.731 [main] PropertyBinder - MetadataSourceProcessor property donationWeight with lazy=false
[DEBUG] 2024-02-09 15:39:16.731 [main] AbstractPropertyHolder - Attempting to locate auto-apply AttributeConverter for property [donationLog.entity.Donation:donationWeight]
[DEBUG] 2024-02-09 15:39:16.731 [main] BasicValueBinder - building BasicValue for donationWeight
[DEBUG] 2024-02-09 15:39:16.731 [main] BasicValue - Skipping column re-registration: donations.donation_weight
[DEBUG] 2024-02-09 15:39:16.731 [main] PropertyBinder - Building property donationWeight
[DEBUG] 2024-02-09 15:39:16.731 [main] AnnotatedColumn - Binding column: AnnotatedColumn(column='donor_name')
[DEBUG] 2024-02-09 15:39:16.731 [main] PropertyBinder - MetadataSourceProcessor property donorName with lazy=false
[DEBUG] 2024-02-09 15:39:16.731 [main] AbstractPropertyHolder - Attempting to locate auto-apply AttributeConverter for property [donationLog.entity.Donation:donorName]
[DEBUG] 2024-02-09 15:39:16.731 [main] BasicValueBinder - building BasicValue for donorName
[DEBUG] 2024-02-09 15:39:16.731 [main] BasicValue - Skipping column re-registration: donations.donor_name
[DEBUG] 2024-02-09 15:39:16.731 [main] PropertyBinder - Building property donorName
[DEBUG] 2024-02-09 15:39:16.731 [main] ClassLoaderServiceImpl - HHH000194: Package not found or wo package-info.java: donationLog.entity
[DEBUG] 2024-02-09 15:39:16.734 [main] BasicValueBinder - Starting `BasicValueBinder#fillSimpleValue` for donationID
[DEBUG] 2024-02-09 15:39:16.735 [main] BasicValueBinder - Starting `BasicValueBinder#fillSimpleValue` for donationDate
[DEBUG] 2024-02-09 15:39:16.735 [main] BasicValueBinder - Starting `BasicValueBinder#fillSimpleValue` for donationType
[DEBUG] 2024-02-09 15:39:16.735 [main] BasicValueBinder - Starting `BasicValueBinder#fillSimpleValue` for donationWeight
[DEBUG] 2024-02-09 15:39:16.735 [main] BasicValueBinder - Starting `BasicValueBinder#fillSimpleValue` for donorName
[DEBUG] 2024-02-09 15:39:16.737 [main] PrimaryKey - Forcing column [donationid] to be non-null as it is part of the primary key for table [donations]
[DEBUG] 2024-02-09 15:39:16.831 [main] SessionFactoryImpl - Building session factory
[DEBUG] 2024-02-09 15:39:16.850 [main] SessionFactoryServiceRegistryImpl - EventListenerRegistry access via ServiceRegistry is deprecated.  Use `sessionFactory.getEventEngine().getListenerRegistry()` instead
[DEBUG] 2024-02-09 15:39:16.850 [main] SessionFactoryImpl - Instantiating SessionFactory with settings: {gopherProxySet=false, awt.toolkit=sun.lwawt.macosx.LWCToolkit, java.specification.version=11, sun.cpu.isalist=, hibernate.c3p0.idle_test_period=3000, sun.jnu.encoding=UTF-8, hibernate.c3p0.min_size=5, java.class.path=/Applications/IntelliJ IDEA.app/Contents/lib/idea_rt.jar:/Applications/IntelliJ IDEA.app/Contents/plugins/junit/lib/junit5-rt.jar:/Applications/IntelliJ IDEA.app/Contents/plugins/junit/lib/junit-rt.jar:/Volumes/WD_Black P40/GitHub/Personal/DonationLog/target/test-classes:/Volumes/WD_Black P40/GitHub/Personal/DonationLog/target/classes:/Users/darinwellons/.m2/repository/junit/junit/4.13.1/junit-4.13.1.jar:/Users/darinwellons/.m2/repository/org/hamcrest/hamcrest-core/1.3/hamcrest-core-1.3.jar:/Users/darinwellons/.m2/repository/javax/javaee-web-api/7.0/javaee-web-api-7.0.jar:/Users/darinwellons/.m2/repository/mysql/mysql-connector-java/8.0.28/mysql-connector-java-8.0.28.jar:/Users/darinwellons/.m2/repository/com/google/protobuf/protobuf-java/3.11.4/protobuf-java-3.11.4.jar:/Users/darinwellons/.m2/repository/org/hibernate/orm/hibernate-core/6.4.3.Final/hibernate-core-6.4.3.Final.jar:/Users/darinwellons/.m2/repository/jakarta/persistence/jakarta.persistence-api/3.1.0/jakarta.persistence-api-3.1.0.jar:/Users/darinwellons/.m2/repository/jakarta/transaction/jakarta.transaction-api/2.0.1/jakarta.transaction-api-2.0.1.jar:/Users/darinwellons/.m2/repository/org/jboss/logging/jboss-logging/3.5.0.Final/jboss-logging-3.5.0.Final.jar:/Users/darinwellons/.m2/repository/org/hibernate/common/hibernate-commons-annotations/6.0.6.Final/hibernate-commons-annotations-6.0.6.Final.jar:/Users/darinwellons/.m2/repository/io/smallrye/jandex/3.1.2/jandex-3.1.2.jar:/Users/darinwellons/.m2/repository/com/fasterxml/classmate/1.5.1/classmate-1.5.1.jar:/Users/darinwellons/.m2/repository/net/bytebuddy/byte-buddy/1.14.7/byte-buddy-1.14.7.jar:/Users/darinwellons/.m2/repository/jakarta/xml/bind/jakarta.xml.bind-api/4.0.0/jakarta.xml.bind-api-4.0.0.jar:/Users/darinwellons/.m2/repository/jakarta/activation/jakarta.activation-api/2.1.0/jakarta.activation-api-2.1.0.jar:/Users/darinwellons/.m2/repository/org/glassfish/jaxb/jaxb-runtime/4.0.2/jaxb-runtime-4.0.2.jar:/Users/darinwellons/.m2/repository/org/glassfish/jaxb/jaxb-core/4.0.2/jaxb-core-4.0.2.jar:/Users/darinwellons/.m2/repository/org/eclipse/angus/angus-activation/2.0.0/angus-activation-2.0.0.jar:/Users/darinwellons/.m2/repository/org/glassfish/jaxb/txw2/4.0.2/txw2-4.0.2.jar:/Users/darinwellons/.m2/repository/com/sun/istack/istack-commons-runtime/4.1.1/istack-commons-runtime-4.1.1.jar:/Users/darinwellons/.m2/repository/jakarta/inject/jakarta.inject-api/2.0.1/jakarta.inject-api-2.0.1.jar:/Users/darinwellons/.m2/repository/org/antlr/antlr4-runtime/4.13.0/antlr4-runtime-4.13.0.jar:/Users/darinwellons/.m2/repository/org/hibernate/orm/hibernate-c3p0/6.4.3.Final/hibernate-c3p0-6.4.3.Final.jar:/Users/darinwellons/.m2/repository/com/mchange/c3p0/0.9.5.5/c3p0-0.9.5.5.jar:/Users/darinwellons/.m2/repository/com/mchange/mchange-commons-java/0.2.19/mchange-commons-java-0.2.19.jar:/Users/darinwellons/.m2/repository/org/apache/logging/log4j/log4j-core/2.17.1/log4j-core-2.17.1.jar:/Users/darinwellons/.m2/repository/org/apache/logging/log4j/log4j-api/2.17.1/log4j-api-2.17.1.jar:/Users/darinwellons/.m2/repository/org/junit/jupiter/junit-jupiter/5.10.2/junit-jupiter-5.10.2.jar:/Users/darinwellons/.m2/repository/org/junit/jupiter/junit-jupiter-params/5.10.2/junit-jupiter-params-5.10.2.jar:/Users/darinwellons/.m2/repository/org/junit/jupiter/junit-jupiter-engine/5.10.2/junit-jupiter-engine-5.10.2.jar:/Users/darinwellons/.m2/repository/org/junit/platform/junit-platform-engine/1.10.2/junit-platform-engine-1.10.2.jar:/Users/darinwellons/.m2/repository/org/junit/jupiter/junit-jupiter-api/5.10.2/junit-jupiter-api-5.10.2.jar:/Users/darinwellons/.m2/repository/org/opentest4j/opentest4j/1.3.0/opentest4j-1.3.0.jar:/Users/darinwellons/.m2/repository/org/junit/platform/junit-platform-commons/1.10.2/junit-platform-commons-1.10.2.jar:/Users/darinwellons/.m2/repository/org/apiguardian/apiguardian-api/1.1.2/apiguardian-api-1.1.2.jar, java.vm.vendor=Amazon.com Inc., sun.arch.data.model=64, idea.test.cyclic.buffer.size=1048576, java.vendor.url=https://aws.amazon.com/corretto/, user.timezone=America/Chicago, os.name=Mac OS X, java.vm.specification.version=11, sun.java.launcher=SUN_STANDARD, user.country=US, sun.boot.library.path=/Users/darinwellons/Library/Java/JavaVirtualMachines/corretto-11.0.22/Contents/Home/lib, sun.java.command=com.intellij.rt.junit.JUnitStarter -ideVersion5 -junit4 donationLog.persistence.DonationDaoTest,testGetByIdSuccess, http.nonProxyHosts=local|*.local|169.254/16|*.169.254/16, jdk.debug=release, sun.cpu.endian=little, user.home=/Users/darinwellons, hibernate.c3p0.max_statements=50, user.language=en, java.specification.vendor=Oracle Corporation, java.version.date=2024-01-16, java.home=/Users/darinwellons/Library/Java/JavaVirtualMachines/corretto-11.0.22/Contents/Home, file.separator=/, java.vm.compressedOopsMode=Zero based, line.separator=
, hibernate.c3p0.timeout=300, java.specification.name=Java Platform API Specification, java.vm.specification.vendor=Oracle Corporation, java.awt.graphicsenv=sun.awt.CGraphicsEnvironment, connection.password=student, sun.management.compiler=HotSpot 64-Bit Tiered Compilers, ftp.nonProxyHosts=local|*.local|169.254/16|*.169.254/16, hibernate.c3p0.max_size=20, java.runtime.version=11.0.22+7-LTS, user.name=darinwellons, path.separator=:, hibernate.connection.username=****, os.version=14.3, java.runtime.name=OpenJDK Runtime Environment, hibernate.connection.url=jdbc:mysql://localhost:8889/DonationLogApplication, file.encoding=UTF-8, java.vm.name=OpenJDK 64-Bit Server VM, java.vendor.version=Corretto-11.0.22.7.1, hibernate.connection.driver_class=com.mysql.cj.jdbc.Driver, java.vendor.url.bug=https://github.com/corretto/corretto-11/issues/, java.io.tmpdir=/var/folders/75/c_qp3wds0832xmwhtdfz70yr0000gq/T/, java.version=11.0.22, user.dir=/Volumes/WD_Black P40/GitHub/Personal/DonationLog, os.arch=aarch64, connection.username=student, java.vm.specification.name=Java Virtual Machine Specification, java.awt.printerjob=sun.lwawt.macosx.CPrinterJob, hibernate.connection.password=****, sun.os.patch.level=unknown, connection.driver_class=com.mysql.cj.jdbc.Driver, hibernate.boot.CfgXmlAccessService.key=org.hibernate.boot.cfgxml.spi.LoadedConfig@9f674ac, java.library.path=/Users/darinwellons/Library/Java/Extensions:/Library/Java/Extensions:/Network/Library/Java/Extensions:/System/Library/Java/Extensions:/usr/lib/java:., java.vendor=Amazon.com Inc., java.vm.info=mixed mode, java.vm.version=11.0.22+7-LTS, java.specification.maintenance.version=2, sun.io.unicode.encoding=UnicodeBig, connection.url=jdbc:mysql://localhost:8889/DonationLogApplication, socksNonProxyHosts=local|*.local|169.254/16|*.169.254/16, java.class.version=55.0}
[DEBUG] 2024-02-09 15:39:16.852 [main] SessionFactoryImpl - Session factory constructed with filter configurations : {}
[DEBUG] 2024-02-09 15:39:16.855 [main] SchemaManagementToolCoordinator - No schema actions specified for contributor `orm`; doing nothing
[DEBUG] 2024-02-09 15:39:16.873 [main] SqmFunctionRegistry - Registered SqmFunctionTemplate [NamedSqmFunctionTemplate(max)] under max; prior registration was null
[DEBUG] 2024-02-09 15:39:16.873 [main] SqmFunctionRegistry - Registered SqmFunctionTemplate [NamedSqmFunctionTemplate(min)] under min; prior registration was null
[DEBUG] 2024-02-09 15:39:16.874 [main] SqmFunctionRegistry - Registered SqmFunctionTemplate [NamedSqmFunctionTemplate(sum)] under sum; prior registration was null
[DEBUG] 2024-02-09 15:39:16.874 [main] SqmFunctionRegistry - Registered SqmFunctionTemplate [NamedSqmFunctionTemplate(avg)] under avg; prior registration was null
[DEBUG] 2024-02-09 15:39:16.875 [main] SqmFunctionRegistry - Registered SqmFunctionTemplate [org.hibernate.dialect.function.CountFunction@136ccbfe] under count; prior registration was null
[DEBUG] 2024-02-09 15:39:16.875 [main] SqmFunctionRegistry - Registered SqmFunctionTemplate [org.hibernate.dialect.function.EveryAnyEmulation@a7cf42f] under every; prior registration was null
[DEBUG] 2024-02-09 15:39:16.875 [main] SqmFunctionRegistry - Registered SqmFunctionTemplate [org.hibernate.dialect.function.EveryAnyEmulation@fe09383] under any; prior registration was null
[DEBUG] 2024-02-09 15:39:16.875 [main] SqmFunctionRegistry - Registered SqmFunctionTemplate [NamedSqmFunctionTemplate(floor)] under floor; prior registration was null
[DEBUG] 2024-02-09 15:39:16.875 [main] SqmFunctionRegistry - Registered SqmFunctionTemplate [NamedSqmFunctionTemplate(ceiling)] under ceiling; prior registration was null
[DEBUG] 2024-02-09 15:39:16.875 [main] SqmFunctionRegistry - Registered SqmFunctionTemplate [NamedSqmFunctionTemplate(mod)] under mod; prior registration was null
[DEBUG] 2024-02-09 15:39:16.875 [main] SqmFunctionRegistry - Registered SqmFunctionTemplate [NamedSqmFunctionTemplate(abs)] under abs; prior registration was null
[DEBUG] 2024-02-09 15:39:16.875 [main] SqmFunctionRegistry - Registered SqmFunctionTemplate [NamedSqmFunctionTemplate(sign)] under sign; prior registration was null
[DEBUG] 2024-02-09 15:39:16.875 [main] SqmFunctionRegistry - Registered SqmFunctionTemplate [NamedSqmFunctionTemplate(sqrt)] under sqrt; prior registration was null
[DEBUG] 2024-02-09 15:39:16.875 [main] SqmFunctionRegistry - Registered SqmFunctionTemplate [NamedSqmFunctionTemplate(ln)] under ln; prior registration was null
[DEBUG] 2024-02-09 15:39:16.876 [main] SqmFunctionRegistry - Registered SqmFunctionTemplate [NamedSqmFunctionTemplate(exp)] under exp; prior registration was null
[DEBUG] 2024-02-09 15:39:16.876 [main] SqmFunctionRegistry - Registered SqmFunctionTemplate [NamedSqmFunctionTemplate(power)] under power; prior registration was null
[DEBUG] 2024-02-09 15:39:16.876 [main] SqmFunctionRegistry - Registered SqmFunctionTemplate [NamedSqmFunctionTemplate(round)] under round; prior registration was null
[DEBUG] 2024-02-09 15:39:16.876 [main] SqmFunctionRegistry - Registered SqmFunctionTemplate [NamedSqmFunctionTemplate(sin)] under sin; prior registration was null
[DEBUG] 2024-02-09 15:39:16.876 [main] SqmFunctionRegistry - Registered SqmFunctionTemplate [NamedSqmFunctionTemplate(cos)] under cos; prior registration was null
[DEBUG] 2024-02-09 15:39:16.876 [main] SqmFunctionRegistry - Registered SqmFunctionTemplate [NamedSqmFunctionTemplate(tan)] under tan; prior registration was null
[DEBUG] 2024-02-09 15:39:16.876 [main] SqmFunctionRegistry - Registered SqmFunctionTemplate [NamedSqmFunctionTemplate(asin)] under asin; prior registration was null
[DEBUG] 2024-02-09 15:39:16.876 [main] SqmFunctionRegistry - Registered SqmFunctionTemplate [NamedSqmFunctionTemplate(acos)] under acos; prior registration was null
[DEBUG] 2024-02-09 15:39:16.876 [main] SqmFunctionRegistry - Registered SqmFunctionTemplate [NamedSqmFunctionTemplate(atan)] under atan; prior registration was null
[DEBUG] 2024-02-09 15:39:16.876 [main] SqmFunctionRegistry - Registered SqmFunctionTemplate [NamedSqmFunctionTemplate(atan2)] under atan2; prior registration was null
[DEBUG] 2024-02-09 15:39:16.877 [main] SqmFunctionRegistry - Registered SqmFunctionTemplate [org.hibernate.query.sqm.function.PatternBasedSqmFunctionDescriptor@1de4285e] under sinh; prior registration was null
[DEBUG] 2024-02-09 15:39:16.877 [main] SqmFunctionRegistry - Registered SqmFunctionTemplate [org.hibernate.query.sqm.function.PatternBasedSqmFunctionDescriptor@1378eea2] under cosh; prior registration was null
[DEBUG] 2024-02-09 15:39:16.877 [main] SqmFunctionRegistry - Registered SqmFunctionTemplate [org.hibernate.query.sqm.function.PatternBasedSqmFunctionDescriptor@634ff56] under tanh; prior registration was null
[DEBUG] 2024-02-09 15:39:16.877 [main] SqmFunctionRegistry - Registered SqmFunctionTemplate [org.hibernate.query.sqm.function.PatternBasedSqmFunctionDescriptor@66522ead] under pi; prior registration was null
[DEBUG] 2024-02-09 15:39:16.877 [main] SqmFunctionRegistry - Registered SqmFunctionTemplate [org.hibernate.query.sqm.function.PatternBasedSqmFunctionDescriptor@5a484ce1] under log; prior registration was null
[DEBUG] 2024-02-09 15:39:16.877 [main] SqmFunctionRegistry - Registered SqmFunctionTemplate [NamedSqmFunctionTemplate(coalesce)] under coalesce; prior registration was null
[DEBUG] 2024-02-09 15:39:16.877 [main] SqmFunctionRegistry - Registered SqmFunctionTemplate [NamedSqmFunctionTemplate(nullif)] under nullif; prior registration was null
[DEBUG] 2024-02-09 15:39:16.877 [main] SqmFunctionRegistry - Registered SqmFunctionTemplate [NamedSqmFunctionTemplate(left)] under left; prior registration was null
[DEBUG] 2024-02-09 15:39:16.877 [main] SqmFunctionRegistry - Registered SqmFunctionTemplate [NamedSqmFunctionTemplate(right)] under right; prior registration was null
[DEBUG] 2024-02-09 15:39:16.877 [main] SqmFunctionRegistry - Registered SqmFunctionTemplate [NamedSqmFunctionTemplate(replace)] under replace; prior registration was null
[DEBUG] 2024-02-09 15:39:16.877 [main] SqmFunctionRegistry - Registered SqmFunctionTemplate [NamedSqmFunctionTemplate(concat)] under concat; prior registration was null
[DEBUG] 2024-02-09 15:39:16.877 [main] SqmFunctionRegistry - Registered SqmFunctionTemplate [NamedSqmFunctionTemplate(lower)] under lower; prior registration was null
[DEBUG] 2024-02-09 15:39:16.877 [main] SqmFunctionRegistry - Registered SqmFunctionTemplate [NamedSqmFunctionTemplate(upper)] under upper; prior registration was null
[DEBUG] 2024-02-09 15:39:16.877 [main] SqmFunctionRegistry - Registered SqmFunctionTemplate [NamedSqmFunctionTemplate(substring)] under substring; prior registration was null
[DEBUG] 2024-02-09 15:39:16.877 [main] SqmFunctionRegistry - Registered SqmFunctionTemplate [NamedSqmFunctionTemplate(locate)] under locate; prior registration was null
[DEBUG] 2024-02-09 15:39:16.878 [main] SqmFunctionRegistry - Registered SqmFunctionTemplate [NamedSqmFunctionTemplate(character_length)] under character_length; prior registration was null
[DEBUG] 2024-02-09 15:39:16.878 [main] SqmFunctionRegistry - Registering alternate key : length -> character_length
[DEBUG] 2024-02-09 15:39:16.878 [main] SqmFunctionRegistry - Registered SqmFunctionTemplate [org.hibernate.dialect.function.LocatePositionEmulation@68b734a8] under position; prior registration was null
[DEBUG] 2024-02-09 15:39:16.879 [main] SqmFunctionRegistry - Registered SqmFunctionTemplate [org.hibernate.dialect.function.InsertSubstringOverlayEmulation@6411504a] under overlay; prior registration was null
[DEBUG] 2024-02-09 15:39:16.879 [main] SqmFunctionRegistry - Registered SqmFunctionTemplate [org.hibernate.dialect.function.TrimFunction@2668c286] under trim; prior registration was null
[DEBUG] 2024-02-09 15:39:16.879 [main] SqmFunctionRegistry - Registered SqmFunctionTemplate [org.hibernate.dialect.function.CastFunction@474179fa] under cast; prior registration was null
[DEBUG] 2024-02-09 15:39:16.880 [main] SqmFunctionRegistry - Registered SqmFunctionTemplate [org.hibernate.query.sqm.function.PatternBasedSqmFunctionDescriptor@420cd102] under collate; prior registration was null
[DEBUG] 2024-02-09 15:39:16.880 [main] SqmFunctionRegistry - Registered SqmFunctionTemplate [org.hibernate.dialect.function.ExtractFunction@7a8341c1] under extract; prior registration was null
[DEBUG] 2024-02-09 15:39:16.880 [main] SqmFunctionRegistry - Registered SqmFunctionTemplate [NamedSqmFunctionTemplate(least)] under least; prior registration was null
[DEBUG] 2024-02-09 15:39:16.880 [main] SqmFunctionRegistry - Registered SqmFunctionTemplate [NamedSqmFunctionTemplate(greatest)] under greatest; prior registration was null
[DEBUG] 2024-02-09 15:39:16.880 [main] SqmFunctionRegistry - Registered SqmFunctionTemplate [org.hibernate.dialect.function.CoalesceIfnullEmulation@31f295b6] under ifnull; prior registration was null
[DEBUG] 2024-02-09 15:39:16.880 [main] SqmFunctionRegistry - Registered SqmFunctionTemplate [NamedSqmFunctionTemplate(lpad)] under lpad; prior registration was null
[DEBUG] 2024-02-09 15:39:16.880 [main] SqmFunctionRegistry - Registered SqmFunctionTemplate [NamedSqmFunctionTemplate(rpad)] under rpad; prior registration was null
[DEBUG] 2024-02-09 15:39:16.880 [main] SqmFunctionRegistry - Registered SqmFunctionTemplate [org.hibernate.dialect.function.LpadRpadPadEmulation@4214ae8f] under pad; prior registration was null
[DEBUG] 2024-02-09 15:39:16.880 [main] SqmFunctionRegistry - Registered SqmFunctionTemplate [org.hibernate.dialect.function.CastStrEmulation@546394ed] under str; prior registration was null
[DEBUG] 2024-02-09 15:39:16.881 [main] SqmFunctionRegistry - Registered SqmFunctionTemplate [org.hibernate.dialect.function.FormatFunction@32f5ecc4] under format; prior registration was null
[DEBUG] 2024-02-09 15:39:16.881 [main] SqmFunctionRegistry - Registered SqmFunctionTemplate [org.hibernate.dialect.function.TimestampaddFunction@7ef8eda7] under timestampadd; prior registration was null
[DEBUG] 2024-02-09 15:39:16.882 [main] SqmFunctionRegistry - Registered SqmFunctionTemplate [org.hibernate.dialect.function.TimestampdiffFunction@553da911] under timestampdiff; prior registration was null
[DEBUG] 2024-02-09 15:39:16.882 [main] SqmFunctionRegistry - Registering alternate key : dateadd -> timestampadd
[DEBUG] 2024-02-09 15:39:16.882 [main] SqmFunctionRegistry - Registering alternate key : datediff -> timestampdiff
[DEBUG] 2024-02-09 15:39:16.882 [main] SqmFunctionRegistry - Registered SqmFunctionTemplate [org.hibernate.dialect.function.CurrentFunction@6ea246af] under current_date; prior registration was null
[DEBUG] 2024-02-09 15:39:16.882 [main] SqmFunctionRegistry - Registered SqmFunctionTemplate [org.hibernate.dialect.function.CurrentFunction@2e4389ed] under current_time; prior registration was null
[DEBUG] 2024-02-09 15:39:16.882 [main] SqmFunctionRegistry - Registered SqmFunctionTemplate [org.hibernate.dialect.function.CurrentFunction@1b90fee4] under current_timestamp; prior registration was null
[DEBUG] 2024-02-09 15:39:16.882 [main] SqmFunctionRegistry - Registering alternate key : current date -> current_date
[DEBUG] 2024-02-09 15:39:16.882 [main] SqmFunctionRegistry - Registering alternate key : current time -> current_time
[DEBUG] 2024-02-09 15:39:16.882 [main] SqmFunctionRegistry - Registering alternate key : current timestamp -> current_timestamp
[DEBUG] 2024-02-09 15:39:16.882 [main] SqmFunctionRegistry - Registered SqmFunctionTemplate [org.hibernate.dialect.function.CurrentFunction@3513c84c] under local_date; prior registration was null
[DEBUG] 2024-02-09 15:39:16.882 [main] SqmFunctionRegistry - Registered SqmFunctionTemplate [org.hibernate.dialect.function.CurrentFunction@4978777f] under local_time; prior registration was null
[DEBUG] 2024-02-09 15:39:16.882 [main] SqmFunctionRegistry - Registered SqmFunctionTemplate [org.hibernate.dialect.function.CurrentFunction@7bc6935c] under local_datetime; prior registration was null
[DEBUG] 2024-02-09 15:39:16.882 [main] SqmFunctionRegistry - Registered SqmFunctionTemplate [org.hibernate.dialect.function.CurrentFunction@67bd351e] under offset_datetime; prior registration was null
[DEBUG] 2024-02-09 15:39:16.882 [main] SqmFunctionRegistry - Registering alternate key : local date -> local_date
[DEBUG] 2024-02-09 15:39:16.882 [main] SqmFunctionRegistry - Registering alternate key : local time -> local_time
[DEBUG] 2024-02-09 15:39:16.882 [main] SqmFunctionRegistry - Registering alternate key : local datetime -> local_datetime
[DEBUG] 2024-02-09 15:39:16.882 [main] SqmFunctionRegistry - Registering alternate key : offset datetime -> offset_datetime
[DEBUG] 2024-02-09 15:39:16.882 [main] SqmFunctionRegistry - Registered SqmFunctionTemplate [org.hibernate.dialect.function.CurrentFunction@4cc7d00d] under instant; prior registration was null
[DEBUG] 2024-02-09 15:39:16.882 [main] SqmFunctionRegistry - Registering alternate key : current_instant -> instant
[DEBUG] 2024-02-09 15:39:16.882 [main] SqmFunctionRegistry - Registered SqmFunctionTemplate [org.hibernate.dialect.function.SqlFunction@75b38c36] under sql; prior registration was null
[DEBUG] 2024-02-09 15:39:16.882 [main] SqmFunctionRegistry - Registered SqmFunctionTemplate [NamedSqmFunctionTemplate(soundex)] under soundex; prior registration was null
[DEBUG] 2024-02-09 15:39:16.882 [main] SqmFunctionRegistry - Registered SqmFunctionTemplate [NamedSqmFunctionTemplate(radians)] under radians; prior registration was null
[DEBUG] 2024-02-09 15:39:16.882 [main] SqmFunctionRegistry - Registered SqmFunctionTemplate [NamedSqmFunctionTemplate(degrees)] under degrees; prior registration was null
[DEBUG] 2024-02-09 15:39:16.882 [main] SqmFunctionRegistry - Registered SqmFunctionTemplate [NamedSqmFunctionTemplate(cot)] under cot; prior registration was null
[DEBUG] 2024-02-09 15:39:16.882 [main] SqmFunctionRegistry - Registered SqmFunctionTemplate [NamedSqmFunctionTemplate(log)] under log; prior registration was org.hibernate.query.sqm.function.PatternBasedSqmFunctionDescriptor@5a484ce1
[DEBUG] 2024-02-09 15:39:16.883 [main] SqmFunctionRegistry - Registered SqmFunctionTemplate [NamedSqmFunctionTemplate(log2)] under log2; prior registration was null
[DEBUG] 2024-02-09 15:39:16.883 [main] SqmFunctionRegistry - Registered SqmFunctionTemplate [NamedSqmFunctionTemplate(log10)] under log10; prior registration was null
[DEBUG] 2024-02-09 15:39:16.883 [main] SqmFunctionRegistry - Registered SqmFunctionTemplate [NamedSqmFunctionTemplate(ltrim)] under ltrim; prior registration was null
[DEBUG] 2024-02-09 15:39:16.883 [main] SqmFunctionRegistry - Registered SqmFunctionTemplate [NamedSqmFunctionTemplate(rtrim)] under rtrim; prior registration was null
[DEBUG] 2024-02-09 15:39:16.883 [main] SqmFunctionRegistry - Registered SqmFunctionTemplate [NamedSqmFunctionTemplate(octet_length)] under octet_length; prior registration was null
[DEBUG] 2024-02-09 15:39:16.883 [main] SqmFunctionRegistry - Registered SqmFunctionTemplate [NamedSqmFunctionTemplate(reverse)] under reverse; prior registration was null
[DEBUG] 2024-02-09 15:39:16.883 [main] SqmFunctionRegistry - Registered SqmFunctionTemplate [NamedSqmFunctionTemplate(space)] under space; prior registration was null
[DEBUG] 2024-02-09 15:39:16.883 [main] SqmFunctionRegistry - Registered SqmFunctionTemplate [NamedSqmFunctionTemplate(repeat)] under repeat; prior registration was null
[DEBUG] 2024-02-09 15:39:16.883 [main] SqmFunctionRegistry - Registered SqmFunctionTemplate [org.hibernate.query.sqm.function.MultipatternSqmFunctionDescriptor@7edb6fca] under lpad; prior registration was NamedSqmFunctionTemplate(lpad)
[DEBUG] 2024-02-09 15:39:16.883 [main] SqmFunctionRegistry - Registered SqmFunctionTemplate [org.hibernate.query.sqm.function.MultipatternSqmFunctionDescriptor@1dcedc93] under rpad; prior registration was NamedSqmFunctionTemplate(rpad)
[DEBUG] 2024-02-09 15:39:16.883 [main] SqmFunctionRegistry - Registered SqmFunctionTemplate [NamedSqmFunctionTemplate(md5)] under md5; prior registration was null
[DEBUG] 2024-02-09 15:39:16.883 [main] SqmFunctionRegistry - Registered SqmFunctionTemplate [NamedSqmFunctionTemplate(day)] under day; prior registration was null
[DEBUG] 2024-02-09 15:39:16.883 [main] SqmFunctionRegistry - Registered SqmFunctionTemplate [NamedSqmFunctionTemplate(month)] under month; prior registration was null
[DEBUG] 2024-02-09 15:39:16.883 [main] SqmFunctionRegistry - Registered SqmFunctionTemplate [NamedSqmFunctionTemplate(year)] under year; prior registration was null
[DEBUG] 2024-02-09 15:39:16.883 [main] SqmFunctionRegistry - Registered SqmFunctionTemplate [NamedSqmFunctionTemplate(hour)] under hour; prior registration was null
[DEBUG] 2024-02-09 15:39:16.883 [main] SqmFunctionRegistry - Registered SqmFunctionTemplate [NamedSqmFunctionTemplate(minute)] under minute; prior registration was null
[DEBUG] 2024-02-09 15:39:16.883 [main] SqmFunctionRegistry - Registered SqmFunctionTemplate [NamedSqmFunctionTemplate(second)] under second; prior registration was null
[DEBUG] 2024-02-09 15:39:16.883 [main] SqmFunctionRegistry - Registered SqmFunctionTemplate [NamedSqmFunctionTemplate(microsecond)] under microsecond; prior registration was null
[DEBUG] 2024-02-09 15:39:16.883 [main] SqmFunctionRegistry - Registered SqmFunctionTemplate [NamedSqmFunctionTemplate(dayofweek)] under dayofweek; prior registration was null
[DEBUG] 2024-02-09 15:39:16.883 [main] SqmFunctionRegistry - Registered SqmFunctionTemplate [NamedSqmFunctionTemplate(dayofmonth)] under dayofmonth; prior registration was null
[DEBUG] 2024-02-09 15:39:16.883 [main] SqmFunctionRegistry - Registering alternate key : day -> dayofmonth
[DEBUG] 2024-02-09 15:39:16.883 [main] SqmFunctionRegistry - Registered SqmFunctionTemplate [NamedSqmFunctionTemplate(dayofyear)] under dayofyear; prior registration was null
[DEBUG] 2024-02-09 15:39:16.883 [main] SqmFunctionRegistry - Registered SqmFunctionTemplate [NamedSqmFunctionTemplate(week)] under week; prior registration was null
[DEBUG] 2024-02-09 15:39:16.883 [main] SqmFunctionRegistry - Registered SqmFunctionTemplate [NamedSqmFunctionTemplate(quarter)] under quarter; prior registration was null
[DEBUG] 2024-02-09 15:39:16.883 [main] SqmFunctionRegistry - Registered SqmFunctionTemplate [NamedSqmFunctionTemplate(monthname)] under monthname; prior registration was null
[DEBUG] 2024-02-09 15:39:16.883 [main] SqmFunctionRegistry - Registered SqmFunctionTemplate [NamedSqmFunctionTemplate(dayname)] under dayname; prior registration was null
[DEBUG] 2024-02-09 15:39:16.883 [main] SqmFunctionRegistry - Registered SqmFunctionTemplate [NamedSqmFunctionTemplate(last_day)] under last_day; prior registration was null
[DEBUG] 2024-02-09 15:39:16.883 [main] SqmFunctionRegistry - Registered SqmFunctionTemplate [NamedSqmFunctionTemplate(date)] under date; prior registration was null
[DEBUG] 2024-02-09 15:39:16.883 [main] SqmFunctionRegistry - Registered SqmFunctionTemplate [NamedSqmFunctionTemplate(timestamp)] under timestamp; prior registration was null
[DEBUG] 2024-02-09 15:39:16.884 [main] SqmFunctionRegistry - Registered SqmFunctionTemplate [NamedSqmFunctionTemplate(time)] under time; prior registration was null
[DEBUG] 2024-02-09 15:39:16.884 [main] SqmFunctionRegistry - Registered SqmFunctionTemplate [NamedSqmFunctionTemplate(utc_date)] under utc_date; prior registration was null
[DEBUG] 2024-02-09 15:39:16.884 [main] SqmFunctionRegistry - Registered SqmFunctionTemplate [NamedSqmFunctionTemplate(utc_time)] under utc_time; prior registration was null
[DEBUG] 2024-02-09 15:39:16.884 [main] SqmFunctionRegistry - Registered SqmFunctionTemplate [NamedSqmFunctionTemplate(utc_timestamp)] under utc_timestamp; prior registration was null
[DEBUG] 2024-02-09 15:39:16.884 [main] SqmFunctionRegistry - Registered SqmFunctionTemplate [NamedSqmFunctionTemplate(rand)] under rand; prior registration was null
[DEBUG] 2024-02-09 15:39:16.884 [main] SqmFunctionRegistry - Registered SqmFunctionTemplate [NamedSqmFunctionTemplate(crc32)] under crc32; prior registration was null
[DEBUG] 2024-02-09 15:39:16.884 [main] SqmFunctionRegistry - Registered SqmFunctionTemplate [NamedSqmFunctionTemplate(sha1)] under sha1; prior registration was null
[DEBUG] 2024-02-09 15:39:16.884 [main] SqmFunctionRegistry - Registered SqmFunctionTemplate [NamedSqmFunctionTemplate(sha2)] under sha2; prior registration was null
[DEBUG] 2024-02-09 15:39:16.884 [main] SqmFunctionRegistry - Registered SqmFunctionTemplate [NamedSqmFunctionTemplate(sha)] under sha; prior registration was null
[DEBUG] 2024-02-09 15:39:16.884 [main] SqmFunctionRegistry - Registered SqmFunctionTemplate [NamedSqmFunctionTemplate(bit_length)] under bit_length; prior registration was null
[DEBUG] 2024-02-09 15:39:16.884 [main] SqmFunctionRegistry - Registered SqmFunctionTemplate [NamedSqmFunctionTemplate(octet_length)] under octet_length; prior registration was NamedSqmFunctionTemplate(octet_length)
[DEBUG] 2024-02-09 15:39:16.884 [main] SqmFunctionRegistry - Registered SqmFunctionTemplate [NamedSqmFunctionTemplate(ascii)] under ascii; prior registration was null
[DEBUG] 2024-02-09 15:39:16.884 [main] SqmFunctionRegistry - Registered SqmFunctionTemplate [NamedSqmFunctionTemplate(instr)] under instr; prior registration was null
[DEBUG] 2024-02-09 15:39:16.884 [main] SqmFunctionRegistry - Registered SqmFunctionTemplate [NamedSqmFunctionTemplate(substr)] under substr; prior registration was null
[DEBUG] 2024-02-09 15:39:16.884 [main] SqmFunctionRegistry - Registered SqmFunctionTemplate [org.hibernate.query.sqm.function.PatternBasedSqmFunctionDescriptor@716185fe] under position; prior registration was org.hibernate.dialect.function.LocatePositionEmulation@68b734a8
[DEBUG] 2024-02-09 15:39:16.884 [main] SqmFunctionRegistry - Registered SqmFunctionTemplate [NamedSqmFunctionTemplate(curtime)] under curtime; prior registration was null
[DEBUG] 2024-02-09 15:39:16.884 [main] SqmFunctionRegistry - Registered SqmFunctionTemplate [NamedSqmFunctionTemplate(curdate)] under curdate; prior registration was null
[DEBUG] 2024-02-09 15:39:16.884 [main] SqmFunctionRegistry - Registered SqmFunctionTemplate [NamedSqmFunctionTemplate(now)] under now; prior registration was null
[DEBUG] 2024-02-09 15:39:16.886 [main] SqmFunctionRegistry - Registered SqmFunctionTemplate [org.hibernate.dialect.function.TruncFunction@2272cbb0] under trunc; prior registration was null
[DEBUG] 2024-02-09 15:39:16.886 [main] SqmFunctionRegistry - Registering alternate key : truncate -> trunc
[DEBUG] 2024-02-09 15:39:16.886 [main] SqmFunctionRegistry - Registered SqmFunctionTemplate [NamedSqmFunctionTemplate(insert)] under insert; prior registration was null
[DEBUG] 2024-02-09 15:39:16.886 [main] SqmFunctionRegistry - Registered SqmFunctionTemplate [org.hibernate.query.sqm.function.PatternBasedSqmFunctionDescriptor@3f6f3cc] under bitand; prior registration was null
[DEBUG] 2024-02-09 15:39:16.886 [main] SqmFunctionRegistry - Registered SqmFunctionTemplate [org.hibernate.query.sqm.function.PatternBasedSqmFunctionDescriptor@180b3819] under bitor; prior registration was null
[DEBUG] 2024-02-09 15:39:16.886 [main] SqmFunctionRegistry - Registered SqmFunctionTemplate [org.hibernate.query.sqm.function.PatternBasedSqmFunctionDescriptor@733c464f] under bitxor; prior registration was null
[DEBUG] 2024-02-09 15:39:16.886 [main] SqmFunctionRegistry - Registered SqmFunctionTemplate [org.hibernate.query.sqm.function.PatternBasedSqmFunctionDescriptor@47272cd3] under bitnot; prior registration was null
[DEBUG] 2024-02-09 15:39:16.886 [main] SqmFunctionRegistry - Registered SqmFunctionTemplate [NamedSqmFunctionTemplate(bit_and)] under bit_and; prior registration was null
[DEBUG] 2024-02-09 15:39:16.886 [main] SqmFunctionRegistry - Registered SqmFunctionTemplate [NamedSqmFunctionTemplate(bit_or)] under bit_or; prior registration was null
[DEBUG] 2024-02-09 15:39:16.886 [main] SqmFunctionRegistry - Registered SqmFunctionTemplate [NamedSqmFunctionTemplate(stddev)] under stddev; prior registration was null
[DEBUG] 2024-02-09 15:39:16.886 [main] SqmFunctionRegistry - Registered SqmFunctionTemplate [NamedSqmFunctionTemplate(stddev_pop)] under stddev_pop; prior registration was null
[DEBUG] 2024-02-09 15:39:16.886 [main] SqmFunctionRegistry - Registered SqmFunctionTemplate [NamedSqmFunctionTemplate(stddev_samp)] under stddev_samp; prior registration was null
[DEBUG] 2024-02-09 15:39:16.886 [main] SqmFunctionRegistry - Registered SqmFunctionTemplate [NamedSqmFunctionTemplate(variance)] under variance; prior registration was null
[DEBUG] 2024-02-09 15:39:16.886 [main] SqmFunctionRegistry - Registered SqmFunctionTemplate [NamedSqmFunctionTemplate(var_pop)] under var_pop; prior registration was null
[DEBUG] 2024-02-09 15:39:16.887 [main] SqmFunctionRegistry - Registered SqmFunctionTemplate [NamedSqmFunctionTemplate(var_samp)] under var_samp; prior registration was null
[DEBUG] 2024-02-09 15:39:16.887 [main] SqmFunctionRegistry - Registered SqmFunctionTemplate [NamedSqmFunctionTemplate(datediff)] under datediff; prior registration was null
[DEBUG] 2024-02-09 15:39:16.887 [main] SqmFunctionRegistry - Registered SqmFunctionTemplate [NamedSqmFunctionTemplate(adddate)] under adddate; prior registration was null
[DEBUG] 2024-02-09 15:39:16.887 [main] SqmFunctionRegistry - Registered SqmFunctionTemplate [NamedSqmFunctionTemplate(subdate)] under subdate; prior registration was null
[DEBUG] 2024-02-09 15:39:16.887 [main] SqmFunctionRegistry - Registered SqmFunctionTemplate [NamedSqmFunctionTemplate(addtime)] under addtime; prior registration was null
[DEBUG] 2024-02-09 15:39:16.887 [main] SqmFunctionRegistry - Registered SqmFunctionTemplate [NamedSqmFunctionTemplate(subtime)] under subtime; prior registration was null
[DEBUG] 2024-02-09 15:39:16.887 [main] SqmFunctionRegistry - Registered SqmFunctionTemplate [org.hibernate.dialect.function.FormatFunction@73fbdf68] under format; prior registration was org.hibernate.dialect.function.FormatFunction@32f5ecc4
[DEBUG] 2024-02-09 15:39:16.887 [main] SqmFunctionRegistry - Registered SqmFunctionTemplate [NamedSqmFunctionTemplate(makedate)] under makedate; prior registration was null
[DEBUG] 2024-02-09 15:39:16.887 [main] SqmFunctionRegistry - Registered SqmFunctionTemplate [NamedSqmFunctionTemplate(maketime)] under maketime; prior registration was null
[DEBUG] 2024-02-09 15:39:16.887 [main] SqmFunctionRegistry - Registered SqmFunctionTemplate [NamedSqmFunctionTemplate(localtime)] under localtime; prior registration was null
[DEBUG] 2024-02-09 15:39:16.887 [main] SqmFunctionRegistry - Registered SqmFunctionTemplate [NamedSqmFunctionTemplate(localtimestamp)] under localtimestamp; prior registration was null
[DEBUG] 2024-02-09 15:39:16.887 [main] SqmFunctionRegistry - Registered SqmFunctionTemplate [NamedSqmFunctionTemplate(localtime)] under local_time; prior registration was org.hibernate.dialect.function.CurrentFunction@4978777f
[DEBUG] 2024-02-09 15:39:16.887 [main] SqmFunctionRegistry - Registered SqmFunctionTemplate [NamedSqmFunctionTemplate(localtimestamp)] under local_datetime; prior registration was org.hibernate.dialect.function.CurrentFunction@7bc6935c
[DEBUG] 2024-02-09 15:39:16.887 [main] SqmFunctionRegistry - Registered SqmFunctionTemplate [NamedSqmFunctionTemplate(localtime)] under localtime; prior registration was NamedSqmFunctionTemplate(localtime)
[DEBUG] 2024-02-09 15:39:16.887 [main] SqmFunctionRegistry - Registered SqmFunctionTemplate [org.hibernate.query.sqm.function.PatternBasedSqmFunctionDescriptor@32f1fafe] under pi; prior registration was org.hibernate.query.sqm.function.PatternBasedSqmFunctionDescriptor@66522ead
[DEBUG] 2024-02-09 15:39:16.887 [main] SqmFunctionRegistry - Registered SqmFunctionTemplate [org.hibernate.query.sqm.function.PatternBasedSqmFunctionDescriptor@236eccd1] under chr; prior registration was null
[DEBUG] 2024-02-09 15:39:16.887 [main] SqmFunctionRegistry - Registering alternate key : char -> chr
[DEBUG] 2024-02-09 15:39:16.887 [main] SqmFunctionRegistry - Registered SqmFunctionTemplate [org.hibernate.query.sqm.function.PatternBasedSqmFunctionDescriptor@5d512ddb] under sysdate; prior registration was null
[DEBUG] 2024-02-09 15:39:16.887 [main] SqmFunctionRegistry - Registered SqmFunctionTemplate [org.hibernate.dialect.function.ListaggGroupConcatEmulation@4c51077d] under listagg; prior registration was null
[DEBUG] 2024-02-09 15:39:16.889 [main] HQL_FUNCTIONS - abs(NUMERIC arg)
[DEBUG] 2024-02-09 15:39:16.889 [main] HQL_FUNCTIONS - Double acos(NUMERIC arg)
[DEBUG] 2024-02-09 15:39:16.889 [main] HQL_FUNCTIONS - adddate(DATE datetime, INTEGER days)
[DEBUG] 2024-02-09 15:39:16.889 [main] HQL_FUNCTIONS - addtime(TIME datetime, TIME time)
[DEBUG] 2024-02-09 15:39:16.889 [main] HQL_FUNCTIONS - Boolean any(BOOLEAN arg)
[DEBUG] 2024-02-09 15:39:16.889 [main] HQL_FUNCTIONS - Integer ascii(STRING arg)
[DEBUG] 2024-02-09 15:39:16.890 [main] HQL_FUNCTIONS - Double asin(NUMERIC arg)
[DEBUG] 2024-02-09 15:39:16.890 [main] HQL_FUNCTIONS - Double atan(NUMERIC arg)
[DEBUG] 2024-02-09 15:39:16.890 [main] HQL_FUNCTIONS - Double atan2(NUMERIC arg0, NUMERIC arg1)
[DEBUG] 2024-02-09 15:39:16.890 [main] HQL_FUNCTIONS - avg(arg)
[DEBUG] 2024-02-09 15:39:16.890 [main] HQL_FUNCTIONS - bit_and(arg)
[DEBUG] 2024-02-09 15:39:16.890 [main] HQL_FUNCTIONS - Integer bit_length(STRING_OR_CLOB arg)
[DEBUG] 2024-02-09 15:39:16.890 [main] HQL_FUNCTIONS - bit_or(arg)
[DEBUG] 2024-02-09 15:39:16.890 [main] HQL_FUNCTIONS - bitand(arg0, arg1)
[DEBUG] 2024-02-09 15:39:16.890 [main] HQL_FUNCTIONS - bitnot(arg)
[DEBUG] 2024-02-09 15:39:16.890 [main] HQL_FUNCTIONS - bitor(arg0, arg1)
[DEBUG] 2024-02-09 15:39:16.890 [main] HQL_FUNCTIONS - bitxor(arg0, arg1)
[DEBUG] 2024-02-09 15:39:16.890 [main] HQL_FUNCTIONS - cast(arg as Type)
[DEBUG] 2024-02-09 15:39:16.890 [main] HQL_FUNCTIONS - ceiling(NUMERIC arg)
[DEBUG] 2024-02-09 15:39:16.890 [main] HQL_FUNCTIONS - Character char(INTEGER arg)
[DEBUG] 2024-02-09 15:39:16.890 [main] HQL_FUNCTIONS - Integer character_length(STRING_OR_CLOB arg)
[DEBUG] 2024-02-09 15:39:16.890 [main] HQL_FUNCTIONS - Character chr(INTEGER arg)
[DEBUG] 2024-02-09 15:39:16.890 [main] HQL_FUNCTIONS - coalesce(arg0[, arg1[, ...]])
[DEBUG] 2024-02-09 15:39:16.890 [main] HQL_FUNCTIONS - String collate(STRING string as COLLATION collation)
[DEBUG] 2024-02-09 15:39:16.890 [main] HQL_FUNCTIONS - String concat(STRING string0[, STRING string1[, ...]])
[DEBUG] 2024-02-09 15:39:16.890 [main] HQL_FUNCTIONS - Double cos(NUMERIC arg)
[DEBUG] 2024-02-09 15:39:16.890 [main] HQL_FUNCTIONS - Double cosh(NUMERIC arg)
[DEBUG] 2024-02-09 15:39:16.890 [main] HQL_FUNCTIONS - Double cot(NUMERIC arg)
[DEBUG] 2024-02-09 15:39:16.890 [main] HQL_FUNCTIONS - Long count([distinct ]{arg|*})
[DEBUG] 2024-02-09 15:39:16.890 [main] HQL_FUNCTIONS - Integer crc32(arg)
[DEBUG] 2024-02-09 15:39:16.890 [main] HQL_FUNCTIONS - Date curdate()
[DEBUG] 2024-02-09 15:39:16.890 [main] HQL_FUNCTIONS - Date current date
[DEBUG] 2024-02-09 15:39:16.890 [main] HQL_FUNCTIONS - Time current time
[DEBUG] 2024-02-09 15:39:16.890 [main] HQL_FUNCTIONS - Timestamp current timestamp
[DEBUG] 2024-02-09 15:39:16.890 [main] HQL_FUNCTIONS - Date current_date
[DEBUG] 2024-02-09 15:39:16.890 [main] HQL_FUNCTIONS - Instant current_instant
[DEBUG] 2024-02-09 15:39:16.890 [main] HQL_FUNCTIONS - Time current_time
[DEBUG] 2024-02-09 15:39:16.890 [main] HQL_FUNCTIONS - Timestamp current_timestamp
[DEBUG] 2024-02-09 15:39:16.890 [main] HQL_FUNCTIONS - Time curtime()
[DEBUG] 2024-02-09 15:39:16.890 [main] HQL_FUNCTIONS - Date date(arg)
[DEBUG] 2024-02-09 15:39:16.890 [main] HQL_FUNCTIONS - dateadd(TEMPORAL_UNIT field, INTEGER magnitude, TEMPORAL datetime)
[DEBUG] 2024-02-09 15:39:16.890 [main] HQL_FUNCTIONS - Integer datediff(DATE end, DATE start)
[DEBUG] 2024-02-09 15:39:16.890 [main] HQL_FUNCTIONS - Integer day(DATE arg)
[DEBUG] 2024-02-09 15:39:16.890 [main] HQL_FUNCTIONS - String dayname(DATE arg)
[DEBUG] 2024-02-09 15:39:16.890 [main] HQL_FUNCTIONS - Integer dayofmonth(DATE arg)
[DEBUG] 2024-02-09 15:39:16.890 [main] HQL_FUNCTIONS - Integer dayofweek(DATE arg)
[DEBUG] 2024-02-09 15:39:16.890 [main] HQL_FUNCTIONS - Integer dayofyear(DATE arg)
[DEBUG] 2024-02-09 15:39:16.890 [main] HQL_FUNCTIONS - Double degrees(NUMERIC arg)
[DEBUG] 2024-02-09 15:39:16.890 [main] HQL_FUNCTIONS - Boolean every(BOOLEAN arg)
[DEBUG] 2024-02-09 15:39:16.890 [main] HQL_FUNCTIONS - Double exp(NUMERIC arg)
[DEBUG] 2024-02-09 15:39:16.890 [main] HQL_FUNCTIONS - extract(TEMPORAL_UNIT field from TEMPORAL arg)
[DEBUG] 2024-02-09 15:39:16.890 [main] HQL_FUNCTIONS - floor(NUMERIC arg)
[DEBUG] 2024-02-09 15:39:16.890 [main] HQL_FUNCTIONS - String format(TEMPORAL datetime as STRING pattern)
[DEBUG] 2024-02-09 15:39:16.890 [main] HQL_FUNCTIONS - greatest(COMPARABLE arg0, COMPARABLE arg1[, arg2[, ...]])
[DEBUG] 2024-02-09 15:39:16.890 [main] HQL_FUNCTIONS - Integer hour(TIME arg)
[DEBUG] 2024-02-09 15:39:16.890 [main] HQL_FUNCTIONS - ifnull(arg0, arg1)
[DEBUG] 2024-02-09 15:39:16.890 [main] HQL_FUNCTIONS - String insert(STRING string, INTEGER start, INTEGER length, STRING replacement)
[DEBUG] 2024-02-09 15:39:16.890 [main] HQL_FUNCTIONS - Instant instant
[DEBUG] 2024-02-09 15:39:16.890 [main] HQL_FUNCTIONS - Integer instr(STRING string, STRING pattern[, INTEGER start[, INTEGER occurrence]])
[DEBUG] 2024-02-09 15:39:16.890 [main] HQL_FUNCTIONS - Date last_day(DATE arg)
[DEBUG] 2024-02-09 15:39:16.890 [main] HQL_FUNCTIONS - least(COMPARABLE arg0, COMPARABLE arg1[, arg2[, ...]])
[DEBUG] 2024-02-09 15:39:16.890 [main] HQL_FUNCTIONS - String left(STRING string, INTEGER length)
[DEBUG] 2024-02-09 15:39:16.890 [main] HQL_FUNCTIONS - Integer length(STRING_OR_CLOB arg)
[DEBUG] 2024-02-09 15:39:16.890 [main] HQL_FUNCTIONS - String listagg(STRING arg0, STRING arg1)
[DEBUG] 2024-02-09 15:39:16.890 [main] HQL_FUNCTIONS - Double ln(NUMERIC arg)
[DEBUG] 2024-02-09 15:39:16.890 [main] HQL_FUNCTIONS - LocalDate local date
[DEBUG] 2024-02-09 15:39:16.890 [main] HQL_FUNCTIONS - LocalDateTime local datetime
[DEBUG] 2024-02-09 15:39:16.890 [main] HQL_FUNCTIONS - LocalTime local time
[DEBUG] 2024-02-09 15:39:16.890 [main] HQL_FUNCTIONS - LocalDate local_date
[DEBUG] 2024-02-09 15:39:16.890 [main] HQL_FUNCTIONS - LocalDateTime local_datetime
[DEBUG] 2024-02-09 15:39:16.890 [main] HQL_FUNCTIONS - LocalTime local_time
[DEBUG] 2024-02-09 15:39:16.891 [main] HQL_FUNCTIONS - Timestamp localtime
[DEBUG] 2024-02-09 15:39:16.891 [main] HQL_FUNCTIONS - Timestamp localtimestamp
[DEBUG] 2024-02-09 15:39:16.891 [main] HQL_FUNCTIONS - Integer locate(STRING pattern, STRING string[, INTEGER start])
[DEBUG] 2024-02-09 15:39:16.891 [main] HQL_FUNCTIONS - Double log(NUMERIC arg0[, NUMERIC arg1])
[DEBUG] 2024-02-09 15:39:16.891 [main] HQL_FUNCTIONS - Double log10(NUMERIC arg)
[DEBUG] 2024-02-09 15:39:16.891 [main] HQL_FUNCTIONS - Double log2(NUMERIC arg)
[DEBUG] 2024-02-09 15:39:16.891 [main] HQL_FUNCTIONS - String lower(STRING string)
[DEBUG] 2024-02-09 15:39:16.891 [main] HQL_FUNCTIONS - String lpad(string, length[, padding])
[DEBUG] 2024-02-09 15:39:16.891 [main] HQL_FUNCTIONS - String ltrim(STRING string[, STRING characters])
[DEBUG] 2024-02-09 15:39:16.891 [main] HQL_FUNCTIONS - Date makedate(INTEGER year, INTEGER dayofyear)
[DEBUG] 2024-02-09 15:39:16.891 [main] HQL_FUNCTIONS - Time maketime(INTEGER hour, INTEGER min, INTEGER sec)
[DEBUG] 2024-02-09 15:39:16.891 [main] HQL_FUNCTIONS - max(COMPARABLE arg)
[DEBUG] 2024-02-09 15:39:16.891 [main] HQL_FUNCTIONS - String md5(arg)
[DEBUG] 2024-02-09 15:39:16.891 [main] HQL_FUNCTIONS - Integer microsecond(TIME arg)
[DEBUG] 2024-02-09 15:39:16.891 [main] HQL_FUNCTIONS - min(COMPARABLE arg)
[DEBUG] 2024-02-09 15:39:16.891 [main] HQL_FUNCTIONS - Integer minute(TIME arg)
[DEBUG] 2024-02-09 15:39:16.891 [main] HQL_FUNCTIONS - Integer mod(INTEGER arg0, INTEGER arg1)
[DEBUG] 2024-02-09 15:39:16.891 [main] HQL_FUNCTIONS - Integer month(DATE arg)
[DEBUG] 2024-02-09 15:39:16.891 [main] HQL_FUNCTIONS - String monthname(DATE arg)
[DEBUG] 2024-02-09 15:39:16.891 [main] HQL_FUNCTIONS - Timestamp now()
[DEBUG] 2024-02-09 15:39:16.891 [main] HQL_FUNCTIONS - nullif(arg0, arg1)
[DEBUG] 2024-02-09 15:39:16.891 [main] HQL_FUNCTIONS - Integer octet_length(STRING_OR_CLOB arg)
[DEBUG] 2024-02-09 15:39:16.891 [main] HQL_FUNCTIONS - OffsetDateTime offset datetime
[DEBUG] 2024-02-09 15:39:16.891 [main] HQL_FUNCTIONS - OffsetDateTime offset_datetime
[DEBUG] 2024-02-09 15:39:16.891 [main] HQL_FUNCTIONS - String overlay(STRING string placing STRING replacement from INTEGER start[ for INTEGER length])
[DEBUG] 2024-02-09 15:39:16.891 [main] HQL_FUNCTIONS - String pad(STRING string with INTEGER length {leading|trailing}[ STRING character])
[DEBUG] 2024-02-09 15:39:16.891 [main] HQL_FUNCTIONS - Double pi
[DEBUG] 2024-02-09 15:39:16.891 [main] HQL_FUNCTIONS - Integer position(STRING pattern in STRING string)
[DEBUG] 2024-02-09 15:39:16.891 [main] HQL_FUNCTIONS - Double power(NUMERIC arg0, NUMERIC arg1)
[DEBUG] 2024-02-09 15:39:16.891 [main] HQL_FUNCTIONS - Integer quarter(DATE arg)
[DEBUG] 2024-02-09 15:39:16.891 [main] HQL_FUNCTIONS - Double radians(NUMERIC arg)
[DEBUG] 2024-02-09 15:39:16.891 [main] HQL_FUNCTIONS - Double rand([INTEGER seed])
[DEBUG] 2024-02-09 15:39:16.891 [main] HQL_FUNCTIONS - String repeat(STRING string, INTEGER times)
[DEBUG] 2024-02-09 15:39:16.891 [main] HQL_FUNCTIONS - String replace(STRING string, STRING pattern, STRING replacement)
[DEBUG] 2024-02-09 15:39:16.891 [main] HQL_FUNCTIONS - String reverse(STRING arg)
[DEBUG] 2024-02-09 15:39:16.891 [main] HQL_FUNCTIONS - String right(STRING string, INTEGER length)
[DEBUG] 2024-02-09 15:39:16.891 [main] HQL_FUNCTIONS - round(NUMERIC number[, INTEGER places])
[DEBUG] 2024-02-09 15:39:16.891 [main] HQL_FUNCTIONS - String rpad(string, length[, padding])
[DEBUG] 2024-02-09 15:39:16.891 [main] HQL_FUNCTIONS - String rtrim(STRING string[, STRING characters])
[DEBUG] 2024-02-09 15:39:16.891 [main] HQL_FUNCTIONS - Integer second(TIME arg)
[DEBUG] 2024-02-09 15:39:16.892 [main] HQL_FUNCTIONS - String sha(arg)
[DEBUG] 2024-02-09 15:39:16.892 [main] HQL_FUNCTIONS - String sha1(arg)
[DEBUG] 2024-02-09 15:39:16.892 [main] HQL_FUNCTIONS - String sha2(arg0, arg1)
[DEBUG] 2024-02-09 15:39:16.892 [main] HQL_FUNCTIONS - Integer sign(NUMERIC arg)
[DEBUG] 2024-02-09 15:39:16.892 [main] HQL_FUNCTIONS - Double sin(NUMERIC arg)
[DEBUG] 2024-02-09 15:39:16.892 [main] HQL_FUNCTIONS - Double sinh(NUMERIC arg)
[DEBUG] 2024-02-09 15:39:16.892 [main] HQL_FUNCTIONS - String soundex(arg)
[DEBUG] 2024-02-09 15:39:16.892 [main] HQL_FUNCTIONS - String space(INTEGER arg)
[DEBUG] 2024-02-09 15:39:16.892 [main] HQL_FUNCTIONS - Object sql
[DEBUG] 2024-02-09 15:39:16.892 [main] HQL_FUNCTIONS - Double sqrt(NUMERIC arg)
[DEBUG] 2024-02-09 15:39:16.892 [main] HQL_FUNCTIONS - Double stddev(NUMERIC arg)
[DEBUG] 2024-02-09 15:39:16.892 [main] HQL_FUNCTIONS - Double stddev_pop(NUMERIC arg)
[DEBUG] 2024-02-09 15:39:16.892 [main] HQL_FUNCTIONS - Double stddev_samp(NUMERIC arg)
[DEBUG] 2024-02-09 15:39:16.892 [main] HQL_FUNCTIONS - String str(arg)
[DEBUG] 2024-02-09 15:39:16.892 [main] HQL_FUNCTIONS - subdate(DATE datetime, INTEGER days)
[DEBUG] 2024-02-09 15:39:16.892 [main] HQL_FUNCTIONS - String substr(STRING string, INTEGER start[, INTEGER length])
[DEBUG] 2024-02-09 15:39:16.892 [main] HQL_FUNCTIONS - String substring(STRING string{ from|,} INTEGER start[{ for|,} INTEGER length])
[DEBUG] 2024-02-09 15:39:16.892 [main] HQL_FUNCTIONS - subtime(TIME datetime, TIME time)
[DEBUG] 2024-02-09 15:39:16.892 [main] HQL_FUNCTIONS - sum(arg)
[DEBUG] 2024-02-09 15:39:16.892 [main] HQL_FUNCTIONS - Timestamp sysdate()
[DEBUG] 2024-02-09 15:39:16.892 [main] HQL_FUNCTIONS - Double tan(NUMERIC arg)
[DEBUG] 2024-02-09 15:39:16.892 [main] HQL_FUNCTIONS - Double tanh(NUMERIC arg)
[DEBUG] 2024-02-09 15:39:16.892 [main] HQL_FUNCTIONS - String time(arg)
[DEBUG] 2024-02-09 15:39:16.892 [main] HQL_FUNCTIONS - Timestamp timestamp(arg0[, arg1])
[DEBUG] 2024-02-09 15:39:16.892 [main] HQL_FUNCTIONS - timestampadd(TEMPORAL_UNIT field, INTEGER magnitude, TEMPORAL datetime)
[DEBUG] 2024-02-09 15:39:16.892 [main] HQL_FUNCTIONS - basicType@14(java.lang.Long,-5)|basicType@17(java.lang.Double,8) timestampdiff(TEMPORAL_UNIT field, TEMPORAL start, TEMPORAL end)
[DEBUG] 2024-02-09 15:39:16.892 [main] HQL_FUNCTIONS - String trim([[{leading|trailing|both} ][STRING arg0 ]from] STRING arg1)
[DEBUG] 2024-02-09 15:39:16.892 [main] HQL_FUNCTIONS - trunc( ... )
[DEBUG] 2024-02-09 15:39:16.892 [main] HQL_FUNCTIONS - truncate( ... )
[DEBUG] 2024-02-09 15:39:16.892 [main] HQL_FUNCTIONS - String upper(STRING string)
[DEBUG] 2024-02-09 15:39:16.892 [main] HQL_FUNCTIONS - Date utc_date
[DEBUG] 2024-02-09 15:39:16.892 [main] HQL_FUNCTIONS - Time utc_time
[DEBUG] 2024-02-09 15:39:16.892 [main] HQL_FUNCTIONS - Timestamp utc_timestamp
[DEBUG] 2024-02-09 15:39:16.892 [main] HQL_FUNCTIONS - Double var_pop(NUMERIC arg)
[DEBUG] 2024-02-09 15:39:16.892 [main] HQL_FUNCTIONS - Double var_samp(NUMERIC arg)
[DEBUG] 2024-02-09 15:39:16.892 [main] HQL_FUNCTIONS - Double variance(NUMERIC arg)
[DEBUG] 2024-02-09 15:39:16.892 [main] HQL_FUNCTIONS - Integer week(DATE arg)
[DEBUG] 2024-02-09 15:39:16.892 [main] HQL_FUNCTIONS - Integer year(DATE arg)
[DEBUG] 2024-02-09 15:39:16.894 [main] cache - Starting QueryInterpretationCache(2048)
[DEBUG] 2024-02-09 15:39:16.954 [main] SessionFactoryServiceRegistryImpl - EventListenerRegistry access via ServiceRegistry is deprecated.  Use `sessionFactory.getEventEngine().getListenerRegistry()` instead
[DEBUG] 2024-02-09 15:39:16.954 [main] EntityCopyObserverFactoryInitiator - Configured EntityCopyObserver strategy: disallow
[DEBUG] 2024-02-09 15:39:17.006 [main] ClassLoaderAccessImpl - Not known whether passed class name [donationLog.entity.Donation] is safe
[DEBUG] 2024-02-09 15:39:17.006 [main] ClassLoaderAccessImpl - No temp ClassLoader provided; using live ClassLoader for loading potentially unsafe class : donationLog.entity.Donation
[DEBUG] 2024-02-09 15:39:17.098 [main] BytecodeProviderImpl - HHH000513: Unable to create the ReflectionOptimizer for [donationLog.entity.Donation]: private accessor [donationDate]
[DEBUG] 2024-02-09 15:39:17.132 [main] creation - Starting post-init callbacks
[DEBUG] 2024-02-09 15:39:17.132 [main] creation - Starting PostInitCallbackEntry : Entity(donationLog.entity.Donation) `staticFetchableList` generator
[DEBUG] 2024-02-09 15:39:17.173 [main] create - Created new SQL alias : d1_0
[DEBUG] 2024-02-09 15:39:17.175 [main] create - Registration of TableGroup [StandardTableGroup(donationLog.entity.Donation)] with identifierForTableGroup [donationLog.entity.Donation] for NavigablePath [donationLog.entity.Donation] 
[DEBUG] 2024-02-09 15:39:17.183 [main] AST - DomainResult Graph:
 \-EntityResultImpl [donationLog.entity.Donation]
 |  +-BasicFetch [donationLog.entity.Donation.donationDate]
 |  +-BasicFetch [donationLog.entity.Donation.donationType]
 |  +-BasicFetch [donationLog.entity.Donation.donationWeight]
 |  \-BasicFetch [donationLog.entity.Donation.donorName]

[DEBUG] 2024-02-09 15:39:17.188 [main] tree - SQL AST Tree:
    SelectStatement {
      FromClause {
        StandardTableGroup (d1 : donationLog.entity.Donation) {
          primaryTableReference : donations as d1_0
        }
      }
    }

[DEBUG] 2024-02-09 15:39:17.194 [main] AbstractEntityPersister - Static SQL for entity: donationLog.entity.Donation
[DEBUG] 2024-02-09 15:39:17.194 [main] AbstractEntityPersister -  Version select: select donationID from donations where donationID=?
[DEBUG] 2024-02-09 15:39:17.194 [main] AbstractEntityPersister -  Insert (0): insert into donations (donation_date,donation_type,donation_weight,donor_name) values (?,?,?,?)
[DEBUG] 2024-02-09 15:39:17.194 [main] AbstractEntityPersister -  Update (0): update donations set donation_date=?,donation_type=?,donation_weight=?,donor_name=? where donationID=?
[DEBUG] 2024-02-09 15:39:17.194 [main] AbstractEntityPersister -  Delete (0): delete from donations where donationID=?
[DEBUG] 2024-02-09 15:39:17.208 [main] JtaPlatformInitiator - No JtaPlatform was specified, checking resolver
[DEBUG] 2024-02-09 15:39:17.208 [main] JtaPlatformResolverInitiator - No JtaPlatformResolver was specified, using default [org.hibernate.engine.transaction.jta.platform.internal.StandardJtaPlatformResolver]
[DEBUG] 2024-02-09 15:39:17.209 [main] StandardJtaPlatformResolver - Could not resolve JtaPlatform, using default [org.hibernate.engine.transaction.jta.platform.internal.NoJtaPlatform]
[INFO ] 2024-02-09 15:39:17.210 [main] JtaPlatformInitiator - HHH000489: No JTA platform available (set 'hibernate.transaction.jta.platform' to enable JTA platform integration)
[DEBUG] 2024-02-09 15:39:17.210 [main] TypeConfiguration$Scope - Scoping TypeConfiguration [org.hibernate.type.spi.TypeConfiguration@ef1695a] to SessionFactoryImplementor [org.hibernate.internal.SessionFactoryImpl@781c2497]
[DEBUG] 2024-02-09 15:39:17.210 [main] NamedObjectRepository - Checking 0 named HQL queries
[DEBUG] 2024-02-09 15:39:17.210 [main] NamedObjectRepository - Checking 0 named SQL queries
[DEBUG] 2024-02-09 15:39:17.211 [main] SchemaManagementToolCoordinator - No schema actions specified for contributor `orm`; doing nothing
[DEBUG] 2024-02-09 15:39:17.211 [main] SchemaManagementToolCoordinator - No actions found; doing nothing
[DEBUG] 2024-02-09 15:39:17.212 [main] SessionFactoryRegistry - Initializing SessionFactoryRegistry : org.hibernate.internal.SessionFactoryRegistry@516195cf
[DEBUG] 2024-02-09 15:39:17.212 [main] SessionFactoryRegistry - Registering SessionFactory: c9af0933-d96a-40b3-810f-0d0eb4c8f062 (<unnamed>)
[DEBUG] 2024-02-09 15:39:17.212 [main] SessionFactoryRegistry - Not binding SessionFactory to JNDI, no JNDI name configured
[DEBUG] 2024-02-09 15:39:17.212 [main] SessionFactoryImpl - Instantiated SessionFactory
[DEBUG] 2024-02-09 15:39:17.233 [main] StatisticsInitiator - Statistics initialized [enabled=false]
[DEBUG] 2024-02-09 15:39:17.242 [main] exec - Skipping reading Query result cache data: cache-enabled = false, cache-mode = IGNORE
[DEBUG] 2024-02-09 15:39:17.247 [main] results - Initializer list:
	  donationLog.entity.Donation -> EntityResultInitializer(donationLog.entity.Donation)@203829039 (SingleTableEntityPersister(donationLog.entity.Donation))

[DEBUG] 2024-02-09 15:39:17.249 [main] SQL - select d1_0.donationID,d1_0.donation_date,d1_0.donation_type,d1_0.donation_weight,d1_0.donor_name from donations d1_0 where d1_0.donationID=?
[DEBUG] 2024-02-09 15:39:17.259 [main] entity - (EntityResultInitializer) Hydrated EntityKey (donationLog.entity.Donation): 9
[DEBUG] 2024-02-09 15:39:17.260 [main] entity - (EntityResultInitializer) Created new entity instance [donationLog.entity.Donation#9] : 1830261066
[DEBUG] 2024-02-09 15:39:17.260 [main] results - Extracted JDBC value [1] - [2024-02-09 00:00:00.0]
[DEBUG] 2024-02-09 15:39:17.261 [main] results - Extracted JDBC value [2] - [Frozen]
[DEBUG] 2024-02-09 15:39:17.261 [main] results - Extracted JDBC value [3] - [20]
[DEBUG] 2024-02-09 15:39:17.261 [main] results - Extracted JDBC value [4] - [Kwik Trip]
[DEBUG] 2024-02-09 15:39:17.263 [main] entity - (EntityResultInitializer) Done materializing entityInstance : donationLog.entity.Donation#9
[DEBUG] 2024-02-09 15:39:17.263 [main] loading - Calling top-level assembler (0 / 1) : org.hibernate.sql.results.graph.entity.internal.EntityAssembler@1bb96449
[DEBUG] 2024-02-09 15:39:17.264 [main] LogicalConnectionManagedImpl - Initiating JDBC connection release from afterTransaction
